[ 2017-05-23T11:31:22+08:00 ] ::1 /
INFO: [ app_init ] --START--
INFO: Run Behavior\BuildLiteBehavior [ RunTime:0.000010s ]
INFO: [ app_init ] --END-- [ RunTime:0.000532s ]
INFO: [ app_begin ] --START--
INFO: Run Behavior\ReadHtmlCacheBehavior [ RunTime:0.000732s ]
INFO: [ app_begin ] --END-- [ RunTime:0.000772s ]
SQL: SHOW COLUMNS FROM `isq_nav` [ RunTime:0.0050s ]
SQL: SELECT * FROM `isq_nav` WHERE `is_show` = 1 ORDER BY sort asc  [ RunTime:0.0003s ]
SQL: SHOW COLUMNS FROM `isq_config` [ RunTime:0.0037s ]
SQL: SELECT `conf_value` FROM `isq_config` WHERE `conf_name` = 'site_title' LIMIT 1   [ RunTime:0.0002s ]
SQL: SELECT `conf_value` FROM `isq_config` WHERE `conf_name` = 'site_keywords' LIMIT 1   [ RunTime:0.0001s ]
SQL: SELECT `conf_value` FROM `isq_config` WHERE `conf_name` = 'site_desc' LIMIT 1   [ RunTime:0.0001s ]
SQL: SHOW COLUMNS FROM `isq_friendlink` [ RunTime:0.0039s ]
SQL: SELECT * FROM `isq_friendlink`  [ RunTime:0.0002s ]
SQL: SHOW COLUMNS FROM `isq_adv` [ RunTime:0.0042s ]
SQL: SELECT * FROM `isq_adv` WHERE `id` = 1 LIMIT 1   [ RunTime:0.0002s ]
SQL: SELECT * FROM `isq_adv` WHERE `id` = 2 LIMIT 1   [ RunTime:0.0001s ]
SQL: SELECT * FROM `isq_adv` WHERE `id` = 3 LIMIT 1   [ RunTime:0.0001s ]
SQL: SELECT * FROM `isq_adv` WHERE `id` = 4 LIMIT 1   [ RunTime:0.0001s ]
NOTIC: [2048] Declaration of Common\Model\ArticleModel::check() should be compatible with Think\Model::check($value, $rule, $type = 'regex') D:\wamp\www\tpcms\Application\Common\Model\ArticleModel.class.php 第 107 行.
SQL: SHOW COLUMNS FROM `isq_article` [ RunTime:0.0051s ]
SQL: SELECT `article_id`,`title`,`titleimg`,`url`,`content` FROM isq_article a left join isq_category c on a.cate_id = c.cate_id  WHERE `status` = 1 AND `is_recommend` = 1 ORDER BY newstime desc LIMIT 6   [ RunTime:0.0074s ]
SQL: SELECT `article_id`,`title`,`url`,`cate_name` FROM isq_article a left join isq_category c on a.cate_id = c.cate_id  WHERE `status` = 1 AND a.cate_id NOT IN ('24','5','3','33','20','36') ORDER BY newstime desc LIMIT 18   [ RunTime:0.0015s ]
SQL: SELECT `article_id`,`title`,`url`,`titleimg`,`cate_name`,`content` FROM isq_article a left join isq_category c on a.cate_id = c.cate_id  WHERE `status` = 1 AND c.cate_id = '24' ORDER BY newstime desc LIMIT 6   [ RunTime:0.0005s ]
SQL: SELECT `article_id`,`title`,`url`,`titleimg` FROM isq_article a left join isq_category c on a.cate_id = c.cate_id  WHERE `status` = 1 AND a.cate_id = '5' ORDER BY newstime desc LIMIT 9   [ RunTime:0.0006s ]
SQL: SELECT `article_id`,`title`,`url`,`titleimg`,`content` FROM isq_article a left join isq_category c on a.cate_id = c.cate_id  WHERE `status` = 1 AND a.cate_id = '33' ORDER BY newstime desc LIMIT 4   [ RunTime:0.0004s ]
SQL: SELECT `article_id`,`title`,`url`,`titleimg`,`content` FROM isq_article a left join isq_category c on a.cate_id = c.cate_id  WHERE `status` = 1 AND a.cate_id = '20' ORDER BY newstime desc LIMIT 4   [ RunTime:0.0005s ]
SQL: SELECT `article_id`,`title`,`url`,`titleimg`,`content` FROM isq_article a left join isq_category c on a.cate_id = c.cate_id  WHERE `status` = 1 AND a.cate_id = '3' ORDER BY newstime desc LIMIT 9   [ RunTime:0.0007s ]
SQL: SELECT `article_id`,`url`,`titleimg` FROM isq_article a left join isq_category c on a.cate_id = c.cate_id  WHERE `status` = 1 AND a.cate_id = '36' ORDER BY newstime desc LIMIT 6   [ RunTime:0.0005s ]
SQL: SELECT `article_id`,`title`,`titleimg`,`newstime`,`synopsis`,`clicks`,`url`,`content`,`zan` FROM isq_article a left join isq_category c on a.cate_id = c.cate_id  WHERE `status` = 1 ORDER BY newstime desc LIMIT 10   [ RunTime:0.0006s ]
INFO: [ view_parse ] --START--
INFO: [ template_filter ] --START--
INFO: Run Behavior\ContentReplaceBehavior [ RunTime:0.000189s ]
INFO: [ template_filter ] --END-- [ RunTime:0.000230s ]
INFO: Run Behavior\ParseTemplateBehavior [ RunTime:0.034286s ]
INFO: [ view_parse ] --END-- [ RunTime:0.034326s ]
INFO: [ view_filter ] --START--
INFO: Run Behavior\WriteHtmlCacheBehavior [ RunTime:0.000597s ]
INFO: [ view_filter ] --END-- [ RunTime:0.000625s ]
INFO: [ app_end ] --START--
INFO: Run Behavior\ShowPageTraceBehavior [ RunTime:0.000931s ]
INFO: [ app_end ] --END-- [ RunTime:0.000975s ]

[ 2017-05-23T11:31:22+08:00 ] ::1 /Public/Home/css/bootstrap.min.css
INFO: [ app_init ] --START--
INFO: Run Behavior\BuildLiteBehavior [ RunTime:0.000012s ]
INFO: [ app_init ] --END-- [ RunTime:0.000490s ]
INFO: [ app_begin ] --START--
INFO: Run Behavior\ReadHtmlCacheBehavior [ RunTime:0.000495s ]
INFO: [ app_begin ] --END-- [ RunTime:0.000547s ]
ERR: 无法加载控制器:Public

[ 2017-05-23T11:31:23+08:00 ] ::1 /Public/Upload/pic/20170427030422.jpg
INFO: [ app_init ] --START--
INFO: Run Behavior\BuildLiteBehavior [ RunTime:0.000011s ]
INFO: [ app_init ] --END-- [ RunTime:0.000353s ]
INFO: [ app_begin ] --START--
INFO: Run Behavior\ReadHtmlCacheBehavior [ RunTime:0.000744s ]
INFO: [ app_begin ] --END-- [ RunTime:0.000823s ]
SQL: SHOW COLUMNS FROM `isq_nav` [ RunTime:0.0035s ]
SQL: SELECT * FROM `isq_nav` WHERE `is_show` = 1 ORDER BY sort asc  [ RunTime:0.0003s ]
NOTIC: [2048] Declaration of Common\Model\ArticleModel::check() should be compatible with Think\Model::check($value, $rule, $type = 'regex') D:\wamp\www\tpcms\Application\Common\Model\ArticleModel.class.php 第 107 行.
SQL: SHOW COLUMNS FROM `isq_article` [ RunTime:0.0069s ]
SQL: UPDATE `isq_article` SET `clicks`=clicks+5 WHERE `article_id` = 2147483647 [ RunTime:0.0009s ]
SQL: UPDATE `isq_article` SET `real_clicks`=real_clicks+1 WHERE `article_id` = 2147483647 [ RunTime:0.0005s ]
SQL: SELECT a.*,c.* FROM isq_article a left join isq_category c on a.cate_id = c.cate_id  WHERE `article_id` = '20170427030422' LIMIT 1   [ RunTime:0.0006s ]
SQL: SELECT `article_id`,`title`,`titleimg`,`newstime`,`url`,`clicks`,`zan` FROM isq_article a left join isq_category c on c.cate_id = a.cate_id  WHERE `status` = 1 AND `newstime` >= '2017-05-18' ORDER BY clicks desc LIMIT 11   [ RunTime:0.0010s ]
SQL: SELECT `article_id`,`titleimg`,`title`,`newstime`,`url`,`clicks`,`zan` FROM isq_article a left join isq_category c on a.cate_id = c.cate_id  WHERE `status` = 1 AND `article_id` <> '20170427030422' AND a.cate_id = null ORDER BY newstime desc LIMIT 6   [ RunTime:0.0011s ]
SQL: SELECT `article_id`,`titleimg`,`title`,`newstime`,`url`,`clicks`,`zan` FROM isq_article a left join isq_category c on a.cate_id = c.cate_id  WHERE `status` = '1' AND a.cate_id = null AND `article_id` <> '20170427030422' ORDER BY newstime desc LIMIT 6   [ RunTime:0.0010s ]
SQL: SELECT `article_id`,`titleimg`,`title`,`newstime`,`url`,`clicks`,`zan` FROM isq_article a left join isq_category c on a.cate_id = c.cate_id  WHERE `status` = '1' AND a.cate_id <> null ORDER BY newstime desc LIMIT 4   [ RunTime:0.0009s ]
INFO: [ view_parse ] --START--
INFO: [ template_filter ] --START--
INFO: Run Behavior\ContentReplaceBehavior [ RunTime:0.000125s ]
INFO: [ template_filter ] --END-- [ RunTime:0.000166s ]
INFO: Run Behavior\ParseTemplateBehavior [ RunTime:0.019814s ]
INFO: [ view_parse ] --END-- [ RunTime:0.019872s ]
INFO: [ view_filter ] --START--
INFO: Run Behavior\WriteHtmlCacheBehavior [ RunTime:0.000567s ]
INFO: [ view_filter ] --END-- [ RunTime:0.000638s ]
INFO: [ app_end ] --START--
INFO: Run Behavior\ShowPageTraceBehavior [ RunTime:0.000911s ]
INFO: [ app_end ] --END-- [ RunTime:0.000982s ]

[ 2017-05-23T11:31:23+08:00 ] ::1 /Public/Upload/pic/20170427030433.jpg
INFO: [ app_init ] --START--
INFO: Run Behavior\BuildLiteBehavior [ RunTime:0.000011s ]
INFO: [ app_init ] --END-- [ RunTime:0.002083s ]
INFO: [ app_begin ] --START--
INFO: Run Behavior\ReadHtmlCacheBehavior [ RunTime:0.002256s ]
INFO: [ app_begin ] --END-- [ RunTime:0.002317s ]
SQL: SHOW COLUMNS FROM `isq_nav` [ RunTime:0.0028s ]
SQL: SELECT * FROM `isq_nav` WHERE `is_show` = 1 ORDER BY sort asc  [ RunTime:0.0004s ]
NOTIC: [2048] Declaration of Common\Model\ArticleModel::check() should be compatible with Think\Model::check($value, $rule, $type = 'regex') D:\wamp\www\tpcms\Application\Common\Model\ArticleModel.class.php 第 107 行.
SQL: SHOW COLUMNS FROM `isq_article` [ RunTime:0.0028s ]
SQL: UPDATE `isq_article` SET `clicks`=clicks+1 WHERE `article_id` = 2147483647 [ RunTime:0.0002s ]
SQL: UPDATE `isq_article` SET `real_clicks`=real_clicks+1 WHERE `article_id` = 2147483647 [ RunTime:0.0009s ]
SQL: SELECT a.*,c.* FROM isq_article a left join isq_category c on a.cate_id = c.cate_id  WHERE `article_id` = '20170427030433' LIMIT 1   [ RunTime:0.0003s ]
SQL: SELECT `article_id`,`title`,`titleimg`,`newstime`,`url`,`clicks`,`zan` FROM isq_article a left join isq_category c on c.cate_id = a.cate_id  WHERE `status` = 1 AND `newstime` >= '2017-05-18' ORDER BY clicks desc LIMIT 11   [ RunTime:0.0007s ]
SQL: SELECT `article_id`,`titleimg`,`title`,`newstime`,`url`,`clicks`,`zan` FROM isq_article a left join isq_category c on a.cate_id = c.cate_id  WHERE `status` = 1 AND `article_id` <> '20170427030433' AND a.cate_id = null ORDER BY newstime desc LIMIT 6   [ RunTime:0.0006s ]
SQL: SELECT `article_id`,`titleimg`,`title`,`newstime`,`url`,`clicks`,`zan` FROM isq_article a left join isq_category c on a.cate_id = c.cate_id  WHERE `status` = '1' AND a.cate_id = null AND `article_id` <> '20170427030433' ORDER BY newstime desc LIMIT 6   [ RunTime:0.0006s ]
SQL: SELECT `article_id`,`titleimg`,`title`,`newstime`,`url`,`clicks`,`zan` FROM isq_article a left join isq_category c on a.cate_id = c.cate_id  WHERE `status` = '1' AND a.cate_id <> null ORDER BY newstime desc LIMIT 4   [ RunTime:0.0006s ]
INFO: [ view_parse ] --START--
INFO: [ template_filter ] --START--
INFO: Run Behavior\ContentReplaceBehavior [ RunTime:0.000117s ]
INFO: [ template_filter ] --END-- [ RunTime:0.000154s ]
INFO: Run Behavior\ParseTemplateBehavior [ RunTime:0.010153s ]
INFO: [ view_parse ] --END-- [ RunTime:0.010237s ]
INFO: [ view_filter ] --START--
INFO: Run Behavior\WriteHtmlCacheBehavior [ RunTime:0.000313s ]
INFO: [ view_filter ] --END-- [ RunTime:0.000341s ]
INFO: [ app_end ] --START--
INFO: Run Behavior\ShowPageTraceBehavior [ RunTime:0.000647s ]
INFO: [ app_end ] --END-- [ RunTime:0.000691s ]

[ 2017-05-23T11:31:23+08:00 ] ::1 /Public/Upload/pic/20170426090424.jpg
INFO: [ app_init ] --START--
INFO: Run Behavior\BuildLiteBehavior [ RunTime:0.000011s ]
INFO: [ app_init ] --END-- [ RunTime:0.001673s ]
INFO: [ app_begin ] --START--
INFO: Run Behavior\ReadHtmlCacheBehavior [ RunTime:0.001241s ]
INFO: [ app_begin ] --END-- [ RunTime:0.001292s ]
SQL: SHOW COLUMNS FROM `isq_nav` [ RunTime:0.0032s ]
SQL: SELECT * FROM `isq_nav` WHERE `is_show` = 1 ORDER BY sort asc  [ RunTime:0.0002s ]
NOTIC: [2048] Declaration of Common\Model\ArticleModel::check() should be compatible with Think\Model::check($value, $rule, $type = 'regex') D:\wamp\www\tpcms\Application\Common\Model\ArticleModel.class.php 第 107 行.
SQL: SHOW COLUMNS FROM `isq_article` [ RunTime:0.0032s ]
SQL: UPDATE `isq_article` SET `clicks`=clicks+6 WHERE `article_id` = 2147483647 [ RunTime:0.0003s ]
SQL: UPDATE `isq_article` SET `real_clicks`=real_clicks+1 WHERE `article_id` = 2147483647 [ RunTime:0.0002s ]
SQL: SELECT a.*,c.* FROM isq_article a left join isq_category c on a.cate_id = c.cate_id  WHERE `article_id` = '20170426090424' LIMIT 1   [ RunTime:0.0003s ]
SQL: SELECT `article_id`,`title`,`titleimg`,`newstime`,`url`,`clicks`,`zan` FROM isq_article a left join isq_category c on c.cate_id = a.cate_id  WHERE `status` = 1 AND `newstime` >= '2017-05-18' ORDER BY clicks desc LIMIT 11   [ RunTime:0.0006s ]
SQL: SELECT `article_id`,`titleimg`,`title`,`newstime`,`url`,`clicks`,`zan` FROM isq_article a left join isq_category c on a.cate_id = c.cate_id  WHERE `status` = 1 AND `article_id` <> '20170426090424' AND a.cate_id = null ORDER BY newstime desc LIMIT 6   [ RunTime:0.0007s ]
SQL: SELECT `article_id`,`titleimg`,`title`,`newstime`,`url`,`clicks`,`zan` FROM isq_article a left join isq_category c on a.cate_id = c.cate_id  WHERE `status` = '1' AND a.cate_id = null AND `article_id` <> '20170426090424' ORDER BY newstime desc LIMIT 6   [ RunTime:0.0008s ]
SQL: SELECT `article_id`,`titleimg`,`title`,`newstime`,`url`,`clicks`,`zan` FROM isq_article a left join isq_category c on a.cate_id = c.cate_id  WHERE `status` = '1' AND a.cate_id <> null ORDER BY newstime desc LIMIT 4   [ RunTime:0.0012s ]
INFO: [ view_parse ] --START--
INFO: [ template_filter ] --START--
INFO: Run Behavior\ContentReplaceBehavior [ RunTime:0.000115s ]
INFO: [ template_filter ] --END-- [ RunTime:0.000151s ]
INFO: Run Behavior\ParseTemplateBehavior [ RunTime:0.010576s ]
INFO: [ view_parse ] --END-- [ RunTime:0.010618s ]
INFO: [ view_filter ] --START--
INFO: Run Behavior\WriteHtmlCacheBehavior [ RunTime:0.000299s ]
INFO: [ view_filter ] --END-- [ RunTime:0.000325s ]
INFO: [ app_end ] --START--
INFO: Run Behavior\ShowPageTraceBehavior [ RunTime:0.000602s ]
INFO: [ app_end ] --END-- [ RunTime:0.000655s ]

[ 2017-05-23T11:31:23+08:00 ] ::1 /Public/Upload/pic/20170426100430.jpg
INFO: [ app_init ] --START--
INFO: Run Behavior\BuildLiteBehavior [ RunTime:0.000010s ]
INFO: [ app_init ] --END-- [ RunTime:0.000332s ]
INFO: [ app_begin ] --START--
INFO: Run Behavior\ReadHtmlCacheBehavior [ RunTime:0.000418s ]
INFO: [ app_begin ] --END-- [ RunTime:0.000461s ]
SQL: SHOW COLUMNS FROM `isq_nav` [ RunTime:0.0027s ]
SQL: SELECT * FROM `isq_nav` WHERE `is_show` = 1 ORDER BY sort asc  [ RunTime:0.0003s ]
NOTIC: [2048] Declaration of Common\Model\ArticleModel::check() should be compatible with Think\Model::check($value, $rule, $type = 'regex') D:\wamp\www\tpcms\Application\Common\Model\ArticleModel.class.php 第 107 行.
SQL: SHOW COLUMNS FROM `isq_article` [ RunTime:0.0028s ]
SQL: UPDATE `isq_article` SET `clicks`=clicks+10 WHERE `article_id` = 2147483647 [ RunTime:0.0002s ]
SQL: UPDATE `isq_article` SET `real_clicks`=real_clicks+1 WHERE `article_id` = 2147483647 [ RunTime:0.0001s ]
SQL: SELECT a.*,c.* FROM isq_article a left join isq_category c on a.cate_id = c.cate_id  WHERE `article_id` = '20170426100430' LIMIT 1   [ RunTime:0.0002s ]
SQL: SELECT `article_id`,`title`,`titleimg`,`newstime`,`url`,`clicks`,`zan` FROM isq_article a left join isq_category c on c.cate_id = a.cate_id  WHERE `status` = 1 AND `newstime` >= '2017-05-18' ORDER BY clicks desc LIMIT 11   [ RunTime:0.0005s ]
SQL: SELECT `article_id`,`titleimg`,`title`,`newstime`,`url`,`clicks`,`zan` FROM isq_article a left join isq_category c on a.cate_id = c.cate_id  WHERE `status` = 1 AND `article_id` <> '20170426100430' AND a.cate_id = null ORDER BY newstime desc LIMIT 6   [ RunTime:0.0005s ]
SQL: SELECT `article_id`,`titleimg`,`title`,`newstime`,`url`,`clicks`,`zan` FROM isq_article a left join isq_category c on a.cate_id = c.cate_id  WHERE `status` = '1' AND a.cate_id = null AND `article_id` <> '20170426100430' ORDER BY newstime desc LIMIT 6   [ RunTime:0.0006s ]
SQL: SELECT `article_id`,`titleimg`,`title`,`newstime`,`url`,`clicks`,`zan` FROM isq_article a left join isq_category c on a.cate_id = c.cate_id  WHERE `status` = '1' AND a.cate_id <> null ORDER BY newstime desc LIMIT 4   [ RunTime:0.0014s ]
INFO: [ view_parse ] --START--
INFO: [ template_filter ] --START--
INFO: Run Behavior\ContentReplaceBehavior [ RunTime:0.000118s ]
INFO: [ template_filter ] --END-- [ RunTime:0.000152s ]
INFO: Run Behavior\ParseTemplateBehavior [ RunTime:0.009745s ]
INFO: [ view_parse ] --END-- [ RunTime:0.009786s ]
INFO: [ view_filter ] --START--
INFO: Run Behavior\WriteHtmlCacheBehavior [ RunTime:0.000316s ]
INFO: [ view_filter ] --END-- [ RunTime:0.000343s ]
INFO: [ app_end ] --START--
INFO: Run Behavior\ShowPageTraceBehavior [ RunTime:0.000887s ]
INFO: [ app_end ] --END-- [ RunTime:0.000934s ]

[ 2017-05-23T11:31:23+08:00 ] ::1 /Public/Upload/pic/20170428100450.png
INFO: [ app_init ] --START--
INFO: Run Behavior\BuildLiteBehavior [ RunTime:0.000009s ]
INFO: [ app_init ] --END-- [ RunTime:0.002088s ]
INFO: [ app_begin ] --START--
INFO: Run Behavior\ReadHtmlCacheBehavior [ RunTime:0.000419s ]
INFO: [ app_begin ] --END-- [ RunTime:0.000467s ]
SQL: SHOW COLUMNS FROM `isq_nav` [ RunTime:0.0027s ]
SQL: SELECT * FROM `isq_nav` WHERE `is_show` = 1 ORDER BY sort asc  [ RunTime:0.0003s ]
NOTIC: [2048] Declaration of Common\Model\ArticleModel::check() should be compatible with Think\Model::check($value, $rule, $type = 'regex') D:\wamp\www\tpcms\Application\Common\Model\ArticleModel.class.php 第 107 行.
SQL: SHOW COLUMNS FROM `isq_article` [ RunTime:0.0049s ]
SQL: UPDATE `isq_article` SET `clicks`=clicks+4 WHERE `article_id` = 2147483647 [ RunTime:0.0002s ]
SQL: UPDATE `isq_article` SET `real_clicks`=real_clicks+1 WHERE `article_id` = 2147483647 [ RunTime:0.0001s ]
SQL: SELECT a.*,c.* FROM isq_article a left join isq_category c on a.cate_id = c.cate_id  WHERE `article_id` = '20170428100450' LIMIT 1   [ RunTime:0.0003s ]
SQL: SELECT `article_id`,`title`,`titleimg`,`newstime`,`url`,`clicks`,`zan` FROM isq_article a left join isq_category c on c.cate_id = a.cate_id  WHERE `status` = 1 AND `newstime` >= '2017-05-18' ORDER BY clicks desc LIMIT 11   [ RunTime:0.0007s ]
SQL: SELECT `article_id`,`titleimg`,`title`,`newstime`,`url`,`clicks`,`zan` FROM isq_article a left join isq_category c on a.cate_id = c.cate_id  WHERE `status` = 1 AND `article_id` <> '20170428100450' AND a.cate_id = null ORDER BY newstime desc LIMIT 6   [ RunTime:0.0005s ]
SQL: SELECT `article_id`,`titleimg`,`title`,`newstime`,`url`,`clicks`,`zan` FROM isq_article a left join isq_category c on a.cate_id = c.cate_id  WHERE `status` = '1' AND a.cate_id = null AND `article_id` <> '20170428100450' ORDER BY newstime desc LIMIT 6   [ RunTime:0.0010s ]
SQL: SELECT `article_id`,`titleimg`,`title`,`newstime`,`url`,`clicks`,`zan` FROM isq_article a left join isq_category c on a.cate_id = c.cate_id  WHERE `status` = '1' AND a.cate_id <> null ORDER BY newstime desc LIMIT 4   [ RunTime:0.0008s ]
INFO: [ view_parse ] --START--
INFO: [ template_filter ] --START--
INFO: Run Behavior\ContentReplaceBehavior [ RunTime:0.000160s ]
INFO: [ template_filter ] --END-- [ RunTime:0.000219s ]
INFO: Run Behavior\ParseTemplateBehavior [ RunTime:0.009787s ]
INFO: [ view_parse ] --END-- [ RunTime:0.009832s ]
INFO: [ view_filter ] --START--
INFO: Run Behavior\WriteHtmlCacheBehavior [ RunTime:0.000298s ]
INFO: [ view_filter ] --END-- [ RunTime:0.000325s ]
INFO: [ app_end ] --START--
INFO: Run Behavior\ShowPageTraceBehavior [ RunTime:0.000943s ]
INFO: [ app_end ] --END-- [ RunTime:0.000997s ]

[ 2017-05-23T11:31:23+08:00 ] ::1 /Public/Upload/pic/20170426100450.jpg
INFO: [ app_init ] --START--
INFO: Run Behavior\BuildLiteBehavior [ RunTime:0.000011s ]
INFO: [ app_init ] --END-- [ RunTime:0.000316s ]
INFO: [ app_begin ] --START--
INFO: Run Behavior\ReadHtmlCacheBehavior [ RunTime:0.000436s ]
INFO: [ app_begin ] --END-- [ RunTime:0.000481s ]
SQL: SHOW COLUMNS FROM `isq_nav` [ RunTime:0.0030s ]
SQL: SELECT * FROM `isq_nav` WHERE `is_show` = 1 ORDER BY sort asc  [ RunTime:0.0003s ]
NOTIC: [2048] Declaration of Common\Model\ArticleModel::check() should be compatible with Think\Model::check($value, $rule, $type = 'regex') D:\wamp\www\tpcms\Application\Common\Model\ArticleModel.class.php 第 107 行.
SQL: SHOW COLUMNS FROM `isq_article` [ RunTime:0.0039s ]
SQL: UPDATE `isq_article` SET `clicks`=clicks+4 WHERE `article_id` = 2147483647 [ RunTime:0.0002s ]
SQL: UPDATE `isq_article` SET `real_clicks`=real_clicks+1 WHERE `article_id` = 2147483647 [ RunTime:0.0001s ]
SQL: SELECT a.*,c.* FROM isq_article a left join isq_category c on a.cate_id = c.cate_id  WHERE `article_id` = '20170426100450' LIMIT 1   [ RunTime:0.0002s ]
SQL: SELECT `article_id`,`title`,`titleimg`,`newstime`,`url`,`clicks`,`zan` FROM isq_article a left join isq_category c on c.cate_id = a.cate_id  WHERE `status` = 1 AND `newstime` >= '2017-05-18' ORDER BY clicks desc LIMIT 11   [ RunTime:0.0006s ]
SQL: SELECT `article_id`,`titleimg`,`title`,`newstime`,`url`,`clicks`,`zan` FROM isq_article a left join isq_category c on a.cate_id = c.cate_id  WHERE `status` = 1 AND `article_id` <> '20170426100450' AND a.cate_id = null ORDER BY newstime desc LIMIT 6   [ RunTime:0.0006s ]
SQL: SELECT `article_id`,`titleimg`,`title`,`newstime`,`url`,`clicks`,`zan` FROM isq_article a left join isq_category c on a.cate_id = c.cate_id  WHERE `status` = '1' AND a.cate_id = null AND `article_id` <> '20170426100450' ORDER BY newstime desc LIMIT 6   [ RunTime:0.0005s ]
SQL: SELECT `article_id`,`titleimg`,`title`,`newstime`,`url`,`clicks`,`zan` FROM isq_article a left join isq_category c on a.cate_id = c.cate_id  WHERE `status` = '1' AND a.cate_id <> null ORDER BY newstime desc LIMIT 4   [ RunTime:0.0006s ]
INFO: [ view_parse ] --START--
INFO: [ template_filter ] --START--
INFO: Run Behavior\ContentReplaceBehavior [ RunTime:0.000115s ]
INFO: [ template_filter ] --END-- [ RunTime:0.000151s ]
INFO: Run Behavior\ParseTemplateBehavior [ RunTime:0.011119s ]
INFO: [ view_parse ] --END-- [ RunTime:0.011163s ]
INFO: [ view_filter ] --START--
INFO: Run Behavior\WriteHtmlCacheBehavior [ RunTime:0.000581s ]
INFO: [ view_filter ] --END-- [ RunTime:0.000613s ]
INFO: [ app_end ] --START--
INFO: Run Behavior\ShowPageTraceBehavior [ RunTime:0.000750s ]
INFO: [ app_end ] --END-- [ RunTime:0.000795s ]

[ 2017-05-23T11:31:23+08:00 ] ::1 /Public/Upload/pic/20170425020451.jpg
INFO: [ app_init ] --START--
INFO: Run Behavior\BuildLiteBehavior [ RunTime:0.000011s ]
INFO: [ app_init ] --END-- [ RunTime:0.000433s ]
INFO: [ app_begin ] --START--
INFO: Run Behavior\ReadHtmlCacheBehavior [ RunTime:0.000465s ]
INFO: [ app_begin ] --END-- [ RunTime:0.000507s ]
SQL: SHOW COLUMNS FROM `isq_nav` [ RunTime:0.0038s ]
SQL: SELECT * FROM `isq_nav` WHERE `is_show` = 1 ORDER BY sort asc  [ RunTime:0.0004s ]
NOTIC: [2048] Declaration of Common\Model\ArticleModel::check() should be compatible with Think\Model::check($value, $rule, $type = 'regex') D:\wamp\www\tpcms\Application\Common\Model\ArticleModel.class.php 第 107 行.
SQL: SHOW COLUMNS FROM `isq_article` [ RunTime:0.0052s ]
SQL: UPDATE `isq_article` SET `clicks`=clicks+5 WHERE `article_id` = 2147483647 [ RunTime:0.0002s ]
SQL: UPDATE `isq_article` SET `real_clicks`=real_clicks+1 WHERE `article_id` = 2147483647 [ RunTime:0.0018s ]
SQL: SELECT a.*,c.* FROM isq_article a left join isq_category c on a.cate_id = c.cate_id  WHERE `article_id` = '20170425020451' LIMIT 1   [ RunTime:0.0003s ]
SQL: SELECT `article_id`,`title`,`titleimg`,`newstime`,`url`,`clicks`,`zan` FROM isq_article a left join isq_category c on c.cate_id = a.cate_id  WHERE `status` = 1 AND `newstime` >= '2017-05-18' ORDER BY clicks desc LIMIT 11   [ RunTime:0.0006s ]
SQL: SELECT `article_id`,`titleimg`,`title`,`newstime`,`url`,`clicks`,`zan` FROM isq_article a left join isq_category c on a.cate_id = c.cate_id  WHERE `status` = 1 AND `article_id` <> '20170425020451' AND a.cate_id = null ORDER BY newstime desc LIMIT 6   [ RunTime:0.0007s ]
SQL: SELECT `article_id`,`titleimg`,`title`,`newstime`,`url`,`clicks`,`zan` FROM isq_article a left join isq_category c on a.cate_id = c.cate_id  WHERE `status` = '1' AND a.cate_id = null AND `article_id` <> '20170425020451' ORDER BY newstime desc LIMIT 6   [ RunTime:0.0014s ]
SQL: SELECT `article_id`,`titleimg`,`title`,`newstime`,`url`,`clicks`,`zan` FROM isq_article a left join isq_category c on a.cate_id = c.cate_id  WHERE `status` = '1' AND a.cate_id <> null ORDER BY newstime desc LIMIT 4   [ RunTime:0.0011s ]
INFO: [ view_parse ] --START--
INFO: [ template_filter ] --START--
INFO: Run Behavior\ContentReplaceBehavior [ RunTime:0.000114s ]
INFO: [ template_filter ] --END-- [ RunTime:0.000146s ]
INFO: Run Behavior\ParseTemplateBehavior [ RunTime:0.010261s ]
INFO: [ view_parse ] --END-- [ RunTime:0.010304s ]
INFO: [ view_filter ] --START--
INFO: Run Behavior\WriteHtmlCacheBehavior [ RunTime:0.000301s ]
INFO: [ view_filter ] --END-- [ RunTime:0.000326s ]
INFO: [ app_end ] --START--
INFO: Run Behavior\ShowPageTraceBehavior [ RunTime:0.000777s ]
INFO: [ app_end ] --END-- [ RunTime:0.000820s ]

[ 2017-05-23T11:31:23+08:00 ] ::1 /Public/Upload/pic/20170426020453.jpg
INFO: [ app_init ] --START--
INFO: Run Behavior\BuildLiteBehavior [ RunTime:0.000010s ]
INFO: [ app_init ] --END-- [ RunTime:0.000375s ]
INFO: [ app_begin ] --START--
INFO: Run Behavior\ReadHtmlCacheBehavior [ RunTime:0.000371s ]
INFO: [ app_begin ] --END-- [ RunTime:0.000410s ]
SQL: SHOW COLUMNS FROM `isq_nav` [ RunTime:0.0037s ]
SQL: SELECT * FROM `isq_nav` WHERE `is_show` = 1 ORDER BY sort asc  [ RunTime:0.0010s ]
NOTIC: [2048] Declaration of Common\Model\ArticleModel::check() should be compatible with Think\Model::check($value, $rule, $type = 'regex') D:\wamp\www\tpcms\Application\Common\Model\ArticleModel.class.php 第 107 行.
SQL: SHOW COLUMNS FROM `isq_article` [ RunTime:0.0048s ]
SQL: UPDATE `isq_article` SET `clicks`=clicks+2 WHERE `article_id` = 2147483647 [ RunTime:0.0003s ]
SQL: UPDATE `isq_article` SET `real_clicks`=real_clicks+1 WHERE `article_id` = 2147483647 [ RunTime:0.0003s ]
SQL: SELECT a.*,c.* FROM isq_article a left join isq_category c on a.cate_id = c.cate_id  WHERE `article_id` = '20170426020453' LIMIT 1   [ RunTime:0.0003s ]
SQL: SELECT `article_id`,`title`,`titleimg`,`newstime`,`url`,`clicks`,`zan` FROM isq_article a left join isq_category c on c.cate_id = a.cate_id  WHERE `status` = 1 AND `newstime` >= '2017-05-18' ORDER BY clicks desc LIMIT 11   [ RunTime:0.0005s ]
SQL: SELECT `article_id`,`titleimg`,`title`,`newstime`,`url`,`clicks`,`zan` FROM isq_article a left join isq_category c on a.cate_id = c.cate_id  WHERE `status` = 1 AND `article_id` <> '20170426020453' AND a.cate_id = null ORDER BY newstime desc LIMIT 6   [ RunTime:0.0005s ]
SQL: SELECT `article_id`,`titleimg`,`title`,`newstime`,`url`,`clicks`,`zan` FROM isq_article a left join isq_category c on a.cate_id = c.cate_id  WHERE `status` = '1' AND a.cate_id = null AND `article_id` <> '20170426020453' ORDER BY newstime desc LIMIT 6   [ RunTime:0.0004s ]
SQL: SELECT `article_id`,`titleimg`,`title`,`newstime`,`url`,`clicks`,`zan` FROM isq_article a left join isq_category c on a.cate_id = c.cate_id  WHERE `status` = '1' AND a.cate_id <> null ORDER BY newstime desc LIMIT 4   [ RunTime:0.0005s ]
INFO: [ view_parse ] --START--
INFO: [ template_filter ] --START--
INFO: Run Behavior\ContentReplaceBehavior [ RunTime:0.000114s ]
INFO: [ template_filter ] --END-- [ RunTime:0.000144s ]
INFO: Run Behavior\ParseTemplateBehavior [ RunTime:0.008362s ]
INFO: [ view_parse ] --END-- [ RunTime:0.008398s ]
INFO: [ view_filter ] --START--
INFO: Run Behavior\WriteHtmlCacheBehavior [ RunTime:0.000222s ]
INFO: [ view_filter ] --END-- [ RunTime:0.000335s ]
INFO: [ app_end ] --START--
INFO: Run Behavior\ShowPageTraceBehavior [ RunTime:0.000888s ]
INFO: [ app_end ] --END-- [ RunTime:0.001009s ]

[ 2017-05-23T11:31:23+08:00 ] ::1 /Public/Upload/pic/20170426020428.jpg
INFO: [ app_init ] --START--
INFO: Run Behavior\BuildLiteBehavior [ RunTime:0.000011s ]
INFO: [ app_init ] --END-- [ RunTime:0.000302s ]
INFO: [ app_begin ] --START--
INFO: Run Behavior\ReadHtmlCacheBehavior [ RunTime:0.000472s ]
INFO: [ app_begin ] --END-- [ RunTime:0.000510s ]
SQL: SHOW COLUMNS FROM `isq_nav` [ RunTime:0.0039s ]
SQL: SELECT * FROM `isq_nav` WHERE `is_show` = 1 ORDER BY sort asc  [ RunTime:0.0003s ]
NOTIC: [2048] Declaration of Common\Model\ArticleModel::check() should be compatible with Think\Model::check($value, $rule, $type = 'regex') D:\wamp\www\tpcms\Application\Common\Model\ArticleModel.class.php 第 107 行.
SQL: SHOW COLUMNS FROM `isq_article` [ RunTime:0.0032s ]
SQL: UPDATE `isq_article` SET `clicks`=clicks+3 WHERE `article_id` = 2147483647 [ RunTime:0.0001s ]
SQL: UPDATE `isq_article` SET `real_clicks`=real_clicks+1 WHERE `article_id` = 2147483647 [ RunTime:0.0001s ]
SQL: SELECT a.*,c.* FROM isq_article a left join isq_category c on a.cate_id = c.cate_id  WHERE `article_id` = '20170426020428' LIMIT 1   [ RunTime:0.0002s ]
SQL: SELECT `article_id`,`title`,`titleimg`,`newstime`,`url`,`clicks`,`zan` FROM isq_article a left join isq_category c on c.cate_id = a.cate_id  WHERE `status` = 1 AND `newstime` >= '2017-05-18' ORDER BY clicks desc LIMIT 11   [ RunTime:0.0005s ]
SQL: SELECT `article_id`,`titleimg`,`title`,`newstime`,`url`,`clicks`,`zan` FROM isq_article a left join isq_category c on a.cate_id = c.cate_id  WHERE `status` = 1 AND `article_id` <> '20170426020428' AND a.cate_id = null ORDER BY newstime desc LIMIT 6   [ RunTime:0.0004s ]
SQL: SELECT `article_id`,`titleimg`,`title`,`newstime`,`url`,`clicks`,`zan` FROM isq_article a left join isq_category c on a.cate_id = c.cate_id  WHERE `status` = '1' AND a.cate_id = null AND `article_id` <> '20170426020428' ORDER BY newstime desc LIMIT 6   [ RunTime:0.0004s ]
SQL: SELECT `article_id`,`titleimg`,`title`,`newstime`,`url`,`clicks`,`zan` FROM isq_article a left join isq_category c on a.cate_id = c.cate_id  WHERE `status` = '1' AND a.cate_id <> null ORDER BY newstime desc LIMIT 4   [ RunTime:0.0005s ]
INFO: [ view_parse ] --START--
INFO: [ template_filter ] --START--
INFO: Run Behavior\ContentReplaceBehavior [ RunTime:0.000112s ]
INFO: [ template_filter ] --END-- [ RunTime:0.000146s ]
INFO: Run Behavior\ParseTemplateBehavior [ RunTime:0.008402s ]
INFO: [ view_parse ] --END-- [ RunTime:0.008437s ]
INFO: [ view_filter ] --START--
INFO: Run Behavior\WriteHtmlCacheBehavior [ RunTime:0.000224s ]
INFO: [ view_filter ] --END-- [ RunTime:0.000250s ]
INFO: [ app_end ] --START--
INFO: Run Behavior\ShowPageTraceBehavior [ RunTime:0.001116s ]
INFO: [ app_end ] --END-- [ RunTime:0.001159s ]

[ 2017-05-23T11:31:23+08:00 ] ::1 /Public/Upload/pic/20170426020416.jpg
INFO: [ app_init ] --START--
INFO: Run Behavior\BuildLiteBehavior [ RunTime:0.000017s ]
INFO: [ app_init ] --END-- [ RunTime:0.000340s ]
INFO: [ app_begin ] --START--
INFO: Run Behavior\ReadHtmlCacheBehavior [ RunTime:0.003639s ]
INFO: [ app_begin ] --END-- [ RunTime:0.003689s ]
SQL: SHOW COLUMNS FROM `isq_nav` [ RunTime:0.0034s ]
SQL: SELECT * FROM `isq_nav` WHERE `is_show` = 1 ORDER BY sort asc  [ RunTime:0.0003s ]
NOTIC: [2048] Declaration of Common\Model\ArticleModel::check() should be compatible with Think\Model::check($value, $rule, $type = 'regex') D:\wamp\www\tpcms\Application\Common\Model\ArticleModel.class.php 第 107 行.
SQL: SHOW COLUMNS FROM `isq_article` [ RunTime:0.0029s ]
SQL: UPDATE `isq_article` SET `clicks`=clicks+6 WHERE `article_id` = 2147483647 [ RunTime:0.0001s ]
SQL: UPDATE `isq_article` SET `real_clicks`=real_clicks+1 WHERE `article_id` = 2147483647 [ RunTime:0.0001s ]
SQL: SELECT a.*,c.* FROM isq_article a left join isq_category c on a.cate_id = c.cate_id  WHERE `article_id` = '20170426020416' LIMIT 1   [ RunTime:0.0002s ]
SQL: SELECT `article_id`,`title`,`titleimg`,`newstime`,`url`,`clicks`,`zan` FROM isq_article a left join isq_category c on c.cate_id = a.cate_id  WHERE `status` = 1 AND `newstime` >= '2017-05-18' ORDER BY clicks desc LIMIT 11   [ RunTime:0.0004s ]
SQL: SELECT `article_id`,`titleimg`,`title`,`newstime`,`url`,`clicks`,`zan` FROM isq_article a left join isq_category c on a.cate_id = c.cate_id  WHERE `status` = 1 AND `article_id` <> '20170426020416' AND a.cate_id = null ORDER BY newstime desc LIMIT 6   [ RunTime:0.0004s ]
SQL: SELECT `article_id`,`titleimg`,`title`,`newstime`,`url`,`clicks`,`zan` FROM isq_article a left join isq_category c on a.cate_id = c.cate_id  WHERE `status` = '1' AND a.cate_id = null AND `article_id` <> '20170426020416' ORDER BY newstime desc LIMIT 6   [ RunTime:0.0004s ]
SQL: SELECT `article_id`,`titleimg`,`title`,`newstime`,`url`,`clicks`,`zan` FROM isq_article a left join isq_category c on a.cate_id = c.cate_id  WHERE `status` = '1' AND a.cate_id <> null ORDER BY newstime desc LIMIT 4   [ RunTime:0.0004s ]
INFO: [ view_parse ] --START--
INFO: [ template_filter ] --START--
INFO: Run Behavior\ContentReplaceBehavior [ RunTime:0.000112s ]
INFO: [ template_filter ] --END-- [ RunTime:0.000144s ]
INFO: Run Behavior\ParseTemplateBehavior [ RunTime:0.008794s ]
INFO: [ view_parse ] --END-- [ RunTime:0.008835s ]
INFO: [ view_filter ] --START--
INFO: Run Behavior\WriteHtmlCacheBehavior [ RunTime:0.000303s ]
INFO: [ view_filter ] --END-- [ RunTime:0.000332s ]
INFO: [ app_end ] --START--
INFO: Run Behavior\ShowPageTraceBehavior [ RunTime:0.000683s ]
INFO: [ app_end ] --END-- [ RunTime:0.000729s ]

[ 2017-05-23T11:31:23+08:00 ] ::1 /Public/Upload/pic/20170427010417.jpg
INFO: [ app_init ] --START--
INFO: Run Behavior\BuildLiteBehavior [ RunTime:0.000012s ]
INFO: [ app_init ] --END-- [ RunTime:0.000398s ]
INFO: [ app_begin ] --START--
INFO: Run Behavior\ReadHtmlCacheBehavior [ RunTime:0.000447s ]
INFO: [ app_begin ] --END-- [ RunTime:0.000491s ]
SQL: SHOW COLUMNS FROM `isq_nav` [ RunTime:0.0039s ]
SQL: SELECT * FROM `isq_nav` WHERE `is_show` = 1 ORDER BY sort asc  [ RunTime:0.0002s ]
NOTIC: [2048] Declaration of Common\Model\ArticleModel::check() should be compatible with Think\Model::check($value, $rule, $type = 'regex') D:\wamp\www\tpcms\Application\Common\Model\ArticleModel.class.php 第 107 行.
SQL: SHOW COLUMNS FROM `isq_article` [ RunTime:0.0031s ]
SQL: UPDATE `isq_article` SET `clicks`=clicks+8 WHERE `article_id` = 2147483647 [ RunTime:0.0001s ]
SQL: UPDATE `isq_article` SET `real_clicks`=real_clicks+1 WHERE `article_id` = 2147483647 [ RunTime:0.0001s ]
SQL: SELECT a.*,c.* FROM isq_article a left join isq_category c on a.cate_id = c.cate_id  WHERE `article_id` = '20170427010417' LIMIT 1   [ RunTime:0.0002s ]
SQL: SELECT `article_id`,`title`,`titleimg`,`newstime`,`url`,`clicks`,`zan` FROM isq_article a left join isq_category c on c.cate_id = a.cate_id  WHERE `status` = 1 AND `newstime` >= '2017-05-18' ORDER BY clicks desc LIMIT 11   [ RunTime:0.0004s ]
SQL: SELECT `article_id`,`titleimg`,`title`,`newstime`,`url`,`clicks`,`zan` FROM isq_article a left join isq_category c on a.cate_id = c.cate_id  WHERE `status` = 1 AND `article_id` <> '20170427010417' AND a.cate_id = null ORDER BY newstime desc LIMIT 6   [ RunTime:0.0004s ]
SQL: SELECT `article_id`,`titleimg`,`title`,`newstime`,`url`,`clicks`,`zan` FROM isq_article a left join isq_category c on a.cate_id = c.cate_id  WHERE `status` = '1' AND a.cate_id = null AND `article_id` <> '20170427010417' ORDER BY newstime desc LIMIT 6   [ RunTime:0.0004s ]
SQL: SELECT `article_id`,`titleimg`,`title`,`newstime`,`url`,`clicks`,`zan` FROM isq_article a left join isq_category c on a.cate_id = c.cate_id  WHERE `status` = '1' AND a.cate_id <> null ORDER BY newstime desc LIMIT 4   [ RunTime:0.0004s ]
INFO: [ view_parse ] --START--
INFO: [ template_filter ] --START--
INFO: Run Behavior\ContentReplaceBehavior [ RunTime:0.000117s ]
INFO: [ template_filter ] --END-- [ RunTime:0.000155s ]
INFO: Run Behavior\ParseTemplateBehavior [ RunTime:0.009484s ]
INFO: [ view_parse ] --END-- [ RunTime:0.009520s ]
INFO: [ view_filter ] --START--
INFO: Run Behavior\WriteHtmlCacheBehavior [ RunTime:0.000305s ]
INFO: [ view_filter ] --END-- [ RunTime:0.000334s ]
INFO: [ app_end ] --START--
INFO: Run Behavior\ShowPageTraceBehavior [ RunTime:0.001005s ]
INFO: [ app_end ] --END-- [ RunTime:0.001061s ]

[ 2017-05-23T11:31:23+08:00 ] ::1 /Public/Upload/pic/20170427010421.jpg
INFO: [ app_init ] --START--
INFO: Run Behavior\BuildLiteBehavior [ RunTime:0.000010s ]
INFO: [ app_init ] --END-- [ RunTime:0.000269s ]
INFO: [ app_begin ] --START--
INFO: Run Behavior\ReadHtmlCacheBehavior [ RunTime:0.000337s ]
INFO: [ app_begin ] --END-- [ RunTime:0.000378s ]
SQL: SHOW COLUMNS FROM `isq_nav` [ RunTime:0.0033s ]
SQL: SELECT * FROM `isq_nav` WHERE `is_show` = 1 ORDER BY sort asc  [ RunTime:0.0002s ]
NOTIC: [2048] Declaration of Common\Model\ArticleModel::check() should be compatible with Think\Model::check($value, $rule, $type = 'regex') D:\wamp\www\tpcms\Application\Common\Model\ArticleModel.class.php 第 107 行.
SQL: SHOW COLUMNS FROM `isq_article` [ RunTime:0.0030s ]
SQL: UPDATE `isq_article` SET `clicks`=clicks+1 WHERE `article_id` = 2147483647 [ RunTime:0.0002s ]
SQL: UPDATE `isq_article` SET `real_clicks`=real_clicks+1 WHERE `article_id` = 2147483647 [ RunTime:0.0001s ]
SQL: SELECT a.*,c.* FROM isq_article a left join isq_category c on a.cate_id = c.cate_id  WHERE `article_id` = '20170427010421' LIMIT 1   [ RunTime:0.0002s ]
SQL: SELECT `article_id`,`title`,`titleimg`,`newstime`,`url`,`clicks`,`zan` FROM isq_article a left join isq_category c on c.cate_id = a.cate_id  WHERE `status` = 1 AND `newstime` >= '2017-05-18' ORDER BY clicks desc LIMIT 11   [ RunTime:0.0005s ]
SQL: SELECT `article_id`,`titleimg`,`title`,`newstime`,`url`,`clicks`,`zan` FROM isq_article a left join isq_category c on a.cate_id = c.cate_id  WHERE `status` = 1 AND `article_id` <> '20170427010421' AND a.cate_id = null ORDER BY newstime desc LIMIT 6   [ RunTime:0.0004s ]
SQL: SELECT `article_id`,`titleimg`,`title`,`newstime`,`url`,`clicks`,`zan` FROM isq_article a left join isq_category c on a.cate_id = c.cate_id  WHERE `status` = '1' AND a.cate_id = null AND `article_id` <> '20170427010421' ORDER BY newstime desc LIMIT 6   [ RunTime:0.0004s ]
SQL: SELECT `article_id`,`titleimg`,`title`,`newstime`,`url`,`clicks`,`zan` FROM isq_article a left join isq_category c on a.cate_id = c.cate_id  WHERE `status` = '1' AND a.cate_id <> null ORDER BY newstime desc LIMIT 4   [ RunTime:0.0004s ]
INFO: [ view_parse ] --START--
INFO: [ template_filter ] --START--
INFO: Run Behavior\ContentReplaceBehavior [ RunTime:0.000112s ]
INFO: [ template_filter ] --END-- [ RunTime:0.000146s ]
INFO: Run Behavior\ParseTemplateBehavior [ RunTime:0.008513s ]
INFO: [ view_parse ] --END-- [ RunTime:0.008547s ]
INFO: [ view_filter ] --START--
INFO: Run Behavior\WriteHtmlCacheBehavior [ RunTime:0.000227s ]
INFO: [ view_filter ] --END-- [ RunTime:0.000253s ]
INFO: [ app_end ] --START--
INFO: Run Behavior\ShowPageTraceBehavior [ RunTime:0.000645s ]
INFO: [ app_end ] --END-- [ RunTime:0.000700s ]

