[ 2017-04-27T08:17:31+08:00 ] 127.0.0.1 /Index/showMore.html
INFO: [ app_begin ] --START--
INFO: Run Behavior\ReadHtmlCacheBehavior [ RunTime:0.000371s ]
INFO: [ app_begin ] --END-- [ RunTime:0.000702s ]
SQL: SHOW COLUMNS FROM `isq_nav` [ RunTime:0.0019s ]
SQL: SELECT * FROM `isq_nav` WHERE `is_show` = 1 ORDER BY sort asc  [ RunTime:0.0003s ]
NOTIC: [2048] Declaration of Common\Model\ArticleModel::check() should be compatible with Think\Model::check($value, $rule, $type = 'regex') D:\wamp\www\tpcms\Application\Common\Model\ArticleModel.class.php 第 108 行.
SQL: SHOW COLUMNS FROM `isq_article` [ RunTime:0.0023s ]
SQL: SELECT `article_id`,`title`,`titleimg`,`newstime`,`synopsis`,`clicks`,`url` FROM isq_article a left join isq_category c on a.cate_id = c.cate_id  WHERE `status` = 1 ORDER BY article_id desc LIMIT 10,10   [ RunTime:0.0005s ]
INFO: [ view_parse ] --START--
INFO: [ template_filter ] --START--
INFO: Run Behavior\ContentReplaceBehavior [ RunTime:0.000036s ]
INFO: [ template_filter ] --END-- [ RunTime:0.000070s ]
INFO: Run Behavior\ParseTemplateBehavior [ RunTime:0.004945s ]
INFO: [ view_parse ] --END-- [ RunTime:0.004987s ]
INFO: [ view_filter ] --START--
INFO: Run Behavior\WriteHtmlCacheBehavior [ RunTime:0.000259s ]
INFO: [ view_filter ] --END-- [ RunTime:0.000289s ]
INFO: [ app_end ] --START--
INFO: Run Behavior\ShowPageTraceBehavior [ RunTime:0.000419s ]
INFO: [ app_end ] --END-- [ RunTime:0.000447s ]

[ 2017-04-27T09:47:09+08:00 ] 10.168.77.122 /Article/dropDown.html
INFO: [ app_begin ] --START--
INFO: Run Behavior\ReadHtmlCacheBehavior [ RunTime:0.000421s ]
INFO: [ app_begin ] --END-- [ RunTime:0.000712s ]
SQL: SHOW COLUMNS FROM `isq_nav` [ RunTime:0.0029s ]
SQL: SELECT * FROM `isq_nav` WHERE `is_show` = 1 ORDER BY sort asc  [ RunTime:0.0003s ]
SQL: SHOW COLUMNS FROM `isq_category` [ RunTime:0.0028s ]
SQL: SELECT * FROM `isq_category` WHERE `url` = 'dropDown' LIMIT 1   [ RunTime:0.0002s ]

[ 2017-04-27T09:48:07+08:00 ] 10.168.77.122 /Article/dropDown.html
INFO: [ app_begin ] --START--
INFO: Run Behavior\ReadHtmlCacheBehavior [ RunTime:0.000701s ]
INFO: [ app_begin ] --END-- [ RunTime:0.001224s ]
SQL: SHOW COLUMNS FROM `isq_nav` [ RunTime:0.0035s ]
SQL: SELECT * FROM `isq_nav` WHERE `is_show` = 1 ORDER BY sort asc  [ RunTime:0.0004s ]
SQL: SHOW COLUMNS FROM `isq_category` [ RunTime:0.0033s ]
SQL: SELECT * FROM `isq_category` WHERE `url` = 'dropDown' LIMIT 1   [ RunTime:0.0003s ]

[ 2017-04-27T09:48:07+08:00 ] 10.168.77.122 /Article/dropDown.html
INFO: [ app_begin ] --START--
INFO: Run Behavior\ReadHtmlCacheBehavior [ RunTime:0.001707s ]
INFO: [ app_begin ] --END-- [ RunTime:0.002920s ]
SQL: SHOW COLUMNS FROM `isq_nav` [ RunTime:0.0034s ]
SQL: SELECT * FROM `isq_nav` WHERE `is_show` = 1 ORDER BY sort asc  [ RunTime:0.0003s ]
SQL: SHOW COLUMNS FROM `isq_category` [ RunTime:0.0040s ]
SQL: SELECT * FROM `isq_category` WHERE `url` = 'dropDown' LIMIT 1   [ RunTime:0.0004s ]

[ 2017-04-27T09:48:07+08:00 ] 10.168.77.122 /Article/dropDown.html
INFO: [ app_begin ] --START--
INFO: Run Behavior\ReadHtmlCacheBehavior [ RunTime:0.000614s ]
INFO: [ app_begin ] --END-- [ RunTime:0.001417s ]
SQL: SHOW COLUMNS FROM `isq_nav` [ RunTime:0.0036s ]
SQL: SELECT * FROM `isq_nav` WHERE `is_show` = 1 ORDER BY sort asc  [ RunTime:0.0004s ]
SQL: SHOW COLUMNS FROM `isq_category` [ RunTime:0.0036s ]
SQL: SELECT * FROM `isq_category` WHERE `url` = 'dropDown' LIMIT 1   [ RunTime:0.0003s ]

[ 2017-04-27T09:48:08+08:00 ] 10.168.77.122 /Article/dropDown.html
INFO: [ app_begin ] --START--
INFO: Run Behavior\ReadHtmlCacheBehavior [ RunTime:0.000530s ]
INFO: [ app_begin ] --END-- [ RunTime:0.000925s ]
SQL: SHOW COLUMNS FROM `isq_nav` [ RunTime:0.0025s ]
SQL: SELECT * FROM `isq_nav` WHERE `is_show` = 1 ORDER BY sort asc  [ RunTime:0.0004s ]
SQL: SHOW COLUMNS FROM `isq_category` [ RunTime:0.0026s ]
SQL: SELECT * FROM `isq_category` WHERE `url` = 'dropDown' LIMIT 1   [ RunTime:0.0003s ]

[ 2017-04-27T09:48:08+08:00 ] 10.168.77.122 /Article/dropDown.html
INFO: [ app_begin ] --START--
INFO: Run Behavior\ReadHtmlCacheBehavior [ RunTime:0.000529s ]
INFO: [ app_begin ] --END-- [ RunTime:0.000931s ]
SQL: SHOW COLUMNS FROM `isq_nav` [ RunTime:0.0025s ]
SQL: SELECT * FROM `isq_nav` WHERE `is_show` = 1 ORDER BY sort asc  [ RunTime:0.0004s ]
SQL: SHOW COLUMNS FROM `isq_category` [ RunTime:0.0030s ]
SQL: SELECT * FROM `isq_category` WHERE `url` = 'dropDown' LIMIT 1   [ RunTime:0.0003s ]

[ 2017-04-27T09:48:08+08:00 ] 10.168.77.122 /Article/dropDown.html
INFO: [ app_begin ] --START--
INFO: Run Behavior\ReadHtmlCacheBehavior [ RunTime:0.000527s ]
INFO: [ app_begin ] --END-- [ RunTime:0.000921s ]
SQL: SHOW COLUMNS FROM `isq_nav` [ RunTime:0.0028s ]
SQL: SELECT * FROM `isq_nav` WHERE `is_show` = 1 ORDER BY sort asc  [ RunTime:0.0004s ]
SQL: SHOW COLUMNS FROM `isq_category` [ RunTime:0.0025s ]
SQL: SELECT * FROM `isq_category` WHERE `url` = 'dropDown' LIMIT 1   [ RunTime:0.0003s ]

[ 2017-04-27T09:48:08+08:00 ] 10.168.77.122 /Article/dropDown.html
INFO: [ app_begin ] --START--
INFO: Run Behavior\ReadHtmlCacheBehavior [ RunTime:0.000933s ]
INFO: [ app_begin ] --END-- [ RunTime:0.001611s ]
SQL: SHOW COLUMNS FROM `isq_nav` [ RunTime:0.0038s ]
SQL: SELECT * FROM `isq_nav` WHERE `is_show` = 1 ORDER BY sort asc  [ RunTime:0.0003s ]
SQL: SHOW COLUMNS FROM `isq_category` [ RunTime:0.0026s ]
SQL: SELECT * FROM `isq_category` WHERE `url` = 'dropDown' LIMIT 1   [ RunTime:0.0003s ]

[ 2017-04-27T09:48:08+08:00 ] 10.168.77.122 /Article/dropDown.html
INFO: [ app_begin ] --START--
INFO: Run Behavior\ReadHtmlCacheBehavior [ RunTime:0.000578s ]
INFO: [ app_begin ] --END-- [ RunTime:0.000971s ]
SQL: SHOW COLUMNS FROM `isq_nav` [ RunTime:0.0025s ]
SQL: SELECT * FROM `isq_nav` WHERE `is_show` = 1 ORDER BY sort asc  [ RunTime:0.0003s ]
SQL: SHOW COLUMNS FROM `isq_category` [ RunTime:0.0026s ]
SQL: SELECT * FROM `isq_category` WHERE `url` = 'dropDown' LIMIT 1   [ RunTime:0.0003s ]

[ 2017-04-27T09:48:08+08:00 ] 10.168.77.122 /Article/dropDown.html
INFO: [ app_begin ] --START--
INFO: Run Behavior\ReadHtmlCacheBehavior [ RunTime:0.001049s ]
INFO: [ app_begin ] --END-- [ RunTime:0.001789s ]
SQL: SHOW COLUMNS FROM `isq_nav` [ RunTime:0.0026s ]
SQL: SELECT * FROM `isq_nav` WHERE `is_show` = 1 ORDER BY sort asc  [ RunTime:0.0004s ]
SQL: SHOW COLUMNS FROM `isq_category` [ RunTime:0.0025s ]
SQL: SELECT * FROM `isq_category` WHERE `url` = 'dropDown' LIMIT 1   [ RunTime:0.0003s ]

[ 2017-04-27T09:49:19+08:00 ] 10.168.77.122 /Article/dropDown.html
INFO: [ app_begin ] --START--
INFO: Run Behavior\ReadHtmlCacheBehavior [ RunTime:0.000948s ]
INFO: [ app_begin ] --END-- [ RunTime:0.001670s ]
SQL: SHOW COLUMNS FROM `isq_nav` [ RunTime:0.0025s ]
SQL: SELECT * FROM `isq_nav` WHERE `is_show` = 1 ORDER BY sort asc  [ RunTime:0.0004s ]
SQL: SHOW COLUMNS FROM `isq_category` [ RunTime:0.0025s ]
SQL: SELECT * FROM `isq_category` WHERE `url` = 'dropDown' LIMIT 1   [ RunTime:0.0003s ]

[ 2017-04-27T09:49:22+08:00 ] 10.168.77.122 /Article/dropDown.html
INFO: [ app_begin ] --START--
INFO: Run Behavior\ReadHtmlCacheBehavior [ RunTime:0.000876s ]
INFO: [ app_begin ] --END-- [ RunTime:0.001488s ]
SQL: SHOW COLUMNS FROM `isq_nav` [ RunTime:0.0026s ]
SQL: SELECT * FROM `isq_nav` WHERE `is_show` = 1 ORDER BY sort asc  [ RunTime:0.0004s ]
SQL: SHOW COLUMNS FROM `isq_category` [ RunTime:0.0024s ]
SQL: SELECT * FROM `isq_category` WHERE `url` = 'dropDown' LIMIT 1   [ RunTime:0.0003s ]

[ 2017-04-27T09:49:22+08:00 ] 10.168.77.122 /Article/dropDown.html
INFO: [ app_begin ] --START--
INFO: Run Behavior\ReadHtmlCacheBehavior [ RunTime:0.003517s ]
INFO: [ app_begin ] --END-- [ RunTime:0.004587s ]
SQL: SHOW COLUMNS FROM `isq_nav` [ RunTime:0.0034s ]
SQL: SELECT * FROM `isq_nav` WHERE `is_show` = 1 ORDER BY sort asc  [ RunTime:0.0004s ]
SQL: SHOW COLUMNS FROM `isq_category` [ RunTime:0.0034s ]
SQL: SELECT * FROM `isq_category` WHERE `url` = 'dropDown' LIMIT 1   [ RunTime:0.0003s ]

[ 2017-04-27T09:49:23+08:00 ] 10.168.77.122 /Article/dropDown.html
INFO: [ app_begin ] --START--
INFO: Run Behavior\ReadHtmlCacheBehavior [ RunTime:0.000754s ]
INFO: [ app_begin ] --END-- [ RunTime:0.001308s ]
SQL: SHOW COLUMNS FROM `isq_nav` [ RunTime:0.0036s ]
SQL: SELECT * FROM `isq_nav` WHERE `is_show` = 1 ORDER BY sort asc  [ RunTime:0.0004s ]
SQL: SHOW COLUMNS FROM `isq_category` [ RunTime:0.0037s ]
SQL: SELECT * FROM `isq_category` WHERE `url` = 'dropDown' LIMIT 1   [ RunTime:0.0004s ]

[ 2017-04-27T09:49:26+08:00 ] 10.168.77.122 /Article/dropDown.html
INFO: [ app_begin ] --START--
INFO: Run Behavior\ReadHtmlCacheBehavior [ RunTime:0.000753s ]
INFO: [ app_begin ] --END-- [ RunTime:0.001309s ]
SQL: SHOW COLUMNS FROM `isq_nav` [ RunTime:0.0037s ]
SQL: SELECT * FROM `isq_nav` WHERE `is_show` = 1 ORDER BY sort asc  [ RunTime:0.0004s ]
SQL: SHOW COLUMNS FROM `isq_category` [ RunTime:0.0041s ]
SQL: SELECT * FROM `isq_category` WHERE `url` = 'dropDown' LIMIT 1   [ RunTime:0.0004s ]

[ 2017-04-27T09:49:26+08:00 ] 10.168.77.122 /Article/dropDown.html
INFO: [ app_begin ] --START--
INFO: Run Behavior\ReadHtmlCacheBehavior [ RunTime:0.000529s ]
INFO: [ app_begin ] --END-- [ RunTime:0.000941s ]
SQL: SHOW COLUMNS FROM `isq_nav` [ RunTime:0.0025s ]
SQL: SELECT * FROM `isq_nav` WHERE `is_show` = 1 ORDER BY sort asc  [ RunTime:0.0004s ]
SQL: SHOW COLUMNS FROM `isq_category` [ RunTime:0.0026s ]
SQL: SELECT * FROM `isq_category` WHERE `url` = 'dropDown' LIMIT 1   [ RunTime:0.0003s ]

[ 2017-04-27T09:49:26+08:00 ] 10.168.77.122 /Article/dropDown.html
INFO: [ app_begin ] --START--
INFO: Run Behavior\ReadHtmlCacheBehavior [ RunTime:0.000526s ]
INFO: [ app_begin ] --END-- [ RunTime:0.000921s ]
SQL: SHOW COLUMNS FROM `isq_nav` [ RunTime:0.0024s ]
SQL: SELECT * FROM `isq_nav` WHERE `is_show` = 1 ORDER BY sort asc  [ RunTime:0.0004s ]
SQL: SHOW COLUMNS FROM `isq_category` [ RunTime:0.0026s ]
SQL: SELECT * FROM `isq_category` WHERE `url` = 'dropDown' LIMIT 1   [ RunTime:0.0003s ]

[ 2017-04-27T09:49:26+08:00 ] 10.168.77.122 /Article/dropDown.html
INFO: [ app_begin ] --START--
INFO: Run Behavior\ReadHtmlCacheBehavior [ RunTime:0.000525s ]
INFO: [ app_begin ] --END-- [ RunTime:0.000938s ]
SQL: SHOW COLUMNS FROM `isq_nav` [ RunTime:0.0031s ]
SQL: SELECT * FROM `isq_nav` WHERE `is_show` = 1 ORDER BY sort asc  [ RunTime:0.0003s ]
SQL: SHOW COLUMNS FROM `isq_category` [ RunTime:0.0026s ]
SQL: SELECT * FROM `isq_category` WHERE `url` = 'dropDown' LIMIT 1   [ RunTime:0.0003s ]

[ 2017-04-27T09:49:26+08:00 ] 10.168.77.122 /Article/dropDown.html
INFO: [ app_begin ] --START--
INFO: Run Behavior\ReadHtmlCacheBehavior [ RunTime:0.000529s ]
INFO: [ app_begin ] --END-- [ RunTime:0.000924s ]
SQL: SHOW COLUMNS FROM `isq_nav` [ RunTime:0.0026s ]
SQL: SELECT * FROM `isq_nav` WHERE `is_show` = 1 ORDER BY sort asc  [ RunTime:0.0003s ]
SQL: SHOW COLUMNS FROM `isq_category` [ RunTime:0.0026s ]
SQL: SELECT * FROM `isq_category` WHERE `url` = 'dropDown' LIMIT 1   [ RunTime:0.0003s ]

[ 2017-04-27T09:49:27+08:00 ] 10.168.77.122 /Article/dropDown.html
INFO: [ app_begin ] --START--
INFO: Run Behavior\ReadHtmlCacheBehavior [ RunTime:0.000749s ]
INFO: [ app_begin ] --END-- [ RunTime:0.001299s ]
SQL: SHOW COLUMNS FROM `isq_nav` [ RunTime:0.0037s ]
SQL: SELECT * FROM `isq_nav` WHERE `is_show` = 1 ORDER BY sort asc  [ RunTime:0.0004s ]
SQL: SHOW COLUMNS FROM `isq_category` [ RunTime:0.0035s ]
SQL: SELECT * FROM `isq_category` WHERE `url` = 'dropDown' LIMIT 1   [ RunTime:0.0004s ]

[ 2017-04-27T09:49:27+08:00 ] 10.168.77.122 /Article/dropDown.html
INFO: [ app_begin ] --START--
INFO: Run Behavior\ReadHtmlCacheBehavior [ RunTime:0.001508s ]
INFO: [ app_begin ] --END-- [ RunTime:0.002603s ]
SQL: SHOW COLUMNS FROM `isq_nav` [ RunTime:0.0075s ]
SQL: SELECT * FROM `isq_nav` WHERE `is_show` = 1 ORDER BY sort asc  [ RunTime:0.0006s ]
SQL: SHOW COLUMNS FROM `isq_category` [ RunTime:0.0050s ]
SQL: SELECT * FROM `isq_category` WHERE `url` = 'dropDown' LIMIT 1   [ RunTime:0.0002s ]

[ 2017-04-27T09:49:27+08:00 ] 10.168.77.122 /Article/dropDown.html
INFO: [ app_begin ] --START--
INFO: Run Behavior\ReadHtmlCacheBehavior [ RunTime:0.000645s ]
INFO: [ app_begin ] --END-- [ RunTime:0.001127s ]
SQL: SHOW COLUMNS FROM `isq_nav` [ RunTime:0.0033s ]
SQL: SELECT * FROM `isq_nav` WHERE `is_show` = 1 ORDER BY sort asc  [ RunTime:0.0004s ]
SQL: SHOW COLUMNS FROM `isq_category` [ RunTime:0.0034s ]
SQL: SELECT * FROM `isq_category` WHERE `url` = 'dropDown' LIMIT 1   [ RunTime:0.0004s ]

[ 2017-04-27T09:49:27+08:00 ] 10.168.77.122 /Article/dropDown.html
INFO: [ app_begin ] --START--
INFO: Run Behavior\ReadHtmlCacheBehavior [ RunTime:0.000531s ]
INFO: [ app_begin ] --END-- [ RunTime:0.000930s ]
SQL: SHOW COLUMNS FROM `isq_nav` [ RunTime:0.0026s ]
SQL: SELECT * FROM `isq_nav` WHERE `is_show` = 1 ORDER BY sort asc  [ RunTime:0.0003s ]
SQL: SHOW COLUMNS FROM `isq_category` [ RunTime:0.0027s ]
SQL: SELECT * FROM `isq_category` WHERE `url` = 'dropDown' LIMIT 1   [ RunTime:0.0003s ]

[ 2017-04-27T09:49:27+08:00 ] 10.168.77.122 /Article/dropDown.html
INFO: [ app_begin ] --START--
INFO: Run Behavior\ReadHtmlCacheBehavior [ RunTime:0.000813s ]
INFO: [ app_begin ] --END-- [ RunTime:0.001408s ]
SQL: SHOW COLUMNS FROM `isq_nav` [ RunTime:0.0040s ]
SQL: SELECT * FROM `isq_nav` WHERE `is_show` = 1 ORDER BY sort asc  [ RunTime:0.0004s ]
SQL: SHOW COLUMNS FROM `isq_category` [ RunTime:0.0026s ]
SQL: SELECT * FROM `isq_category` WHERE `url` = 'dropDown' LIMIT 1   [ RunTime:0.0003s ]

[ 2017-04-27T09:49:28+08:00 ] 10.168.77.122 /Article/dropDown.html
INFO: [ app_begin ] --START--
INFO: Run Behavior\ReadHtmlCacheBehavior [ RunTime:0.000757s ]
INFO: [ app_begin ] --END-- [ RunTime:0.001310s ]
SQL: SHOW COLUMNS FROM `isq_nav` [ RunTime:0.0036s ]
SQL: SELECT * FROM `isq_nav` WHERE `is_show` = 1 ORDER BY sort asc  [ RunTime:0.0004s ]
SQL: SHOW COLUMNS FROM `isq_category` [ RunTime:0.0036s ]
SQL: SELECT * FROM `isq_category` WHERE `url` = 'dropDown' LIMIT 1   [ RunTime:0.0004s ]

[ 2017-04-27T09:49:28+08:00 ] 10.168.77.122 /Article/dropDown.html
INFO: [ app_begin ] --START--
INFO: Run Behavior\ReadHtmlCacheBehavior [ RunTime:0.001466s ]
INFO: [ app_begin ] --END-- [ RunTime:0.004521s ]
SQL: SHOW COLUMNS FROM `isq_nav` [ RunTime:0.0034s ]
SQL: SELECT * FROM `isq_nav` WHERE `is_show` = 1 ORDER BY sort asc  [ RunTime:0.0003s ]
SQL: SHOW COLUMNS FROM `isq_category` [ RunTime:0.0035s ]
SQL: SELECT * FROM `isq_category` WHERE `url` = 'dropDown' LIMIT 1   [ RunTime:0.0003s ]

[ 2017-04-27T09:49:28+08:00 ] 10.168.77.122 /Article/dropDown.html
INFO: [ app_begin ] --START--
INFO: Run Behavior\ReadHtmlCacheBehavior [ RunTime:0.000544s ]
INFO: [ app_begin ] --END-- [ RunTime:0.000938s ]
SQL: SHOW COLUMNS FROM `isq_nav` [ RunTime:0.0025s ]
SQL: SELECT * FROM `isq_nav` WHERE `is_show` = 1 ORDER BY sort asc  [ RunTime:0.0004s ]
SQL: SHOW COLUMNS FROM `isq_category` [ RunTime:0.0025s ]
SQL: SELECT * FROM `isq_category` WHERE `url` = 'dropDown' LIMIT 1   [ RunTime:0.0003s ]

[ 2017-04-27T09:49:28+08:00 ] 10.168.77.122 /Article/dropDown.html
INFO: [ app_begin ] --START--
INFO: Run Behavior\ReadHtmlCacheBehavior [ RunTime:0.000536s ]
INFO: [ app_begin ] --END-- [ RunTime:0.000902s ]
SQL: SHOW COLUMNS FROM `isq_nav` [ RunTime:0.0027s ]
SQL: SELECT * FROM `isq_nav` WHERE `is_show` = 1 ORDER BY sort asc  [ RunTime:0.0004s ]
SQL: SHOW COLUMNS FROM `isq_category` [ RunTime:0.0025s ]
SQL: SELECT * FROM `isq_category` WHERE `url` = 'dropDown' LIMIT 1   [ RunTime:0.0003s ]

[ 2017-04-27T09:49:28+08:00 ] 10.168.77.122 /Article/dropDown.html
INFO: [ app_begin ] --START--
INFO: Run Behavior\ReadHtmlCacheBehavior [ RunTime:0.000528s ]
INFO: [ app_begin ] --END-- [ RunTime:0.000920s ]
SQL: SHOW COLUMNS FROM `isq_nav` [ RunTime:0.0026s ]
SQL: SELECT * FROM `isq_nav` WHERE `is_show` = 1 ORDER BY sort asc  [ RunTime:0.0004s ]
SQL: SHOW COLUMNS FROM `isq_category` [ RunTime:0.0026s ]
SQL: SELECT * FROM `isq_category` WHERE `url` = 'dropDown' LIMIT 1   [ RunTime:0.0003s ]

[ 2017-04-27T09:49:29+08:00 ] 10.168.77.122 /Article/dropDown.html
INFO: [ app_begin ] --START--
INFO: Run Behavior\ReadHtmlCacheBehavior [ RunTime:0.001200s ]
INFO: [ app_begin ] --END-- [ RunTime:0.002059s ]
SQL: SHOW COLUMNS FROM `isq_nav` [ RunTime:0.0069s ]
SQL: SELECT * FROM `isq_nav` WHERE `is_show` = 1 ORDER BY sort asc  [ RunTime:0.0006s ]
SQL: SHOW COLUMNS FROM `isq_category` [ RunTime:0.0058s ]
SQL: SELECT * FROM `isq_category` WHERE `url` = 'dropDown' LIMIT 1   [ RunTime:0.0005s ]

[ 2017-04-27T09:49:29+08:00 ] 10.168.77.122 /Article/dropDown.html
INFO: [ app_begin ] --START--
INFO: Run Behavior\ReadHtmlCacheBehavior [ RunTime:0.001046s ]
INFO: [ app_begin ] --END-- [ RunTime:0.001795s ]
SQL: SHOW COLUMNS FROM `isq_nav` [ RunTime:0.0024s ]
SQL: SELECT * FROM `isq_nav` WHERE `is_show` = 1 ORDER BY sort asc  [ RunTime:0.0003s ]
SQL: SHOW COLUMNS FROM `isq_category` [ RunTime:0.0025s ]
SQL: SELECT * FROM `isq_category` WHERE `url` = 'dropDown' LIMIT 1   [ RunTime:0.0003s ]

[ 2017-04-27T09:49:29+08:00 ] 10.168.77.122 /Article/dropDown.html
INFO: [ app_begin ] --START--
INFO: Run Behavior\ReadHtmlCacheBehavior [ RunTime:0.000554s ]
INFO: [ app_begin ] --END-- [ RunTime:0.000934s ]
SQL: SHOW COLUMNS FROM `isq_nav` [ RunTime:0.0028s ]
SQL: SELECT * FROM `isq_nav` WHERE `is_show` = 1 ORDER BY sort asc  [ RunTime:0.0004s ]
SQL: SHOW COLUMNS FROM `isq_category` [ RunTime:0.0032s ]
SQL: SELECT * FROM `isq_category` WHERE `url` = 'dropDown' LIMIT 1   [ RunTime:0.0002s ]

[ 2017-04-27T09:49:29+08:00 ] 10.168.77.122 /Article/dropDown.html
INFO: [ app_begin ] --START--
INFO: Run Behavior\ReadHtmlCacheBehavior [ RunTime:0.001270s ]
INFO: [ app_begin ] --END-- [ RunTime:0.002179s ]
SQL: SHOW COLUMNS FROM `isq_nav` [ RunTime:0.0029s ]
SQL: SELECT * FROM `isq_nav` WHERE `is_show` = 1 ORDER BY sort asc  [ RunTime:0.0004s ]
SQL: SHOW COLUMNS FROM `isq_category` [ RunTime:0.0034s ]
SQL: SELECT * FROM `isq_category` WHERE `url` = 'dropDown' LIMIT 1   [ RunTime:0.0003s ]

[ 2017-04-27T09:49:29+08:00 ] 10.168.77.122 /Article/dropDown.html
INFO: [ app_begin ] --START--
INFO: Run Behavior\ReadHtmlCacheBehavior [ RunTime:0.000604s ]
INFO: [ app_begin ] --END-- [ RunTime:0.001054s ]
SQL: SHOW COLUMNS FROM `isq_nav` [ RunTime:0.0029s ]
SQL: SELECT * FROM `isq_nav` WHERE `is_show` = 1 ORDER BY sort asc  [ RunTime:0.0004s ]
SQL: SHOW COLUMNS FROM `isq_category` [ RunTime:0.0029s ]
SQL: SELECT * FROM `isq_category` WHERE `url` = 'dropDown' LIMIT 1   [ RunTime:0.0003s ]

[ 2017-04-27T09:49:29+08:00 ] 10.168.77.122 /Article/dropDown.html
INFO: [ app_begin ] --START--
INFO: Run Behavior\ReadHtmlCacheBehavior [ RunTime:0.000644s ]
INFO: [ app_begin ] --END-- [ RunTime:0.001124s ]
SQL: SHOW COLUMNS FROM `isq_nav` [ RunTime:0.0036s ]
SQL: SELECT * FROM `isq_nav` WHERE `is_show` = 1 ORDER BY sort asc  [ RunTime:0.0003s ]
SQL: SHOW COLUMNS FROM `isq_category` [ RunTime:0.0032s ]
SQL: SELECT * FROM `isq_category` WHERE `url` = 'dropDown' LIMIT 1   [ RunTime:0.0003s ]

[ 2017-04-27T09:49:30+08:00 ] 10.168.77.122 /Article/dropDown.html
INFO: [ app_begin ] --START--
INFO: Run Behavior\ReadHtmlCacheBehavior [ RunTime:0.001666s ]
INFO: [ app_begin ] --END-- [ RunTime:0.002838s ]
SQL: SHOW COLUMNS FROM `isq_nav` [ RunTime:0.0054s ]
SQL: SELECT * FROM `isq_nav` WHERE `is_show` = 1 ORDER BY sort asc  [ RunTime:0.0005s ]
SQL: SHOW COLUMNS FROM `isq_category` [ RunTime:0.0047s ]
SQL: SELECT * FROM `isq_category` WHERE `url` = 'dropDown' LIMIT 1   [ RunTime:0.0004s ]

[ 2017-04-27T09:49:37+08:00 ] 10.168.77.122 /Article/dropDown.html
INFO: [ app_begin ] --START--
INFO: Run Behavior\ReadHtmlCacheBehavior [ RunTime:0.000868s ]
INFO: [ app_begin ] --END-- [ RunTime:0.001490s ]
SQL: SHOW COLUMNS FROM `isq_nav` [ RunTime:0.0024s ]
SQL: SELECT * FROM `isq_nav` WHERE `is_show` = 1 ORDER BY sort asc  [ RunTime:0.0004s ]
SQL: SHOW COLUMNS FROM `isq_category` [ RunTime:0.0027s ]
SQL: SELECT * FROM `isq_category` WHERE `url` = 'dropDown' LIMIT 1   [ RunTime:0.0003s ]

[ 2017-04-27T09:49:37+08:00 ] 10.168.77.122 /Article/dropDown.html
INFO: [ app_begin ] --START--
INFO: Run Behavior\ReadHtmlCacheBehavior [ RunTime:0.001272s ]
INFO: [ app_begin ] --END-- [ RunTime:0.002173s ]
SQL: SHOW COLUMNS FROM `isq_nav` [ RunTime:0.0062s ]
SQL: SELECT * FROM `isq_nav` WHERE `is_show` = 1 ORDER BY sort asc  [ RunTime:0.0006s ]
SQL: SHOW COLUMNS FROM `isq_category` [ RunTime:0.0068s ]
SQL: SELECT * FROM `isq_category` WHERE `url` = 'dropDown' LIMIT 1   [ RunTime:0.0005s ]

[ 2017-04-27T09:52:56+08:00 ] 10.168.77.122 /Article/dropDown.html
INFO: [ app_begin ] --START--
INFO: Run Behavior\ReadHtmlCacheBehavior [ RunTime:0.000753s ]
INFO: [ app_begin ] --END-- [ RunTime:0.001303s ]
SQL: SHOW COLUMNS FROM `isq_nav` [ RunTime:0.0039s ]
SQL: SELECT * FROM `isq_nav` WHERE `is_show` = 1 ORDER BY sort asc  [ RunTime:0.0004s ]
SQL: SHOW COLUMNS FROM `isq_category` [ RunTime:0.0039s ]
SQL: SELECT * FROM `isq_category` WHERE `url` = 'lvxing' LIMIT 1   [ RunTime:0.0004s ]
NOTIC: [2048] Declaration of Common\Model\ArticleModel::check() should be compatible with Think\Model::check($value, $rule, $type = 'regex') D:\wamp\www\tpcms\Application\Common\Model\ArticleModel.class.php 第 108 行.
SQL: SHOW COLUMNS FROM `isq_article` [ RunTime:0.0039s ]
ERR: 1064:Erreur de syntaxe près de 'a.cate_id = c.cate_id  WHERE a.cate_id = '3' AND `status` = 1 ORDER BY article_i' à la ligne 1
 [ SQL语句 ] : SELECT `article_id`,`title`,`titleimg`,`newstime`,`synopsis`,`clicks`,`url` FROM isq_article a left join isq_category c a.cate_id = c.cate_id  WHERE a.cate_id = '3' AND `status` = 1 ORDER BY article_id desc LIMIT 10,10  
ERR: 1064:Erreur de syntaxe près de 'a.cate_id = c.cate_id  WHERE a.cate_id = '3' AND `status` = 1 ORDER BY article_i' à la ligne 1
 [ SQL语句 ] : SELECT `article_id`,`title`,`titleimg`,`newstime`,`synopsis`,`clicks`,`url` FROM isq_article a left join isq_category c a.cate_id = c.cate_id  WHERE a.cate_id = '3' AND `status` = 1 ORDER BY article_id desc LIMIT 10,10  

[ 2017-04-27T09:53:12+08:00 ] 10.168.77.122 /Article/dropDown.html
INFO: [ app_begin ] --START--
INFO: Run Behavior\ReadHtmlCacheBehavior [ RunTime:0.001673s ]
INFO: [ app_begin ] --END-- [ RunTime:0.002852s ]
SQL: SHOW COLUMNS FROM `isq_nav` [ RunTime:0.0044s ]
SQL: SELECT * FROM `isq_nav` WHERE `is_show` = 1 ORDER BY sort asc  [ RunTime:0.0004s ]
SQL: SHOW COLUMNS FROM `isq_category` [ RunTime:0.0037s ]
SQL: SELECT * FROM `isq_category` WHERE `url` = '' LIMIT 1   [ RunTime:0.0004s ]
NOTIC: [2048] Declaration of Common\Model\ArticleModel::check() should be compatible with Think\Model::check($value, $rule, $type = 'regex') D:\wamp\www\tpcms\Application\Common\Model\ArticleModel.class.php 第 108 行.
SQL: SHOW COLUMNS FROM `isq_article` [ RunTime:0.0037s ]
ERR: 1064:Erreur de syntaxe près de 'a.cate_id = c.cate_id  WHERE `status` = 1 ORDER BY article_id desc LIMIT 10,10' à la ligne 1
 [ SQL语句 ] : SELECT `article_id`,`title`,`titleimg`,`newstime`,`synopsis`,`clicks`,`url` FROM isq_article a left join isq_category c a.cate_id = c.cate_id  WHERE `status` = 1 ORDER BY article_id desc LIMIT 10,10  
ERR: 1064:Erreur de syntaxe près de 'a.cate_id = c.cate_id  WHERE `status` = 1 ORDER BY article_id desc LIMIT 10,10' à la ligne 1
 [ SQL语句 ] : SELECT `article_id`,`title`,`titleimg`,`newstime`,`synopsis`,`clicks`,`url` FROM isq_article a left join isq_category c a.cate_id = c.cate_id  WHERE `status` = 1 ORDER BY article_id desc LIMIT 10,10  

[ 2017-04-27T09:58:13+08:00 ] 10.168.77.122 /article/dropDown
ERR: 1064:Erreur de syntaxe près de 'a.cate_id = c.cate_id  WHERE `status` = 1 ORDER BY article_id desc LIMIT 0,10' à la ligne 1
 [ SQL语句 ] : SELECT `article_id`,`title`,`titleimg`,`newstime`,`synopsis`,`clicks`,`url` FROM isq_article a left join isq_category c a.cate_id = c.cate_id  WHERE `status` = 1 ORDER BY article_id desc LIMIT 0,10  

[ 2017-04-27T10:03:05+08:00 ] 10.168.77.122 /article/dropDown
ERR: 1064:Erreur de syntaxe près de 'a.cate_id = c.cate_id  WHERE `status` = 1 ORDER BY article_id desc LIMIT 0,10' à la ligne 1
 [ SQL语句 ] : SELECT `article_id`,`title`,`titleimg`,`newstime`,`synopsis`,`clicks`,`url` FROM isq_article a left join isq_category c a.cate_id = c.cate_id  WHERE `status` = 1 ORDER BY article_id desc LIMIT 0,10  

[ 2017-04-27T10:03:13+08:00 ] 10.168.77.122 /article/dropDown
ERR: 1064:Erreur de syntaxe près de 'a.cate_id = c.cate_id  WHERE `status` = 1 ORDER BY article_id desc LIMIT 0,10' à la ligne 1
 [ SQL语句 ] : SELECT `article_id`,`title`,`titleimg`,`newstime`,`synopsis`,`clicks`,`url` FROM isq_article a left join isq_category c a.cate_id = c.cate_id  WHERE `status` = 1 ORDER BY article_id desc LIMIT 0,10  

[ 2017-04-27T10:06:39+08:00 ] 10.168.77.122 /Article/dropDown.html
INFO: [ app_begin ] --START--
INFO: Run Behavior\ReadHtmlCacheBehavior [ RunTime:0.001017s ]
INFO: [ app_begin ] --END-- [ RunTime:0.001684s ]
SQL: SHOW COLUMNS FROM `isq_nav` [ RunTime:0.0037s ]
SQL: SELECT * FROM `isq_nav` WHERE `is_show` = 1 ORDER BY sort asc  [ RunTime:0.0004s ]
SQL: SHOW COLUMNS FROM `isq_category` [ RunTime:0.0026s ]
SQL: SELECT * FROM `isq_category` WHERE `url` = '' LIMIT 1   [ RunTime:0.0003s ]
NOTIC: [2048] Declaration of Common\Model\ArticleModel::check() should be compatible with Think\Model::check($value, $rule, $type = 'regex') D:\wamp\www\tpcms\Application\Common\Model\ArticleModel.class.php 第 108 行.
SQL: SHOW COLUMNS FROM `isq_article` [ RunTime:0.0027s ]
SQL: SELECT `article_id`,`title`,`titleimg`,`newstime`,`synopsis`,`clicks`,`url` FROM isq_article a left join isq_category c on a.cate_id = c.cate_id  WHERE `status` = 1 ORDER BY article_id desc LIMIT 10,10   [ RunTime:0.0005s ]
INFO: [ view_parse ] --START--
INFO: [ template_filter ] --START--
INFO: Run Behavior\ContentReplaceBehavior [ RunTime:0.000039s ]
INFO: [ template_filter ] --END-- [ RunTime:0.000075s ]
NOTIC: [8] Undefined index: zan D:\wamp\www\tpcms\Application\Runtime\Cache\Home\80026174ec2c4f3f20501e9662013a70.php 第 10 行.
NOTIC: [8] Undefined index: zan D:\wamp\www\tpcms\Application\Runtime\Cache\Home\80026174ec2c4f3f20501e9662013a70.php 第 10 行.
NOTIC: [8] Undefined index: zan D:\wamp\www\tpcms\Application\Runtime\Cache\Home\80026174ec2c4f3f20501e9662013a70.php 第 10 行.
NOTIC: [8] Undefined index: zan D:\wamp\www\tpcms\Application\Runtime\Cache\Home\80026174ec2c4f3f20501e9662013a70.php 第 10 行.
NOTIC: [8] Undefined index: zan D:\wamp\www\tpcms\Application\Runtime\Cache\Home\80026174ec2c4f3f20501e9662013a70.php 第 10 行.
NOTIC: [8] Undefined index: zan D:\wamp\www\tpcms\Application\Runtime\Cache\Home\80026174ec2c4f3f20501e9662013a70.php 第 10 行.
NOTIC: [8] Undefined index: zan D:\wamp\www\tpcms\Application\Runtime\Cache\Home\80026174ec2c4f3f20501e9662013a70.php 第 10 行.
NOTIC: [8] Undefined index: zan D:\wamp\www\tpcms\Application\Runtime\Cache\Home\80026174ec2c4f3f20501e9662013a70.php 第 10 行.
NOTIC: [8] Undefined index: zan D:\wamp\www\tpcms\Application\Runtime\Cache\Home\80026174ec2c4f3f20501e9662013a70.php 第 10 行.
NOTIC: [8] Undefined index: zan D:\wamp\www\tpcms\Application\Runtime\Cache\Home\80026174ec2c4f3f20501e9662013a70.php 第 10 行.
INFO: Run Behavior\ParseTemplateBehavior [ RunTime:0.005951s ]
INFO: [ view_parse ] --END-- [ RunTime:0.005981s ]
INFO: [ view_filter ] --START--
INFO: Run Behavior\WriteHtmlCacheBehavior [ RunTime:0.000485s ]
INFO: [ view_filter ] --END-- [ RunTime:0.000508s ]
INFO: [ app_end ] --START--
INFO: Run Behavior\ShowPageTraceBehavior [ RunTime:0.000578s ]
INFO: [ app_end ] --END-- [ RunTime:0.000604s ]

[ 2017-04-27T10:06:42+08:00 ] 10.168.77.122 /Article/dropDown.html
INFO: [ app_begin ] --START--
INFO: Run Behavior\ReadHtmlCacheBehavior [ RunTime:0.001823s ]
INFO: [ app_begin ] --END-- [ RunTime:0.003002s ]
SQL: SHOW COLUMNS FROM `isq_nav` [ RunTime:0.0054s ]
SQL: SELECT * FROM `isq_nav` WHERE `is_show` = 1 ORDER BY sort asc  [ RunTime:0.0005s ]
SQL: SHOW COLUMNS FROM `isq_category` [ RunTime:0.0056s ]
SQL: SELECT * FROM `isq_category` WHERE `url` = '' LIMIT 1   [ RunTime:0.0004s ]
NOTIC: [2048] Declaration of Common\Model\ArticleModel::check() should be compatible with Think\Model::check($value, $rule, $type = 'regex') D:\wamp\www\tpcms\Application\Common\Model\ArticleModel.class.php 第 108 行.
SQL: SHOW COLUMNS FROM `isq_article` [ RunTime:0.0032s ]
SQL: SELECT `article_id`,`title`,`titleimg`,`newstime`,`synopsis`,`clicks`,`url` FROM isq_article a left join isq_category c on a.cate_id = c.cate_id  WHERE `status` = 1 ORDER BY article_id desc LIMIT 20,10   [ RunTime:0.0006s ]
INFO: [ view_parse ] --START--
INFO: [ template_filter ] --START--
INFO: Run Behavior\ContentReplaceBehavior [ RunTime:0.000040s ]
INFO: [ template_filter ] --END-- [ RunTime:0.000073s ]
NOTIC: [8] Undefined index: zan D:\wamp\www\tpcms\Application\Runtime\Cache\Home\80026174ec2c4f3f20501e9662013a70.php 第 10 行.
NOTIC: [8] Undefined index: zan D:\wamp\www\tpcms\Application\Runtime\Cache\Home\80026174ec2c4f3f20501e9662013a70.php 第 10 行.
NOTIC: [8] Undefined index: zan D:\wamp\www\tpcms\Application\Runtime\Cache\Home\80026174ec2c4f3f20501e9662013a70.php 第 10 行.
NOTIC: [8] Undefined index: zan D:\wamp\www\tpcms\Application\Runtime\Cache\Home\80026174ec2c4f3f20501e9662013a70.php 第 10 行.
NOTIC: [8] Undefined index: zan D:\wamp\www\tpcms\Application\Runtime\Cache\Home\80026174ec2c4f3f20501e9662013a70.php 第 10 行.
NOTIC: [8] Undefined index: zan D:\wamp\www\tpcms\Application\Runtime\Cache\Home\80026174ec2c4f3f20501e9662013a70.php 第 10 行.
NOTIC: [8] Undefined index: zan D:\wamp\www\tpcms\Application\Runtime\Cache\Home\80026174ec2c4f3f20501e9662013a70.php 第 10 行.
NOTIC: [8] Undefined index: zan D:\wamp\www\tpcms\Application\Runtime\Cache\Home\80026174ec2c4f3f20501e9662013a70.php 第 10 行.
NOTIC: [8] Undefined index: zan D:\wamp\www\tpcms\Application\Runtime\Cache\Home\80026174ec2c4f3f20501e9662013a70.php 第 10 行.
NOTIC: [8] Undefined index: zan D:\wamp\www\tpcms\Application\Runtime\Cache\Home\80026174ec2c4f3f20501e9662013a70.php 第 10 行.
INFO: Run Behavior\ParseTemplateBehavior [ RunTime:0.006088s ]
INFO: [ view_parse ] --END-- [ RunTime:0.006120s ]
INFO: [ view_filter ] --START--
INFO: Run Behavior\WriteHtmlCacheBehavior [ RunTime:0.000509s ]
INFO: [ view_filter ] --END-- [ RunTime:0.000537s ]
INFO: [ app_end ] --START--
INFO: Run Behavior\ShowPageTraceBehavior [ RunTime:0.000757s ]
INFO: [ app_end ] --END-- [ RunTime:0.000791s ]

[ 2017-04-27T10:06:53+08:00 ] 10.168.77.122 /Article/dropDown.html
INFO: [ app_begin ] --START--
INFO: Run Behavior\ReadHtmlCacheBehavior [ RunTime:0.000833s ]
INFO: [ app_begin ] --END-- [ RunTime:0.001419s ]
SQL: SHOW COLUMNS FROM `isq_nav` [ RunTime:0.0035s ]
SQL: SELECT * FROM `isq_nav` WHERE `is_show` = 1 ORDER BY sort asc  [ RunTime:0.0004s ]
SQL: SHOW COLUMNS FROM `isq_category` [ RunTime:0.0030s ]
SQL: SELECT * FROM `isq_category` WHERE `url` = 'lvxing' LIMIT 1   [ RunTime:0.0003s ]
NOTIC: [2048] Declaration of Common\Model\ArticleModel::check() should be compatible with Think\Model::check($value, $rule, $type = 'regex') D:\wamp\www\tpcms\Application\Common\Model\ArticleModel.class.php 第 108 行.
SQL: SHOW COLUMNS FROM `isq_article` [ RunTime:0.0028s ]
SQL: SELECT `article_id`,`title`,`titleimg`,`newstime`,`synopsis`,`clicks`,`url` FROM isq_article a left join isq_category c on a.cate_id = c.cate_id  WHERE c.cate_id = '3' AND `status` = 1 ORDER BY article_id desc LIMIT 10,10   [ RunTime:0.0020s ]
INFO: [ view_parse ] --START--
INFO: [ template_filter ] --START--
INFO: Run Behavior\ContentReplaceBehavior [ RunTime:0.000036s ]
INFO: [ template_filter ] --END-- [ RunTime:0.000067s ]
NOTIC: [8] Undefined index: zan D:\wamp\www\tpcms\Application\Runtime\Cache\Home\80026174ec2c4f3f20501e9662013a70.php 第 10 行.
NOTIC: [8] Undefined index: zan D:\wamp\www\tpcms\Application\Runtime\Cache\Home\80026174ec2c4f3f20501e9662013a70.php 第 10 行.
NOTIC: [8] Undefined index: zan D:\wamp\www\tpcms\Application\Runtime\Cache\Home\80026174ec2c4f3f20501e9662013a70.php 第 10 行.
NOTIC: [8] Undefined index: zan D:\wamp\www\tpcms\Application\Runtime\Cache\Home\80026174ec2c4f3f20501e9662013a70.php 第 10 行.
NOTIC: [8] Undefined index: zan D:\wamp\www\tpcms\Application\Runtime\Cache\Home\80026174ec2c4f3f20501e9662013a70.php 第 10 行.
NOTIC: [8] Undefined index: zan D:\wamp\www\tpcms\Application\Runtime\Cache\Home\80026174ec2c4f3f20501e9662013a70.php 第 10 行.
NOTIC: [8] Undefined index: zan D:\wamp\www\tpcms\Application\Runtime\Cache\Home\80026174ec2c4f3f20501e9662013a70.php 第 10 行.
NOTIC: [8] Undefined index: zan D:\wamp\www\tpcms\Application\Runtime\Cache\Home\80026174ec2c4f3f20501e9662013a70.php 第 10 行.
NOTIC: [8] Undefined index: zan D:\wamp\www\tpcms\Application\Runtime\Cache\Home\80026174ec2c4f3f20501e9662013a70.php 第 10 行.
NOTIC: [8] Undefined index: zan D:\wamp\www\tpcms\Application\Runtime\Cache\Home\80026174ec2c4f3f20501e9662013a70.php 第 10 行.
INFO: Run Behavior\ParseTemplateBehavior [ RunTime:0.005974s ]
INFO: [ view_parse ] --END-- [ RunTime:0.006002s ]
INFO: [ view_filter ] --START--
INFO: Run Behavior\WriteHtmlCacheBehavior [ RunTime:0.000456s ]
INFO: [ view_filter ] --END-- [ RunTime:0.000480s ]
INFO: [ app_end ] --START--
INFO: Run Behavior\ShowPageTraceBehavior [ RunTime:0.000570s ]
INFO: [ app_end ] --END-- [ RunTime:0.000598s ]

[ 2017-04-27T10:06:55+08:00 ] 10.168.77.122 /Article/dropDown.html
INFO: [ app_begin ] --START--
INFO: Run Behavior\ReadHtmlCacheBehavior [ RunTime:0.001819s ]
INFO: [ app_begin ] --END-- [ RunTime:0.002990s ]
SQL: SHOW COLUMNS FROM `isq_nav` [ RunTime:0.0052s ]
SQL: SELECT * FROM `isq_nav` WHERE `is_show` = 1 ORDER BY sort asc  [ RunTime:0.0005s ]
SQL: SHOW COLUMNS FROM `isq_category` [ RunTime:0.0056s ]
SQL: SELECT * FROM `isq_category` WHERE `url` = 'lvxing' LIMIT 1   [ RunTime:0.0006s ]
NOTIC: [2048] Declaration of Common\Model\ArticleModel::check() should be compatible with Think\Model::check($value, $rule, $type = 'regex') D:\wamp\www\tpcms\Application\Common\Model\ArticleModel.class.php 第 108 行.
SQL: SHOW COLUMNS FROM `isq_article` [ RunTime:0.0055s ]
SQL: SELECT `article_id`,`title`,`titleimg`,`newstime`,`synopsis`,`clicks`,`url` FROM isq_article a left join isq_category c on a.cate_id = c.cate_id  WHERE c.cate_id = '3' AND `status` = 1 ORDER BY article_id desc LIMIT 20,10   [ RunTime:0.0036s ]
INFO: [ view_parse ] --START--
INFO: [ template_filter ] --START--
INFO: Run Behavior\ContentReplaceBehavior [ RunTime:0.000060s ]
INFO: [ template_filter ] --END-- [ RunTime:0.000121s ]
NOTIC: [8] Undefined index: zan D:\wamp\www\tpcms\Application\Runtime\Cache\Home\80026174ec2c4f3f20501e9662013a70.php 第 10 行.
NOTIC: [8] Undefined index: zan D:\wamp\www\tpcms\Application\Runtime\Cache\Home\80026174ec2c4f3f20501e9662013a70.php 第 10 行.
NOTIC: [8] Undefined index: zan D:\wamp\www\tpcms\Application\Runtime\Cache\Home\80026174ec2c4f3f20501e9662013a70.php 第 10 行.
NOTIC: [8] Undefined index: zan D:\wamp\www\tpcms\Application\Runtime\Cache\Home\80026174ec2c4f3f20501e9662013a70.php 第 10 行.
NOTIC: [8] Undefined index: zan D:\wamp\www\tpcms\Application\Runtime\Cache\Home\80026174ec2c4f3f20501e9662013a70.php 第 10 行.
NOTIC: [8] Undefined index: zan D:\wamp\www\tpcms\Application\Runtime\Cache\Home\80026174ec2c4f3f20501e9662013a70.php 第 10 行.
NOTIC: [8] Undefined index: zan D:\wamp\www\tpcms\Application\Runtime\Cache\Home\80026174ec2c4f3f20501e9662013a70.php 第 10 行.
NOTIC: [8] Undefined index: zan D:\wamp\www\tpcms\Application\Runtime\Cache\Home\80026174ec2c4f3f20501e9662013a70.php 第 10 行.
NOTIC: [8] Undefined index: zan D:\wamp\www\tpcms\Application\Runtime\Cache\Home\80026174ec2c4f3f20501e9662013a70.php 第 10 行.
NOTIC: [8] Undefined index: zan D:\wamp\www\tpcms\Application\Runtime\Cache\Home\80026174ec2c4f3f20501e9662013a70.php 第 10 行.
INFO: Run Behavior\ParseTemplateBehavior [ RunTime:0.006732s ]
INFO: [ view_parse ] --END-- [ RunTime:0.006768s ]
INFO: [ view_filter ] --START--
INFO: Run Behavior\WriteHtmlCacheBehavior [ RunTime:0.000552s ]
INFO: [ view_filter ] --END-- [ RunTime:0.000584s ]
INFO: [ app_end ] --START--
INFO: Run Behavior\ShowPageTraceBehavior [ RunTime:0.000692s ]
INFO: [ app_end ] --END-- [ RunTime:0.000726s ]

