[ 2017-05-10T09:56:04+08:00 ] 127.0.0.1 /
INFO: [ app_init ] --START--
INFO: Run Behavior\BuildLiteBehavior [ RunTime:0.000011s ]
INFO: [ app_init ] --END-- [ RunTime:0.001813s ]
INFO: [ app_begin ] --START--
INFO: Run Behavior\ReadHtmlCacheBehavior [ RunTime:0.000841s ]
INFO: [ app_begin ] --END-- [ RunTime:0.000885s ]
SQL: SHOW COLUMNS FROM `isq_nav` [ RunTime:0.0085s ]
SQL: SELECT * FROM `isq_nav` WHERE `is_show` = 1 ORDER BY sort asc  [ RunTime:0.0011s ]
SQL: SHOW COLUMNS FROM `isq_config` [ RunTime:0.0037s ]
SQL: SELECT `conf_value` FROM `isq_config` WHERE `conf_name` = 'site_title' LIMIT 1   [ RunTime:0.0005s ]
SQL: SELECT `conf_value` FROM `isq_config` WHERE `conf_name` = 'site_keywords' LIMIT 1   [ RunTime:0.0001s ]
SQL: SELECT `conf_value` FROM `isq_config` WHERE `conf_name` = 'site_desc' LIMIT 1   [ RunTime:0.0001s ]
SQL: SHOW COLUMNS FROM `isq_friendlink` [ RunTime:0.0042s ]
SQL: SELECT * FROM `isq_friendlink`  [ RunTime:0.0002s ]
SQL: SHOW COLUMNS FROM `isq_adv` [ RunTime:0.0041s ]
SQL: SELECT * FROM `isq_adv` WHERE `id` = 1 LIMIT 1   [ RunTime:0.0002s ]
SQL: SELECT * FROM `isq_adv` WHERE `id` = 2 LIMIT 1   [ RunTime:0.0001s ]
SQL: SELECT * FROM `isq_adv` WHERE `id` = 3 LIMIT 1   [ RunTime:0.0001s ]
SQL: SELECT * FROM `isq_adv` WHERE `id` = 4 LIMIT 1   [ RunTime:0.0001s ]
NOTIC: [2048] Declaration of Common\Model\ArticleModel::check() should be compatible with Think\Model::check($value, $rule, $type = 'regex') D:\wamp\www\tpcms\Application\Common\Model\ArticleModel.class.php 第 107 行.
SQL: SHOW COLUMNS FROM `isq_article` [ RunTime:0.0039s ]
SQL: SELECT `article_id`,`title`,`titleimg`,`url`,`content` FROM isq_article a left join isq_category c on a.cate_id = c.cate_id  WHERE `status` = 1 AND `is_recommend` = 1 ORDER BY newstime desc LIMIT 6   [ RunTime:0.0067s ]
SQL: SELECT `article_id`,`title`,`url`,`cate_name` FROM isq_article a left join isq_category c on a.cate_id = c.cate_id  WHERE `status` = 1 AND a.cate_id NOT IN ('24','5','3','33','20','36') ORDER BY newstime desc LIMIT 16   [ RunTime:0.0013s ]
SQL: SELECT `article_id`,`title`,`url`,`titleimg`,`cate_name`,`content` FROM isq_article a left join isq_category c on a.cate_id = c.cate_id  WHERE `status` = 1 AND c.cate_id = '24' ORDER BY newstime desc LIMIT 6   [ RunTime:0.0006s ]
SQL: SELECT `article_id`,`title`,`url`,`titleimg` FROM isq_article a left join isq_category c on a.cate_id = c.cate_id  WHERE `status` = 1 AND a.cate_id = '5' ORDER BY newstime desc LIMIT 9   [ RunTime:0.0005s ]
SQL: SELECT `article_id`,`title`,`url`,`titleimg`,`content` FROM isq_article a left join isq_category c on a.cate_id = c.cate_id  WHERE `status` = 1 AND a.cate_id = '33' ORDER BY newstime desc LIMIT 4   [ RunTime:0.0004s ]
SQL: SELECT `article_id`,`title`,`url`,`titleimg`,`content` FROM isq_article a left join isq_category c on a.cate_id = c.cate_id  WHERE `status` = 1 AND a.cate_id = '20' ORDER BY newstime desc LIMIT 4   [ RunTime:0.0005s ]
SQL: SELECT `article_id`,`title`,`url`,`titleimg`,`content` FROM isq_article a left join isq_category c on a.cate_id = c.cate_id  WHERE `status` = 1 AND a.cate_id = '3' ORDER BY newstime desc LIMIT 9   [ RunTime:0.0007s ]
SQL: SELECT `article_id`,`url`,`titleimg` FROM isq_article a left join isq_category c on a.cate_id = c.cate_id  WHERE `status` = 1 AND a.cate_id = '36' ORDER BY newstime desc LIMIT 6   [ RunTime:0.0005s ]
SQL: SELECT `article_id`,`title`,`titleimg`,`newstime`,`synopsis`,`clicks`,`url`,`content` FROM isq_article a left join isq_category c on a.cate_id = c.cate_id  WHERE `status` = 1 ORDER BY newstime desc LIMIT 10   [ RunTime:0.0006s ]
INFO: [ view_parse ] --START--
INFO: [ template_filter ] --START--
INFO: Run Behavior\ContentReplaceBehavior [ RunTime:0.001016s ]
INFO: [ template_filter ] --END-- [ RunTime:0.001058s ]
INFO: Run Behavior\ParseTemplateBehavior [ RunTime:0.027634s ]
INFO: [ view_parse ] --END-- [ RunTime:0.027676s ]
INFO: [ view_filter ] --START--
INFO: Run Behavior\WriteHtmlCacheBehavior [ RunTime:0.000710s ]
INFO: [ view_filter ] --END-- [ RunTime:0.000736s ]
INFO: [ app_end ] --START--
INFO: Run Behavior\ShowPageTraceBehavior [ RunTime:0.011108s ]
INFO: [ app_end ] --END-- [ RunTime:0.011152s ]

[ 2017-05-10T09:56:04+08:00 ] 127.0.0.1 /Public/Home/css/bootstrap.min.css
INFO: [ app_init ] --START--
INFO: Run Behavior\BuildLiteBehavior [ RunTime:0.000011s ]
INFO: [ app_init ] --END-- [ RunTime:0.000545s ]
INFO: [ app_begin ] --START--
INFO: Run Behavior\ReadHtmlCacheBehavior [ RunTime:0.000964s ]
INFO: [ app_begin ] --END-- [ RunTime:0.001014s ]
ERR: 无法加载控制器:Public

[ 2017-05-10T09:56:06+08:00 ] 127.0.0.1 /Public/Upload/pic/20170427030422.jpg
INFO: [ app_init ] --START--
INFO: Run Behavior\BuildLiteBehavior [ RunTime:0.000010s ]
INFO: [ app_init ] --END-- [ RunTime:0.000309s ]
INFO: [ app_begin ] --START--
INFO: Run Behavior\ReadHtmlCacheBehavior [ RunTime:0.000440s ]
INFO: [ app_begin ] --END-- [ RunTime:0.000493s ]
SQL: SHOW COLUMNS FROM `isq_nav` [ RunTime:0.0026s ]
SQL: SELECT * FROM `isq_nav` WHERE `is_show` = 1 ORDER BY sort asc  [ RunTime:0.0003s ]
NOTIC: [2048] Declaration of Common\Model\ArticleModel::check() should be compatible with Think\Model::check($value, $rule, $type = 'regex') D:\wamp\www\tpcms\Application\Common\Model\ArticleModel.class.php 第 107 行.
SQL: SHOW COLUMNS FROM `isq_article` [ RunTime:0.0029s ]
SQL: UPDATE `isq_article` SET `clicks`=clicks+1 WHERE `article_id` = 2147483647 [ RunTime:0.0019s ]
SQL: UPDATE `isq_article` SET `real_clicks`=real_clicks+1 WHERE `article_id` = 2147483647 [ RunTime:0.0003s ]
SQL: SELECT a.*,c.* FROM isq_article a left join isq_category c on a.cate_id = c.cate_id  WHERE `article_id` = '20170427030422' LIMIT 1   [ RunTime:0.0003s ]
SQL: SELECT `article_id`,`title`,`titleimg`,`newstime`,`url`,`clicks`,`zan` FROM isq_article a left join isq_category c on c.cate_id = a.cate_id  WHERE `status` = 1 AND `newstime` >= '2017-05-05' ORDER BY clicks desc LIMIT 11   [ RunTime:0.0006s ]
SQL: SELECT `article_id`,`titleimg`,`title`,`newstime`,`url`,`clicks`,`zan` FROM isq_article a left join isq_category c on a.cate_id = c.cate_id  WHERE `status` = 1 AND `article_id` <> '20170427030422' AND a.cate_id = null ORDER BY newstime desc LIMIT 6   [ RunTime:0.0007s ]
SQL: SELECT `article_id`,`titleimg`,`title`,`newstime`,`url`,`clicks`,`zan` FROM isq_article a left join isq_category c on a.cate_id = c.cate_id  WHERE a.cate_id = null AND `article_id` <> '20170427030422' ORDER BY newstime desc LIMIT 6   [ RunTime:0.0007s ]
SQL: SELECT `article_id`,`titleimg`,`title`,`newstime`,`url`,`clicks`,`zan` FROM isq_article a left join isq_category c on a.cate_id = c.cate_id  WHERE a.cate_id <> null ORDER BY newstime desc LIMIT 4   [ RunTime:0.0006s ]
INFO: [ view_parse ] --START--
INFO: [ template_filter ] --START--
INFO: Run Behavior\ContentReplaceBehavior [ RunTime:0.000116s ]
INFO: [ template_filter ] --END-- [ RunTime:0.000150s ]
INFO: Run Behavior\ParseTemplateBehavior [ RunTime:0.011031s ]
INFO: [ view_parse ] --END-- [ RunTime:0.011074s ]
INFO: [ view_filter ] --START--
INFO: Run Behavior\WriteHtmlCacheBehavior [ RunTime:0.000340s ]
INFO: [ view_filter ] --END-- [ RunTime:0.000364s ]
INFO: [ app_end ] --START--
INFO: Run Behavior\ShowPageTraceBehavior [ RunTime:0.000686s ]
INFO: [ app_end ] --END-- [ RunTime:0.000729s ]

[ 2017-05-10T09:56:06+08:00 ] 127.0.0.1 /Public/Upload/pic/20170427030404.jpg
INFO: [ app_init ] --START--
INFO: Run Behavior\BuildLiteBehavior [ RunTime:0.000010s ]
INFO: [ app_init ] --END-- [ RunTime:0.000300s ]
INFO: [ app_begin ] --START--
INFO: Run Behavior\ReadHtmlCacheBehavior [ RunTime:0.001053s ]
INFO: [ app_begin ] --END-- [ RunTime:0.001213s ]
SQL: SHOW COLUMNS FROM `isq_nav` [ RunTime:0.0030s ]
SQL: SELECT * FROM `isq_nav` WHERE `is_show` = 1 ORDER BY sort asc  [ RunTime:0.0003s ]
NOTIC: [2048] Declaration of Common\Model\ArticleModel::check() should be compatible with Think\Model::check($value, $rule, $type = 'regex') D:\wamp\www\tpcms\Application\Common\Model\ArticleModel.class.php 第 107 行.
SQL: SHOW COLUMNS FROM `isq_article` [ RunTime:0.0028s ]
SQL: UPDATE `isq_article` SET `clicks`=clicks+10 WHERE `article_id` = 2147483647 [ RunTime:0.0002s ]
SQL: UPDATE `isq_article` SET `real_clicks`=real_clicks+1 WHERE `article_id` = 2147483647 [ RunTime:0.0002s ]
SQL: SELECT a.*,c.* FROM isq_article a left join isq_category c on a.cate_id = c.cate_id  WHERE `article_id` = '20170427030404' LIMIT 1   [ RunTime:0.0002s ]
SQL: SELECT `article_id`,`title`,`titleimg`,`newstime`,`url`,`clicks`,`zan` FROM isq_article a left join isq_category c on c.cate_id = a.cate_id  WHERE `status` = 1 AND `newstime` >= '2017-05-05' ORDER BY clicks desc LIMIT 11   [ RunTime:0.0007s ]
SQL: SELECT `article_id`,`titleimg`,`title`,`newstime`,`url`,`clicks`,`zan` FROM isq_article a left join isq_category c on a.cate_id = c.cate_id  WHERE `status` = 1 AND `article_id` <> '20170427030404' AND a.cate_id = null ORDER BY newstime desc LIMIT 6   [ RunTime:0.0009s ]
SQL: SELECT `article_id`,`titleimg`,`title`,`newstime`,`url`,`clicks`,`zan` FROM isq_article a left join isq_category c on a.cate_id = c.cate_id  WHERE a.cate_id = null AND `article_id` <> '20170427030404' ORDER BY newstime desc LIMIT 6   [ RunTime:0.0007s ]
SQL: SELECT `article_id`,`titleimg`,`title`,`newstime`,`url`,`clicks`,`zan` FROM isq_article a left join isq_category c on a.cate_id = c.cate_id  WHERE a.cate_id <> null ORDER BY newstime desc LIMIT 4   [ RunTime:0.0008s ]
INFO: [ view_parse ] --START--
INFO: [ template_filter ] --START--
INFO: Run Behavior\ContentReplaceBehavior [ RunTime:0.000115s ]
INFO: [ template_filter ] --END-- [ RunTime:0.000151s ]
INFO: Run Behavior\ParseTemplateBehavior [ RunTime:0.009317s ]
INFO: [ view_parse ] --END-- [ RunTime:0.009360s ]
INFO: [ view_filter ] --START--
INFO: Run Behavior\WriteHtmlCacheBehavior [ RunTime:0.000307s ]
INFO: [ view_filter ] --END-- [ RunTime:0.000338s ]
INFO: [ app_end ] --START--
INFO: Run Behavior\ShowPageTraceBehavior [ RunTime:0.000663s ]
INFO: [ app_end ] --END-- [ RunTime:0.000710s ]

[ 2017-05-10T09:56:06+08:00 ] 127.0.0.1 /Public/Upload/pic/20170427030412.jpg
INFO: [ app_init ] --START--
INFO: Run Behavior\BuildLiteBehavior [ RunTime:0.000010s ]
INFO: [ app_init ] --END-- [ RunTime:0.000303s ]
INFO: [ app_begin ] --START--
INFO: Run Behavior\ReadHtmlCacheBehavior [ RunTime:0.000430s ]
INFO: [ app_begin ] --END-- [ RunTime:0.000465s ]
SQL: SHOW COLUMNS FROM `isq_nav` [ RunTime:0.0035s ]
SQL: SELECT * FROM `isq_nav` WHERE `is_show` = 1 ORDER BY sort asc  [ RunTime:0.0004s ]
NOTIC: [2048] Declaration of Common\Model\ArticleModel::check() should be compatible with Think\Model::check($value, $rule, $type = 'regex') D:\wamp\www\tpcms\Application\Common\Model\ArticleModel.class.php 第 107 行.
SQL: SHOW COLUMNS FROM `isq_article` [ RunTime:0.0034s ]
SQL: UPDATE `isq_article` SET `clicks`=clicks+6 WHERE `article_id` = 2147483647 [ RunTime:0.0002s ]
SQL: UPDATE `isq_article` SET `real_clicks`=real_clicks+1 WHERE `article_id` = 2147483647 [ RunTime:0.0001s ]
SQL: SELECT a.*,c.* FROM isq_article a left join isq_category c on a.cate_id = c.cate_id  WHERE `article_id` = '20170427030412' LIMIT 1   [ RunTime:0.0002s ]
SQL: SELECT `article_id`,`title`,`titleimg`,`newstime`,`url`,`clicks`,`zan` FROM isq_article a left join isq_category c on c.cate_id = a.cate_id  WHERE `status` = 1 AND `newstime` >= '2017-05-05' ORDER BY clicks desc LIMIT 11   [ RunTime:0.0006s ]
SQL: SELECT `article_id`,`titleimg`,`title`,`newstime`,`url`,`clicks`,`zan` FROM isq_article a left join isq_category c on a.cate_id = c.cate_id  WHERE `status` = 1 AND `article_id` <> '20170427030412' AND a.cate_id = null ORDER BY newstime desc LIMIT 6   [ RunTime:0.0005s ]
SQL: SELECT `article_id`,`titleimg`,`title`,`newstime`,`url`,`clicks`,`zan` FROM isq_article a left join isq_category c on a.cate_id = c.cate_id  WHERE a.cate_id = null AND `article_id` <> '20170427030412' ORDER BY newstime desc LIMIT 6   [ RunTime:0.0006s ]
SQL: SELECT `article_id`,`titleimg`,`title`,`newstime`,`url`,`clicks`,`zan` FROM isq_article a left join isq_category c on a.cate_id = c.cate_id  WHERE a.cate_id <> null ORDER BY newstime desc LIMIT 4   [ RunTime:0.0005s ]
INFO: [ view_parse ] --START--
INFO: [ template_filter ] --START--
INFO: Run Behavior\ContentReplaceBehavior [ RunTime:0.000113s ]
INFO: [ template_filter ] --END-- [ RunTime:0.000148s ]
INFO: Run Behavior\ParseTemplateBehavior [ RunTime:0.009611s ]
INFO: [ view_parse ] --END-- [ RunTime:0.009648s ]
INFO: [ view_filter ] --START--
INFO: Run Behavior\WriteHtmlCacheBehavior [ RunTime:0.000381s ]
INFO: [ view_filter ] --END-- [ RunTime:0.000407s ]
INFO: [ app_end ] --START--
INFO: Run Behavior\ShowPageTraceBehavior [ RunTime:0.000694s ]
INFO: [ app_end ] --END-- [ RunTime:0.000754s ]

[ 2017-05-10T09:56:06+08:00 ] 127.0.0.1 /Public/Upload/pic/20170427030433.jpg
INFO: [ app_init ] --START--
INFO: Run Behavior\BuildLiteBehavior [ RunTime:0.000011s ]
INFO: [ app_init ] --END-- [ RunTime:0.000770s ]
INFO: [ app_begin ] --START--
INFO: Run Behavior\ReadHtmlCacheBehavior [ RunTime:0.000561s ]
INFO: [ app_begin ] --END-- [ RunTime:0.000598s ]
SQL: SHOW COLUMNS FROM `isq_nav` [ RunTime:0.0031s ]
SQL: SELECT * FROM `isq_nav` WHERE `is_show` = 1 ORDER BY sort asc  [ RunTime:0.0003s ]
NOTIC: [2048] Declaration of Common\Model\ArticleModel::check() should be compatible with Think\Model::check($value, $rule, $type = 'regex') D:\wamp\www\tpcms\Application\Common\Model\ArticleModel.class.php 第 107 行.
SQL: SHOW COLUMNS FROM `isq_article` [ RunTime:0.0028s ]
SQL: UPDATE `isq_article` SET `clicks`=clicks+5 WHERE `article_id` = 2147483647 [ RunTime:0.0002s ]
SQL: UPDATE `isq_article` SET `real_clicks`=real_clicks+1 WHERE `article_id` = 2147483647 [ RunTime:0.0001s ]
SQL: SELECT a.*,c.* FROM isq_article a left join isq_category c on a.cate_id = c.cate_id  WHERE `article_id` = '20170427030433' LIMIT 1   [ RunTime:0.0002s ]
SQL: SELECT `article_id`,`title`,`titleimg`,`newstime`,`url`,`clicks`,`zan` FROM isq_article a left join isq_category c on c.cate_id = a.cate_id  WHERE `status` = 1 AND `newstime` >= '2017-05-05' ORDER BY clicks desc LIMIT 11   [ RunTime:0.0006s ]
SQL: SELECT `article_id`,`titleimg`,`title`,`newstime`,`url`,`clicks`,`zan` FROM isq_article a left join isq_category c on a.cate_id = c.cate_id  WHERE `status` = 1 AND `article_id` <> '20170427030433' AND a.cate_id = null ORDER BY newstime desc LIMIT 6   [ RunTime:0.0005s ]
SQL: SELECT `article_id`,`titleimg`,`title`,`newstime`,`url`,`clicks`,`zan` FROM isq_article a left join isq_category c on a.cate_id = c.cate_id  WHERE a.cate_id = null AND `article_id` <> '20170427030433' ORDER BY newstime desc LIMIT 6   [ RunTime:0.0005s ]
SQL: SELECT `article_id`,`titleimg`,`title`,`newstime`,`url`,`clicks`,`zan` FROM isq_article a left join isq_category c on a.cate_id = c.cate_id  WHERE a.cate_id <> null ORDER BY newstime desc LIMIT 4   [ RunTime:0.0005s ]
INFO: [ view_parse ] --START--
INFO: [ template_filter ] --START--
INFO: Run Behavior\ContentReplaceBehavior [ RunTime:0.000116s ]
INFO: [ template_filter ] --END-- [ RunTime:0.000149s ]
INFO: Run Behavior\ParseTemplateBehavior [ RunTime:0.009255s ]
INFO: [ view_parse ] --END-- [ RunTime:0.009291s ]
INFO: [ view_filter ] --START--
INFO: Run Behavior\WriteHtmlCacheBehavior [ RunTime:0.000252s ]
INFO: [ view_filter ] --END-- [ RunTime:0.000277s ]
INFO: [ app_end ] --START--
INFO: Run Behavior\ShowPageTraceBehavior [ RunTime:0.000716s ]
INFO: [ app_end ] --END-- [ RunTime:0.000759s ]

[ 2017-05-10T09:56:06+08:00 ] 127.0.0.1 /Public/Upload/pic/20170428100450.png
INFO: [ app_init ] --START--
INFO: Run Behavior\BuildLiteBehavior [ RunTime:0.000012s ]
INFO: [ app_init ] --END-- [ RunTime:0.000416s ]
INFO: [ app_begin ] --START--
INFO: Run Behavior\ReadHtmlCacheBehavior [ RunTime:0.000556s ]
INFO: [ app_begin ] --END-- [ RunTime:0.000607s ]
SQL: SHOW COLUMNS FROM `isq_nav` [ RunTime:0.0033s ]
SQL: SELECT * FROM `isq_nav` WHERE `is_show` = 1 ORDER BY sort asc  [ RunTime:0.0003s ]
NOTIC: [2048] Declaration of Common\Model\ArticleModel::check() should be compatible with Think\Model::check($value, $rule, $type = 'regex') D:\wamp\www\tpcms\Application\Common\Model\ArticleModel.class.php 第 107 行.
SQL: SHOW COLUMNS FROM `isq_article` [ RunTime:0.0028s ]
SQL: UPDATE `isq_article` SET `clicks`=clicks+7 WHERE `article_id` = 2147483647 [ RunTime:0.0003s ]
SQL: UPDATE `isq_article` SET `real_clicks`=real_clicks+1 WHERE `article_id` = 2147483647 [ RunTime:0.0001s ]
SQL: SELECT a.*,c.* FROM isq_article a left join isq_category c on a.cate_id = c.cate_id  WHERE `article_id` = '20170428100450' LIMIT 1   [ RunTime:0.0002s ]
SQL: SELECT `article_id`,`title`,`titleimg`,`newstime`,`url`,`clicks`,`zan` FROM isq_article a left join isq_category c on c.cate_id = a.cate_id  WHERE `status` = 1 AND `newstime` >= '2017-05-05' ORDER BY clicks desc LIMIT 11   [ RunTime:0.0005s ]
SQL: SELECT `article_id`,`titleimg`,`title`,`newstime`,`url`,`clicks`,`zan` FROM isq_article a left join isq_category c on a.cate_id = c.cate_id  WHERE `status` = 1 AND `article_id` <> '20170428100450' AND a.cate_id = null ORDER BY newstime desc LIMIT 6   [ RunTime:0.0004s ]
SQL: SELECT `article_id`,`titleimg`,`title`,`newstime`,`url`,`clicks`,`zan` FROM isq_article a left join isq_category c on a.cate_id = c.cate_id  WHERE a.cate_id = null AND `article_id` <> '20170428100450' ORDER BY newstime desc LIMIT 6   [ RunTime:0.0004s ]
SQL: SELECT `article_id`,`titleimg`,`title`,`newstime`,`url`,`clicks`,`zan` FROM isq_article a left join isq_category c on a.cate_id = c.cate_id  WHERE a.cate_id <> null ORDER BY newstime desc LIMIT 4   [ RunTime:0.0004s ]
INFO: [ view_parse ] --START--
INFO: [ template_filter ] --START--
INFO: Run Behavior\ContentReplaceBehavior [ RunTime:0.000111s ]
INFO: [ template_filter ] --END-- [ RunTime:0.000145s ]
INFO: Run Behavior\ParseTemplateBehavior [ RunTime:0.009422s ]
INFO: [ view_parse ] --END-- [ RunTime:0.009457s ]
INFO: [ view_filter ] --START--
INFO: Run Behavior\WriteHtmlCacheBehavior [ RunTime:0.000260s ]
INFO: [ view_filter ] --END-- [ RunTime:0.000284s ]
INFO: [ app_end ] --START--
INFO: Run Behavior\ShowPageTraceBehavior [ RunTime:0.000690s ]
INFO: [ app_end ] --END-- [ RunTime:0.000733s ]

[ 2017-05-10T09:56:06+08:00 ] 127.0.0.1 /Public/Upload/pic/20170426090424.jpg
INFO: [ app_init ] --START--
INFO: Run Behavior\BuildLiteBehavior [ RunTime:0.000010s ]
INFO: [ app_init ] --END-- [ RunTime:0.000292s ]
INFO: [ app_begin ] --START--
INFO: Run Behavior\ReadHtmlCacheBehavior [ RunTime:0.000399s ]
INFO: [ app_begin ] --END-- [ RunTime:0.000434s ]
SQL: SHOW COLUMNS FROM `isq_nav` [ RunTime:0.0024s ]
SQL: SELECT * FROM `isq_nav` WHERE `is_show` = 1 ORDER BY sort asc  [ RunTime:0.0002s ]
NOTIC: [2048] Declaration of Common\Model\ArticleModel::check() should be compatible with Think\Model::check($value, $rule, $type = 'regex') D:\wamp\www\tpcms\Application\Common\Model\ArticleModel.class.php 第 107 行.
SQL: SHOW COLUMNS FROM `isq_article` [ RunTime:0.0027s ]
SQL: UPDATE `isq_article` SET `clicks`=clicks+3 WHERE `article_id` = 2147483647 [ RunTime:0.0002s ]
SQL: UPDATE `isq_article` SET `real_clicks`=real_clicks+1 WHERE `article_id` = 2147483647 [ RunTime:0.0002s ]
SQL: SELECT a.*,c.* FROM isq_article a left join isq_category c on a.cate_id = c.cate_id  WHERE `article_id` = '20170426090424' LIMIT 1   [ RunTime:0.0002s ]
SQL: SELECT `article_id`,`title`,`titleimg`,`newstime`,`url`,`clicks`,`zan` FROM isq_article a left join isq_category c on c.cate_id = a.cate_id  WHERE `status` = 1 AND `newstime` >= '2017-05-05' ORDER BY clicks desc LIMIT 11   [ RunTime:0.0006s ]
SQL: SELECT `article_id`,`titleimg`,`title`,`newstime`,`url`,`clicks`,`zan` FROM isq_article a left join isq_category c on a.cate_id = c.cate_id  WHERE `status` = 1 AND `article_id` <> '20170426090424' AND a.cate_id = null ORDER BY newstime desc LIMIT 6   [ RunTime:0.0006s ]
SQL: SELECT `article_id`,`titleimg`,`title`,`newstime`,`url`,`clicks`,`zan` FROM isq_article a left join isq_category c on a.cate_id = c.cate_id  WHERE a.cate_id = null AND `article_id` <> '20170426090424' ORDER BY newstime desc LIMIT 6   [ RunTime:0.0006s ]
SQL: SELECT `article_id`,`titleimg`,`title`,`newstime`,`url`,`clicks`,`zan` FROM isq_article a left join isq_category c on a.cate_id = c.cate_id  WHERE a.cate_id <> null ORDER BY newstime desc LIMIT 4   [ RunTime:0.0005s ]
INFO: [ view_parse ] --START--
INFO: [ template_filter ] --START--
INFO: Run Behavior\ContentReplaceBehavior [ RunTime:0.000194s ]
INFO: [ template_filter ] --END-- [ RunTime:0.000319s ]
INFO: Run Behavior\ParseTemplateBehavior [ RunTime:0.013133s ]
INFO: [ view_parse ] --END-- [ RunTime:0.013176s ]
INFO: [ view_filter ] --START--
INFO: Run Behavior\WriteHtmlCacheBehavior [ RunTime:0.000466s ]
INFO: [ view_filter ] --END-- [ RunTime:0.000501s ]
INFO: [ app_end ] --START--
INFO: Run Behavior\ShowPageTraceBehavior [ RunTime:0.000758s ]
INFO: [ app_end ] --END-- [ RunTime:0.000806s ]

[ 2017-05-10T09:56:06+08:00 ] 127.0.0.1 /Public/Upload/pic/20170426100430.jpg
INFO: [ app_init ] --START--
INFO: Run Behavior\BuildLiteBehavior [ RunTime:0.000010s ]
INFO: [ app_init ] --END-- [ RunTime:0.000308s ]
INFO: [ app_begin ] --START--
INFO: Run Behavior\ReadHtmlCacheBehavior [ RunTime:0.000356s ]
INFO: [ app_begin ] --END-- [ RunTime:0.000393s ]
SQL: SHOW COLUMNS FROM `isq_nav` [ RunTime:0.0030s ]
SQL: SELECT * FROM `isq_nav` WHERE `is_show` = 1 ORDER BY sort asc  [ RunTime:0.0003s ]
NOTIC: [2048] Declaration of Common\Model\ArticleModel::check() should be compatible with Think\Model::check($value, $rule, $type = 'regex') D:\wamp\www\tpcms\Application\Common\Model\ArticleModel.class.php 第 107 行.
SQL: SHOW COLUMNS FROM `isq_article` [ RunTime:0.0030s ]
SQL: UPDATE `isq_article` SET `clicks`=clicks+7 WHERE `article_id` = 2147483647 [ RunTime:0.0002s ]
SQL: UPDATE `isq_article` SET `real_clicks`=real_clicks+1 WHERE `article_id` = 2147483647 [ RunTime:0.0001s ]
SQL: SELECT a.*,c.* FROM isq_article a left join isq_category c on a.cate_id = c.cate_id  WHERE `article_id` = '20170426100430' LIMIT 1   [ RunTime:0.0002s ]
SQL: SELECT `article_id`,`title`,`titleimg`,`newstime`,`url`,`clicks`,`zan` FROM isq_article a left join isq_category c on c.cate_id = a.cate_id  WHERE `status` = 1 AND `newstime` >= '2017-05-05' ORDER BY clicks desc LIMIT 11   [ RunTime:0.0006s ]
SQL: SELECT `article_id`,`titleimg`,`title`,`newstime`,`url`,`clicks`,`zan` FROM isq_article a left join isq_category c on a.cate_id = c.cate_id  WHERE `status` = 1 AND `article_id` <> '20170426100430' AND a.cate_id = null ORDER BY newstime desc LIMIT 6   [ RunTime:0.0005s ]
SQL: SELECT `article_id`,`titleimg`,`title`,`newstime`,`url`,`clicks`,`zan` FROM isq_article a left join isq_category c on a.cate_id = c.cate_id  WHERE a.cate_id = null AND `article_id` <> '20170426100430' ORDER BY newstime desc LIMIT 6   [ RunTime:0.0011s ]
SQL: SELECT `article_id`,`titleimg`,`title`,`newstime`,`url`,`clicks`,`zan` FROM isq_article a left join isq_category c on a.cate_id = c.cate_id  WHERE a.cate_id <> null ORDER BY newstime desc LIMIT 4   [ RunTime:0.0009s ]
INFO: [ view_parse ] --START--
INFO: [ template_filter ] --START--
INFO: Run Behavior\ContentReplaceBehavior [ RunTime:0.000115s ]
INFO: [ template_filter ] --END-- [ RunTime:0.000151s ]
INFO: Run Behavior\ParseTemplateBehavior [ RunTime:0.011448s ]
INFO: [ view_parse ] --END-- [ RunTime:0.011485s ]
INFO: [ view_filter ] --START--
INFO: Run Behavior\WriteHtmlCacheBehavior [ RunTime:0.000203s ]
INFO: [ view_filter ] --END-- [ RunTime:0.000227s ]
INFO: [ app_end ] --START--
INFO: Run Behavior\ShowPageTraceBehavior [ RunTime:0.000612s ]
INFO: [ app_end ] --END-- [ RunTime:0.000657s ]

[ 2017-05-10T09:56:06+08:00 ] 127.0.0.1 /Public/Upload/pic/20170426100450.jpg
INFO: [ app_init ] --START--
INFO: Run Behavior\BuildLiteBehavior [ RunTime:0.000011s ]
INFO: [ app_init ] --END-- [ RunTime:0.000600s ]
INFO: [ app_begin ] --START--
INFO: Run Behavior\ReadHtmlCacheBehavior [ RunTime:0.000338s ]
INFO: [ app_begin ] --END-- [ RunTime:0.000377s ]
SQL: SHOW COLUMNS FROM `isq_nav` [ RunTime:0.0025s ]
SQL: SELECT * FROM `isq_nav` WHERE `is_show` = 1 ORDER BY sort asc  [ RunTime:0.0004s ]
NOTIC: [2048] Declaration of Common\Model\ArticleModel::check() should be compatible with Think\Model::check($value, $rule, $type = 'regex') D:\wamp\www\tpcms\Application\Common\Model\ArticleModel.class.php 第 107 行.
SQL: SHOW COLUMNS FROM `isq_article` [ RunTime:0.0031s ]
SQL: UPDATE `isq_article` SET `clicks`=clicks+3 WHERE `article_id` = 2147483647 [ RunTime:0.0002s ]
SQL: UPDATE `isq_article` SET `real_clicks`=real_clicks+1 WHERE `article_id` = 2147483647 [ RunTime:0.0001s ]
SQL: SELECT a.*,c.* FROM isq_article a left join isq_category c on a.cate_id = c.cate_id  WHERE `article_id` = '20170426100450' LIMIT 1   [ RunTime:0.0002s ]
SQL: SELECT `article_id`,`title`,`titleimg`,`newstime`,`url`,`clicks`,`zan` FROM isq_article a left join isq_category c on c.cate_id = a.cate_id  WHERE `status` = 1 AND `newstime` >= '2017-05-05' ORDER BY clicks desc LIMIT 11   [ RunTime:0.0008s ]
SQL: SELECT `article_id`,`titleimg`,`title`,`newstime`,`url`,`clicks`,`zan` FROM isq_article a left join isq_category c on a.cate_id = c.cate_id  WHERE `status` = 1 AND `article_id` <> '20170426100450' AND a.cate_id = null ORDER BY newstime desc LIMIT 6   [ RunTime:0.0006s ]
SQL: SELECT `article_id`,`titleimg`,`title`,`newstime`,`url`,`clicks`,`zan` FROM isq_article a left join isq_category c on a.cate_id = c.cate_id  WHERE a.cate_id = null AND `article_id` <> '20170426100450' ORDER BY newstime desc LIMIT 6   [ RunTime:0.0008s ]
SQL: SELECT `article_id`,`titleimg`,`title`,`newstime`,`url`,`clicks`,`zan` FROM isq_article a left join isq_category c on a.cate_id = c.cate_id  WHERE a.cate_id <> null ORDER BY newstime desc LIMIT 4   [ RunTime:0.0008s ]
INFO: [ view_parse ] --START--
INFO: [ template_filter ] --START--
INFO: Run Behavior\ContentReplaceBehavior [ RunTime:0.000144s ]
INFO: [ template_filter ] --END-- [ RunTime:0.000197s ]
INFO: Run Behavior\ParseTemplateBehavior [ RunTime:0.012296s ]
INFO: [ view_parse ] --END-- [ RunTime:0.012338s ]
INFO: [ view_filter ] --START--
INFO: Run Behavior\WriteHtmlCacheBehavior [ RunTime:0.000215s ]
INFO: [ view_filter ] --END-- [ RunTime:0.000240s ]
INFO: [ app_end ] --START--
INFO: Run Behavior\ShowPageTraceBehavior [ RunTime:0.000678s ]
INFO: [ app_end ] --END-- [ RunTime:0.000719s ]

[ 2017-05-10T09:56:06+08:00 ] 127.0.0.1 /Public/Upload/pic/20170425020451.jpg
INFO: [ app_init ] --START--
INFO: Run Behavior\BuildLiteBehavior [ RunTime:0.000012s ]
INFO: [ app_init ] --END-- [ RunTime:0.001243s ]
INFO: [ app_begin ] --START--
INFO: Run Behavior\ReadHtmlCacheBehavior [ RunTime:0.000397s ]
INFO: [ app_begin ] --END-- [ RunTime:0.000434s ]
SQL: SHOW COLUMNS FROM `isq_nav` [ RunTime:0.0028s ]
SQL: SELECT * FROM `isq_nav` WHERE `is_show` = 1 ORDER BY sort asc  [ RunTime:0.0002s ]
NOTIC: [2048] Declaration of Common\Model\ArticleModel::check() should be compatible with Think\Model::check($value, $rule, $type = 'regex') D:\wamp\www\tpcms\Application\Common\Model\ArticleModel.class.php 第 107 行.
SQL: SHOW COLUMNS FROM `isq_article` [ RunTime:0.0026s ]
SQL: UPDATE `isq_article` SET `clicks`=clicks+7 WHERE `article_id` = 2147483647 [ RunTime:0.0002s ]
SQL: UPDATE `isq_article` SET `real_clicks`=real_clicks+1 WHERE `article_id` = 2147483647 [ RunTime:0.0003s ]
SQL: SELECT a.*,c.* FROM isq_article a left join isq_category c on a.cate_id = c.cate_id  WHERE `article_id` = '20170425020451' LIMIT 1   [ RunTime:0.0004s ]
SQL: SELECT `article_id`,`title`,`titleimg`,`newstime`,`url`,`clicks`,`zan` FROM isq_article a left join isq_category c on c.cate_id = a.cate_id  WHERE `status` = 1 AND `newstime` >= '2017-05-05' ORDER BY clicks desc LIMIT 11   [ RunTime:0.0008s ]
SQL: SELECT `article_id`,`titleimg`,`title`,`newstime`,`url`,`clicks`,`zan` FROM isq_article a left join isq_category c on a.cate_id = c.cate_id  WHERE `status` = 1 AND `article_id` <> '20170425020451' AND a.cate_id = null ORDER BY newstime desc LIMIT 6   [ RunTime:0.0006s ]
SQL: SELECT `article_id`,`titleimg`,`title`,`newstime`,`url`,`clicks`,`zan` FROM isq_article a left join isq_category c on a.cate_id = c.cate_id  WHERE a.cate_id = null AND `article_id` <> '20170425020451' ORDER BY newstime desc LIMIT 6   [ RunTime:0.0007s ]
SQL: SELECT `article_id`,`titleimg`,`title`,`newstime`,`url`,`clicks`,`zan` FROM isq_article a left join isq_category c on a.cate_id = c.cate_id  WHERE a.cate_id <> null ORDER BY newstime desc LIMIT 4   [ RunTime:0.0008s ]
INFO: [ view_parse ] --START--
INFO: [ template_filter ] --START--
INFO: Run Behavior\ContentReplaceBehavior [ RunTime:0.000114s ]
INFO: [ template_filter ] --END-- [ RunTime:0.000148s ]
INFO: Run Behavior\ParseTemplateBehavior [ RunTime:0.009933s ]
INFO: [ view_parse ] --END-- [ RunTime:0.009978s ]
INFO: [ view_filter ] --START--
INFO: Run Behavior\WriteHtmlCacheBehavior [ RunTime:0.000340s ]
INFO: [ view_filter ] --END-- [ RunTime:0.000368s ]
INFO: [ app_end ] --START--
INFO: Run Behavior\ShowPageTraceBehavior [ RunTime:0.000891s ]
INFO: [ app_end ] --END-- [ RunTime:0.000934s ]

[ 2017-05-10T09:56:06+08:00 ] 127.0.0.1 /Public/Upload/pic/20170426020453.jpg
INFO: [ app_init ] --START--
INFO: Run Behavior\BuildLiteBehavior [ RunTime:0.000011s ]
INFO: [ app_init ] --END-- [ RunTime:0.000767s ]
INFO: [ app_begin ] --START--
INFO: Run Behavior\ReadHtmlCacheBehavior [ RunTime:0.000532s ]
INFO: [ app_begin ] --END-- [ RunTime:0.000571s ]
SQL: SHOW COLUMNS FROM `isq_nav` [ RunTime:0.0025s ]
SQL: SELECT * FROM `isq_nav` WHERE `is_show` = 1 ORDER BY sort asc  [ RunTime:0.0006s ]
NOTIC: [2048] Declaration of Common\Model\ArticleModel::check() should be compatible with Think\Model::check($value, $rule, $type = 'regex') D:\wamp\www\tpcms\Application\Common\Model\ArticleModel.class.php 第 107 行.
SQL: SHOW COLUMNS FROM `isq_article` [ RunTime:0.0033s ]
SQL: UPDATE `isq_article` SET `clicks`=clicks+7 WHERE `article_id` = 2147483647 [ RunTime:0.0001s ]
SQL: UPDATE `isq_article` SET `real_clicks`=real_clicks+1 WHERE `article_id` = 2147483647 [ RunTime:0.0001s ]
SQL: SELECT a.*,c.* FROM isq_article a left join isq_category c on a.cate_id = c.cate_id  WHERE `article_id` = '20170426020453' LIMIT 1   [ RunTime:0.0002s ]
SQL: SELECT `article_id`,`title`,`titleimg`,`newstime`,`url`,`clicks`,`zan` FROM isq_article a left join isq_category c on c.cate_id = a.cate_id  WHERE `status` = 1 AND `newstime` >= '2017-05-05' ORDER BY clicks desc LIMIT 11   [ RunTime:0.0004s ]
SQL: SELECT `article_id`,`titleimg`,`title`,`newstime`,`url`,`clicks`,`zan` FROM isq_article a left join isq_category c on a.cate_id = c.cate_id  WHERE `status` = 1 AND `article_id` <> '20170426020453' AND a.cate_id = null ORDER BY newstime desc LIMIT 6   [ RunTime:0.0005s ]
SQL: SELECT `article_id`,`titleimg`,`title`,`newstime`,`url`,`clicks`,`zan` FROM isq_article a left join isq_category c on a.cate_id = c.cate_id  WHERE a.cate_id = null AND `article_id` <> '20170426020453' ORDER BY newstime desc LIMIT 6   [ RunTime:0.0004s ]
SQL: SELECT `article_id`,`titleimg`,`title`,`newstime`,`url`,`clicks`,`zan` FROM isq_article a left join isq_category c on a.cate_id = c.cate_id  WHERE a.cate_id <> null ORDER BY newstime desc LIMIT 4   [ RunTime:0.0004s ]
INFO: [ view_parse ] --START--
INFO: [ template_filter ] --START--
INFO: Run Behavior\ContentReplaceBehavior [ RunTime:0.000113s ]
INFO: [ template_filter ] --END-- [ RunTime:0.000147s ]
INFO: Run Behavior\ParseTemplateBehavior [ RunTime:0.009494s ]
INFO: [ view_parse ] --END-- [ RunTime:0.009542s ]
INFO: [ view_filter ] --START--
INFO: Run Behavior\WriteHtmlCacheBehavior [ RunTime:0.000507s ]
INFO: [ view_filter ] --END-- [ RunTime:0.000538s ]
INFO: [ app_end ] --START--
INFO: Run Behavior\ShowPageTraceBehavior [ RunTime:0.000552s ]
INFO: [ app_end ] --END-- [ RunTime:0.000601s ]

[ 2017-05-10T09:56:06+08:00 ] 127.0.0.1 /Public/Upload/pic/20170426020428.jpg
INFO: [ app_init ] --START--
INFO: Run Behavior\BuildLiteBehavior [ RunTime:0.000010s ]
INFO: [ app_init ] --END-- [ RunTime:0.000367s ]
INFO: [ app_begin ] --START--
INFO: Run Behavior\ReadHtmlCacheBehavior [ RunTime:0.000387s ]
INFO: [ app_begin ] --END-- [ RunTime:0.000427s ]
SQL: SHOW COLUMNS FROM `isq_nav` [ RunTime:0.0025s ]
SQL: SELECT * FROM `isq_nav` WHERE `is_show` = 1 ORDER BY sort asc  [ RunTime:0.0002s ]
NOTIC: [2048] Declaration of Common\Model\ArticleModel::check() should be compatible with Think\Model::check($value, $rule, $type = 'regex') D:\wamp\www\tpcms\Application\Common\Model\ArticleModel.class.php 第 107 行.
SQL: SHOW COLUMNS FROM `isq_article` [ RunTime:0.0030s ]
SQL: UPDATE `isq_article` SET `clicks`=clicks+9 WHERE `article_id` = 2147483647 [ RunTime:0.0001s ]
SQL: UPDATE `isq_article` SET `real_clicks`=real_clicks+1 WHERE `article_id` = 2147483647 [ RunTime:0.0001s ]
SQL: SELECT a.*,c.* FROM isq_article a left join isq_category c on a.cate_id = c.cate_id  WHERE `article_id` = '20170426020428' LIMIT 1   [ RunTime:0.0002s ]
SQL: SELECT `article_id`,`title`,`titleimg`,`newstime`,`url`,`clicks`,`zan` FROM isq_article a left join isq_category c on c.cate_id = a.cate_id  WHERE `status` = 1 AND `newstime` >= '2017-05-05' ORDER BY clicks desc LIMIT 11   [ RunTime:0.0005s ]
SQL: SELECT `article_id`,`titleimg`,`title`,`newstime`,`url`,`clicks`,`zan` FROM isq_article a left join isq_category c on a.cate_id = c.cate_id  WHERE `status` = 1 AND `article_id` <> '20170426020428' AND a.cate_id = null ORDER BY newstime desc LIMIT 6   [ RunTime:0.0005s ]
SQL: SELECT `article_id`,`titleimg`,`title`,`newstime`,`url`,`clicks`,`zan` FROM isq_article a left join isq_category c on a.cate_id = c.cate_id  WHERE a.cate_id = null AND `article_id` <> '20170426020428' ORDER BY newstime desc LIMIT 6   [ RunTime:0.0004s ]
SQL: SELECT `article_id`,`titleimg`,`title`,`newstime`,`url`,`clicks`,`zan` FROM isq_article a left join isq_category c on a.cate_id = c.cate_id  WHERE a.cate_id <> null ORDER BY newstime desc LIMIT 4   [ RunTime:0.0004s ]
INFO: [ view_parse ] --START--
INFO: [ template_filter ] --START--
INFO: Run Behavior\ContentReplaceBehavior [ RunTime:0.000113s ]
INFO: [ template_filter ] --END-- [ RunTime:0.000145s ]
INFO: Run Behavior\ParseTemplateBehavior [ RunTime:0.009046s ]
INFO: [ view_parse ] --END-- [ RunTime:0.009085s ]
INFO: [ view_filter ] --START--
INFO: Run Behavior\WriteHtmlCacheBehavior [ RunTime:0.000382s ]
INFO: [ view_filter ] --END-- [ RunTime:0.000425s ]
INFO: [ app_end ] --START--
INFO: Run Behavior\ShowPageTraceBehavior [ RunTime:0.000658s ]
INFO: [ app_end ] --END-- [ RunTime:0.000702s ]

[ 2017-05-10T09:56:06+08:00 ] 127.0.0.1 /Public/Upload/pic/20170427010417.jpg
INFO: [ app_init ] --START--
INFO: Run Behavior\BuildLiteBehavior [ RunTime:0.000011s ]
INFO: [ app_init ] --END-- [ RunTime:0.000460s ]
INFO: [ app_begin ] --START--
INFO: Run Behavior\ReadHtmlCacheBehavior [ RunTime:0.000424s ]
INFO: [ app_begin ] --END-- [ RunTime:0.000473s ]
SQL: SHOW COLUMNS FROM `isq_nav` [ RunTime:0.0025s ]
SQL: SELECT * FROM `isq_nav` WHERE `is_show` = 1 ORDER BY sort asc  [ RunTime:0.0002s ]
NOTIC: [2048] Declaration of Common\Model\ArticleModel::check() should be compatible with Think\Model::check($value, $rule, $type = 'regex') D:\wamp\www\tpcms\Application\Common\Model\ArticleModel.class.php 第 107 行.
SQL: SHOW COLUMNS FROM `isq_article` [ RunTime:0.0027s ]
SQL: UPDATE `isq_article` SET `clicks`=clicks+3 WHERE `article_id` = 2147483647 [ RunTime:0.0002s ]
SQL: UPDATE `isq_article` SET `real_clicks`=real_clicks+1 WHERE `article_id` = 2147483647 [ RunTime:0.0001s ]
SQL: SELECT a.*,c.* FROM isq_article a left join isq_category c on a.cate_id = c.cate_id  WHERE `article_id` = '20170427010417' LIMIT 1   [ RunTime:0.0002s ]
SQL: SELECT `article_id`,`title`,`titleimg`,`newstime`,`url`,`clicks`,`zan` FROM isq_article a left join isq_category c on c.cate_id = a.cate_id  WHERE `status` = 1 AND `newstime` >= '2017-05-05' ORDER BY clicks desc LIMIT 11   [ RunTime:0.0005s ]
SQL: SELECT `article_id`,`titleimg`,`title`,`newstime`,`url`,`clicks`,`zan` FROM isq_article a left join isq_category c on a.cate_id = c.cate_id  WHERE `status` = 1 AND `article_id` <> '20170427010417' AND a.cate_id = null ORDER BY newstime desc LIMIT 6   [ RunTime:0.0004s ]
SQL: SELECT `article_id`,`titleimg`,`title`,`newstime`,`url`,`clicks`,`zan` FROM isq_article a left join isq_category c on a.cate_id = c.cate_id  WHERE a.cate_id = null AND `article_id` <> '20170427010417' ORDER BY newstime desc LIMIT 6   [ RunTime:0.0004s ]
SQL: SELECT `article_id`,`titleimg`,`title`,`newstime`,`url`,`clicks`,`zan` FROM isq_article a left join isq_category c on a.cate_id = c.cate_id  WHERE a.cate_id <> null ORDER BY newstime desc LIMIT 4   [ RunTime:0.0005s ]
INFO: [ view_parse ] --START--
INFO: [ template_filter ] --START--
INFO: Run Behavior\ContentReplaceBehavior [ RunTime:0.000115s ]
INFO: [ template_filter ] --END-- [ RunTime:0.000148s ]
INFO: Run Behavior\ParseTemplateBehavior [ RunTime:0.008900s ]
INFO: [ view_parse ] --END-- [ RunTime:0.008935s ]
INFO: [ view_filter ] --START--
INFO: Run Behavior\WriteHtmlCacheBehavior [ RunTime:0.000205s ]
INFO: [ view_filter ] --END-- [ RunTime:0.000229s ]
INFO: [ app_end ] --START--
INFO: Run Behavior\ShowPageTraceBehavior [ RunTime:0.000644s ]
INFO: [ app_end ] --END-- [ RunTime:0.000685s ]

[ 2017-05-10T09:56:06+08:00 ] 127.0.0.1 /Public/Upload/pic/20170426020416.jpg
INFO: [ app_init ] --START--
INFO: Run Behavior\BuildLiteBehavior [ RunTime:0.000010s ]
INFO: [ app_init ] --END-- [ RunTime:0.000305s ]
INFO: [ app_begin ] --START--
INFO: Run Behavior\ReadHtmlCacheBehavior [ RunTime:0.000378s ]
INFO: [ app_begin ] --END-- [ RunTime:0.000421s ]
SQL: SHOW COLUMNS FROM `isq_nav` [ RunTime:0.0025s ]
SQL: SELECT * FROM `isq_nav` WHERE `is_show` = 1 ORDER BY sort asc  [ RunTime:0.0002s ]
NOTIC: [2048] Declaration of Common\Model\ArticleModel::check() should be compatible with Think\Model::check($value, $rule, $type = 'regex') D:\wamp\www\tpcms\Application\Common\Model\ArticleModel.class.php 第 107 行.
SQL: SHOW COLUMNS FROM `isq_article` [ RunTime:0.0027s ]
SQL: UPDATE `isq_article` SET `clicks`=clicks+4 WHERE `article_id` = 2147483647 [ RunTime:0.0003s ]
SQL: UPDATE `isq_article` SET `real_clicks`=real_clicks+1 WHERE `article_id` = 2147483647 [ RunTime:0.0002s ]
SQL: SELECT a.*,c.* FROM isq_article a left join isq_category c on a.cate_id = c.cate_id  WHERE `article_id` = '20170426020416' LIMIT 1   [ RunTime:0.0002s ]
SQL: SELECT `article_id`,`title`,`titleimg`,`newstime`,`url`,`clicks`,`zan` FROM isq_article a left join isq_category c on c.cate_id = a.cate_id  WHERE `status` = 1 AND `newstime` >= '2017-05-05' ORDER BY clicks desc LIMIT 11   [ RunTime:0.0004s ]
SQL: SELECT `article_id`,`titleimg`,`title`,`newstime`,`url`,`clicks`,`zan` FROM isq_article a left join isq_category c on a.cate_id = c.cate_id  WHERE `status` = 1 AND `article_id` <> '20170426020416' AND a.cate_id = null ORDER BY newstime desc LIMIT 6   [ RunTime:0.0005s ]
SQL: SELECT `article_id`,`titleimg`,`title`,`newstime`,`url`,`clicks`,`zan` FROM isq_article a left join isq_category c on a.cate_id = c.cate_id  WHERE a.cate_id = null AND `article_id` <> '20170426020416' ORDER BY newstime desc LIMIT 6   [ RunTime:0.0004s ]
SQL: SELECT `article_id`,`titleimg`,`title`,`newstime`,`url`,`clicks`,`zan` FROM isq_article a left join isq_category c on a.cate_id = c.cate_id  WHERE a.cate_id <> null ORDER BY newstime desc LIMIT 4   [ RunTime:0.0008s ]
INFO: [ view_parse ] --START--
INFO: [ template_filter ] --START--
INFO: Run Behavior\ContentReplaceBehavior [ RunTime:0.000112s ]
INFO: [ template_filter ] --END-- [ RunTime:0.000145s ]
INFO: Run Behavior\ParseTemplateBehavior [ RunTime:0.008961s ]
INFO: [ view_parse ] --END-- [ RunTime:0.008994s ]
INFO: [ view_filter ] --START--
INFO: Run Behavior\WriteHtmlCacheBehavior [ RunTime:0.000208s ]
INFO: [ view_filter ] --END-- [ RunTime:0.000234s ]
INFO: [ app_end ] --START--
INFO: Run Behavior\ShowPageTraceBehavior [ RunTime:0.000666s ]
INFO: [ app_end ] --END-- [ RunTime:0.000756s ]

[ 2017-05-10T09:56:06+08:00 ] 127.0.0.1 /Public/Upload/pic/20170427010421.jpg
INFO: [ app_init ] --START--
INFO: Run Behavior\BuildLiteBehavior [ RunTime:0.000011s ]
INFO: [ app_init ] --END-- [ RunTime:0.000282s ]
INFO: [ app_begin ] --START--
INFO: Run Behavior\ReadHtmlCacheBehavior [ RunTime:0.000645s ]
INFO: [ app_begin ] --END-- [ RunTime:0.000695s ]
SQL: SHOW COLUMNS FROM `isq_nav` [ RunTime:0.0025s ]
SQL: SELECT * FROM `isq_nav` WHERE `is_show` = 1 ORDER BY sort asc  [ RunTime:0.0002s ]
NOTIC: [2048] Declaration of Common\Model\ArticleModel::check() should be compatible with Think\Model::check($value, $rule, $type = 'regex') D:\wamp\www\tpcms\Application\Common\Model\ArticleModel.class.php 第 107 行.
SQL: SHOW COLUMNS FROM `isq_article` [ RunTime:0.0026s ]
SQL: UPDATE `isq_article` SET `clicks`=clicks+6 WHERE `article_id` = 2147483647 [ RunTime:0.0001s ]
SQL: UPDATE `isq_article` SET `real_clicks`=real_clicks+1 WHERE `article_id` = 2147483647 [ RunTime:0.0001s ]
SQL: SELECT a.*,c.* FROM isq_article a left join isq_category c on a.cate_id = c.cate_id  WHERE `article_id` = '20170427010421' LIMIT 1   [ RunTime:0.0002s ]
SQL: SELECT `article_id`,`title`,`titleimg`,`newstime`,`url`,`clicks`,`zan` FROM isq_article a left join isq_category c on c.cate_id = a.cate_id  WHERE `status` = 1 AND `newstime` >= '2017-05-05' ORDER BY clicks desc LIMIT 11   [ RunTime:0.0005s ]
SQL: SELECT `article_id`,`titleimg`,`title`,`newstime`,`url`,`clicks`,`zan` FROM isq_article a left join isq_category c on a.cate_id = c.cate_id  WHERE `status` = 1 AND `article_id` <> '20170427010421' AND a.cate_id = null ORDER BY newstime desc LIMIT 6   [ RunTime:0.0004s ]
SQL: SELECT `article_id`,`titleimg`,`title`,`newstime`,`url`,`clicks`,`zan` FROM isq_article a left join isq_category c on a.cate_id = c.cate_id  WHERE a.cate_id = null AND `article_id` <> '20170427010421' ORDER BY newstime desc LIMIT 6   [ RunTime:0.0004s ]
SQL: SELECT `article_id`,`titleimg`,`title`,`newstime`,`url`,`clicks`,`zan` FROM isq_article a left join isq_category c on a.cate_id = c.cate_id  WHERE a.cate_id <> null ORDER BY newstime desc LIMIT 4   [ RunTime:0.0004s ]
INFO: [ view_parse ] --START--
INFO: [ template_filter ] --START--
INFO: Run Behavior\ContentReplaceBehavior [ RunTime:0.000116s ]
INFO: [ template_filter ] --END-- [ RunTime:0.000150s ]
INFO: Run Behavior\ParseTemplateBehavior [ RunTime:0.009771s ]
INFO: [ view_parse ] --END-- [ RunTime:0.009806s ]
INFO: [ view_filter ] --START--
INFO: Run Behavior\WriteHtmlCacheBehavior [ RunTime:0.000235s ]
INFO: [ view_filter ] --END-- [ RunTime:0.000258s ]
INFO: [ app_end ] --START--
INFO: Run Behavior\ShowPageTraceBehavior [ RunTime:0.000642s ]
INFO: [ app_end ] --END-- [ RunTime:0.000686s ]

[ 2017-05-10T09:56:20+08:00 ] 127.0.0.1 /Public/Admin/images/head.jpg
INFO: [ app_init ] --START--
INFO: Run Behavior\BuildLiteBehavior [ RunTime:0.000011s ]
INFO: [ app_init ] --END-- [ RunTime:0.000296s ]
INFO: [ app_begin ] --START--
INFO: Run Behavior\ReadHtmlCacheBehavior [ RunTime:0.000384s ]
INFO: [ app_begin ] --END-- [ RunTime:0.000429s ]
SQL: SHOW COLUMNS FROM `isq_nav` [ RunTime:0.0028s ]
SQL: SELECT * FROM `isq_nav` WHERE `is_show` = 1 ORDER BY sort asc  [ RunTime:0.0003s ]
SQL: SHOW COLUMNS FROM `isq_category` [ RunTime:0.0029s ]
SQL: SELECT * FROM `isq_category` WHERE `url` = 'head' LIMIT 1   [ RunTime:0.0003s ]
INFO: [ view_parse ] --START--
INFO: [ template_filter ] --START--
INFO: Run Behavior\ContentReplaceBehavior [ RunTime:0.000080s ]
INFO: [ template_filter ] --END-- [ RunTime:0.000188s ]
INFO: Run Behavior\ParseTemplateBehavior [ RunTime:0.004438s ]
INFO: [ view_parse ] --END-- [ RunTime:0.004479s ]
INFO: [ view_filter ] --START--
INFO: Run Behavior\WriteHtmlCacheBehavior [ RunTime:0.000219s ]
INFO: [ view_filter ] --END-- [ RunTime:0.000246s ]

[ 2017-05-10T09:56:28+08:00 ] 127.0.0.1 /Public/Admin/images/head.jpg
INFO: [ app_init ] --START--
INFO: Run Behavior\BuildLiteBehavior [ RunTime:0.000011s ]
INFO: [ app_init ] --END-- [ RunTime:0.000407s ]
INFO: [ app_begin ] --START--
INFO: Run Behavior\ReadHtmlCacheBehavior [ RunTime:0.000386s ]
INFO: [ app_begin ] --END-- [ RunTime:0.000426s ]
SQL: SHOW COLUMNS FROM `isq_nav` [ RunTime:0.0035s ]
SQL: SELECT * FROM `isq_nav` WHERE `is_show` = 1 ORDER BY sort asc  [ RunTime:0.0004s ]
SQL: SHOW COLUMNS FROM `isq_category` [ RunTime:0.0025s ]
SQL: SELECT * FROM `isq_category` WHERE `url` = 'head' LIMIT 1   [ RunTime:0.0002s ]
INFO: [ view_parse ] --START--
INFO: [ template_filter ] --START--
INFO: Run Behavior\ContentReplaceBehavior [ RunTime:0.000078s ]
INFO: [ template_filter ] --END-- [ RunTime:0.000194s ]
INFO: Run Behavior\ParseTemplateBehavior [ RunTime:0.005126s ]
INFO: [ view_parse ] --END-- [ RunTime:0.005170s ]
INFO: [ view_filter ] --START--
INFO: Run Behavior\WriteHtmlCacheBehavior [ RunTime:0.000247s ]
INFO: [ view_filter ] --END-- [ RunTime:0.000284s ]

[ 2017-05-10T09:56:29+08:00 ] 127.0.0.1 /Public/Admin/images/head.jpg
INFO: [ app_init ] --START--
INFO: Run Behavior\BuildLiteBehavior [ RunTime:0.000010s ]
INFO: [ app_init ] --END-- [ RunTime:0.000306s ]
INFO: [ app_begin ] --START--
INFO: Run Behavior\ReadHtmlCacheBehavior [ RunTime:0.000386s ]
INFO: [ app_begin ] --END-- [ RunTime:0.000460s ]
SQL: SHOW COLUMNS FROM `isq_nav` [ RunTime:0.0025s ]
SQL: SELECT * FROM `isq_nav` WHERE `is_show` = 1 ORDER BY sort asc  [ RunTime:0.0003s ]
SQL: SHOW COLUMNS FROM `isq_category` [ RunTime:0.0033s ]
SQL: SELECT * FROM `isq_category` WHERE `url` = 'head' LIMIT 1   [ RunTime:0.0005s ]
INFO: [ view_parse ] --START--
INFO: [ template_filter ] --START--
INFO: Run Behavior\ContentReplaceBehavior [ RunTime:0.000070s ]
INFO: [ template_filter ] --END-- [ RunTime:0.000145s ]
INFO: Run Behavior\ParseTemplateBehavior [ RunTime:0.004518s ]
INFO: [ view_parse ] --END-- [ RunTime:0.004576s ]
INFO: [ view_filter ] --START--
INFO: Run Behavior\WriteHtmlCacheBehavior [ RunTime:0.000268s ]
INFO: [ view_filter ] --END-- [ RunTime:0.000295s ]

[ 2017-05-10T09:56:30+08:00 ] 127.0.0.1 /Public/Admin/images/head.jpg
INFO: [ app_init ] --START--
INFO: Run Behavior\BuildLiteBehavior [ RunTime:0.000027s ]
INFO: [ app_init ] --END-- [ RunTime:0.000314s ]
INFO: [ app_begin ] --START--
INFO: Run Behavior\ReadHtmlCacheBehavior [ RunTime:0.000427s ]
INFO: [ app_begin ] --END-- [ RunTime:0.000476s ]
SQL: SHOW COLUMNS FROM `isq_nav` [ RunTime:0.0032s ]
SQL: SELECT * FROM `isq_nav` WHERE `is_show` = 1 ORDER BY sort asc  [ RunTime:0.0003s ]
SQL: SHOW COLUMNS FROM `isq_category` [ RunTime:0.0028s ]
SQL: SELECT * FROM `isq_category` WHERE `url` = 'head' LIMIT 1   [ RunTime:0.0003s ]
INFO: [ view_parse ] --START--
INFO: [ template_filter ] --START--
INFO: Run Behavior\ContentReplaceBehavior [ RunTime:0.000036s ]
INFO: [ template_filter ] --END-- [ RunTime:0.000099s ]
INFO: Run Behavior\ParseTemplateBehavior [ RunTime:0.004337s ]
INFO: [ view_parse ] --END-- [ RunTime:0.004392s ]
INFO: [ view_filter ] --START--
INFO: Run Behavior\WriteHtmlCacheBehavior [ RunTime:0.000234s ]
INFO: [ view_filter ] --END-- [ RunTime:0.000261s ]

[ 2017-05-10T09:56:31+08:00 ] 127.0.0.1 /Public/Admin/images/head.jpg
INFO: [ app_init ] --START--
INFO: Run Behavior\BuildLiteBehavior [ RunTime:0.000010s ]
INFO: [ app_init ] --END-- [ RunTime:0.000283s ]
INFO: [ app_begin ] --START--
INFO: Run Behavior\ReadHtmlCacheBehavior [ RunTime:0.000473s ]
INFO: [ app_begin ] --END-- [ RunTime:0.000527s ]
SQL: SHOW COLUMNS FROM `isq_nav` [ RunTime:0.0026s ]
SQL: SELECT * FROM `isq_nav` WHERE `is_show` = 1 ORDER BY sort asc  [ RunTime:0.0004s ]
SQL: SHOW COLUMNS FROM `isq_category` [ RunTime:0.0026s ]
SQL: SELECT * FROM `isq_category` WHERE `url` = 'head' LIMIT 1   [ RunTime:0.0003s ]
INFO: [ view_parse ] --START--
INFO: [ template_filter ] --START--
INFO: Run Behavior\ContentReplaceBehavior [ RunTime:0.000038s ]
INFO: [ template_filter ] --END-- [ RunTime:0.000078s ]
INFO: Run Behavior\ParseTemplateBehavior [ RunTime:0.004158s ]
INFO: [ view_parse ] --END-- [ RunTime:0.004232s ]
INFO: [ view_filter ] --START--
INFO: Run Behavior\WriteHtmlCacheBehavior [ RunTime:0.000398s ]
INFO: [ view_filter ] --END-- [ RunTime:0.000432s ]

[ 2017-05-10T09:56:32+08:00 ] 127.0.0.1 /Public/Admin/images/head.jpg
INFO: [ app_init ] --START--
INFO: Run Behavior\BuildLiteBehavior [ RunTime:0.000011s ]
INFO: [ app_init ] --END-- [ RunTime:0.000316s ]
INFO: [ app_begin ] --START--
INFO: Run Behavior\ReadHtmlCacheBehavior [ RunTime:0.000401s ]
INFO: [ app_begin ] --END-- [ RunTime:0.000447s ]
SQL: SHOW COLUMNS FROM `isq_nav` [ RunTime:0.0037s ]
SQL: SELECT * FROM `isq_nav` WHERE `is_show` = 1 ORDER BY sort asc  [ RunTime:0.0003s ]
SQL: SHOW COLUMNS FROM `isq_category` [ RunTime:0.0025s ]
SQL: SELECT * FROM `isq_category` WHERE `url` = 'head' LIMIT 1   [ RunTime:0.0002s ]
INFO: [ view_parse ] --START--
INFO: [ template_filter ] --START--
INFO: Run Behavior\ContentReplaceBehavior [ RunTime:0.000040s ]
INFO: [ template_filter ] --END-- [ RunTime:0.000078s ]
INFO: Run Behavior\ParseTemplateBehavior [ RunTime:0.007439s ]
INFO: [ view_parse ] --END-- [ RunTime:0.007489s ]
INFO: [ view_filter ] --START--
INFO: Run Behavior\WriteHtmlCacheBehavior [ RunTime:0.001576s ]
INFO: [ view_filter ] --END-- [ RunTime:0.001676s ]

[ 2017-05-10T09:56:38+08:00 ] 127.0.0.1 /Public/Admin/images/head.jpg
INFO: [ app_init ] --START--
INFO: Run Behavior\BuildLiteBehavior [ RunTime:0.000009s ]
INFO: [ app_init ] --END-- [ RunTime:0.000288s ]
INFO: [ app_begin ] --START--
INFO: Run Behavior\ReadHtmlCacheBehavior [ RunTime:0.000396s ]
INFO: [ app_begin ] --END-- [ RunTime:0.000438s ]
SQL: SHOW COLUMNS FROM `isq_nav` [ RunTime:0.0028s ]
SQL: SELECT * FROM `isq_nav` WHERE `is_show` = 1 ORDER BY sort asc  [ RunTime:0.0004s ]
SQL: SHOW COLUMNS FROM `isq_category` [ RunTime:0.0029s ]
SQL: SELECT * FROM `isq_category` WHERE `url` = 'head' LIMIT 1   [ RunTime:0.0003s ]
INFO: [ view_parse ] --START--
INFO: [ template_filter ] --START--
INFO: Run Behavior\ContentReplaceBehavior [ RunTime:0.000040s ]
INFO: [ template_filter ] --END-- [ RunTime:0.000088s ]
INFO: Run Behavior\ParseTemplateBehavior [ RunTime:0.004123s ]
INFO: [ view_parse ] --END-- [ RunTime:0.004163s ]
INFO: [ view_filter ] --START--
INFO: Run Behavior\WriteHtmlCacheBehavior [ RunTime:0.000217s ]
INFO: [ view_filter ] --END-- [ RunTime:0.000244s ]

[ 2017-05-10T09:56:39+08:00 ] 127.0.0.1 /Public/Admin/images/head.jpg
INFO: [ app_init ] --START--
INFO: Run Behavior\BuildLiteBehavior [ RunTime:0.000015s ]
INFO: [ app_init ] --END-- [ RunTime:0.000323s ]
INFO: [ app_begin ] --START--
INFO: Run Behavior\ReadHtmlCacheBehavior [ RunTime:0.000396s ]
INFO: [ app_begin ] --END-- [ RunTime:0.000440s ]
SQL: SHOW COLUMNS FROM `isq_nav` [ RunTime:0.0031s ]
SQL: SELECT * FROM `isq_nav` WHERE `is_show` = 1 ORDER BY sort asc  [ RunTime:0.0003s ]
SQL: SHOW COLUMNS FROM `isq_category` [ RunTime:0.0031s ]
SQL: SELECT * FROM `isq_category` WHERE `url` = 'head' LIMIT 1   [ RunTime:0.0003s ]
INFO: [ view_parse ] --START--
INFO: [ template_filter ] --START--
INFO: Run Behavior\ContentReplaceBehavior [ RunTime:0.000037s ]
INFO: [ template_filter ] --END-- [ RunTime:0.000089s ]
INFO: Run Behavior\ParseTemplateBehavior [ RunTime:0.004804s ]
INFO: [ view_parse ] --END-- [ RunTime:0.004847s ]
INFO: [ view_filter ] --START--
INFO: Run Behavior\WriteHtmlCacheBehavior [ RunTime:0.000300s ]
INFO: [ view_filter ] --END-- [ RunTime:0.000336s ]

[ 2017-05-10T09:56:54+08:00 ] 127.0.0.1 /Public/Admin/images/head.jpg
INFO: [ app_init ] --START--
INFO: Run Behavior\BuildLiteBehavior [ RunTime:0.000011s ]
INFO: [ app_init ] --END-- [ RunTime:0.000297s ]
INFO: [ app_begin ] --START--
INFO: Run Behavior\ReadHtmlCacheBehavior [ RunTime:0.000430s ]
INFO: [ app_begin ] --END-- [ RunTime:0.000473s ]
SQL: SHOW COLUMNS FROM `isq_nav` [ RunTime:0.0031s ]
SQL: SELECT * FROM `isq_nav` WHERE `is_show` = 1 ORDER BY sort asc  [ RunTime:0.0003s ]
SQL: SHOW COLUMNS FROM `isq_category` [ RunTime:0.0037s ]
SQL: SELECT * FROM `isq_category` WHERE `url` = 'head' LIMIT 1   [ RunTime:0.0003s ]
INFO: [ view_parse ] --START--
INFO: [ template_filter ] --START--
INFO: Run Behavior\ContentReplaceBehavior [ RunTime:0.000047s ]
INFO: [ template_filter ] --END-- [ RunTime:0.000118s ]
INFO: Run Behavior\ParseTemplateBehavior [ RunTime:0.014141s ]
INFO: [ view_parse ] --END-- [ RunTime:0.014186s ]
INFO: [ view_filter ] --START--
INFO: Run Behavior\WriteHtmlCacheBehavior [ RunTime:0.000349s ]
INFO: [ view_filter ] --END-- [ RunTime:0.000384s ]

[ 2017-05-10T09:56:56+08:00 ] 127.0.0.1 /Public/Admin/images/head.jpg
INFO: [ app_init ] --START--
INFO: Run Behavior\BuildLiteBehavior [ RunTime:0.000011s ]
INFO: [ app_init ] --END-- [ RunTime:0.000333s ]
INFO: [ app_begin ] --START--
INFO: Run Behavior\ReadHtmlCacheBehavior [ RunTime:0.000346s ]
INFO: [ app_begin ] --END-- [ RunTime:0.000387s ]
SQL: SHOW COLUMNS FROM `isq_nav` [ RunTime:0.0032s ]
SQL: SELECT * FROM `isq_nav` WHERE `is_show` = 1 ORDER BY sort asc  [ RunTime:0.0004s ]
SQL: SHOW COLUMNS FROM `isq_category` [ RunTime:0.0027s ]
SQL: SELECT * FROM `isq_category` WHERE `url` = 'head' LIMIT 1   [ RunTime:0.0002s ]
INFO: [ view_parse ] --START--
INFO: [ template_filter ] --START--
INFO: Run Behavior\ContentReplaceBehavior [ RunTime:0.000054s ]
INFO: [ template_filter ] --END-- [ RunTime:0.000106s ]
INFO: Run Behavior\ParseTemplateBehavior [ RunTime:0.004384s ]
INFO: [ view_parse ] --END-- [ RunTime:0.004441s ]
INFO: [ view_filter ] --START--
INFO: Run Behavior\WriteHtmlCacheBehavior [ RunTime:0.000445s ]
INFO: [ view_filter ] --END-- [ RunTime:0.000476s ]

[ 2017-05-10T09:57:02+08:00 ] 127.0.0.1 /Public/Admin/images/head.jpg
INFO: [ app_init ] --START--
INFO: Run Behavior\BuildLiteBehavior [ RunTime:0.000011s ]
INFO: [ app_init ] --END-- [ RunTime:0.000814s ]
INFO: [ app_begin ] --START--
INFO: Run Behavior\ReadHtmlCacheBehavior [ RunTime:0.001116s ]
INFO: [ app_begin ] --END-- [ RunTime:0.001164s ]
SQL: SHOW COLUMNS FROM `isq_nav` [ RunTime:0.0032s ]
SQL: SELECT * FROM `isq_nav` WHERE `is_show` = 1 ORDER BY sort asc  [ RunTime:0.0005s ]
SQL: SHOW COLUMNS FROM `isq_category` [ RunTime:0.0030s ]
SQL: SELECT * FROM `isq_category` WHERE `url` = 'head' LIMIT 1   [ RunTime:0.0004s ]
INFO: [ view_parse ] --START--
INFO: [ template_filter ] --START--
INFO: Run Behavior\ContentReplaceBehavior [ RunTime:0.000041s ]
INFO: [ template_filter ] --END-- [ RunTime:0.000086s ]
INFO: Run Behavior\ParseTemplateBehavior [ RunTime:0.004224s ]
INFO: [ view_parse ] --END-- [ RunTime:0.004267s ]
INFO: [ view_filter ] --START--
INFO: Run Behavior\WriteHtmlCacheBehavior [ RunTime:0.000254s ]
INFO: [ view_filter ] --END-- [ RunTime:0.000283s ]

[ 2017-05-10T09:57:03+08:00 ] 127.0.0.1 /Public/Admin/images/head.jpg
INFO: [ app_init ] --START--
INFO: Run Behavior\BuildLiteBehavior [ RunTime:0.000011s ]
INFO: [ app_init ] --END-- [ RunTime:0.000314s ]
INFO: [ app_begin ] --START--
INFO: Run Behavior\ReadHtmlCacheBehavior [ RunTime:0.000539s ]
INFO: [ app_begin ] --END-- [ RunTime:0.000594s ]
SQL: SHOW COLUMNS FROM `isq_nav` [ RunTime:0.0034s ]
SQL: SELECT * FROM `isq_nav` WHERE `is_show` = 1 ORDER BY sort asc  [ RunTime:0.0003s ]
SQL: SHOW COLUMNS FROM `isq_category` [ RunTime:0.0029s ]
SQL: SELECT * FROM `isq_category` WHERE `url` = 'head' LIMIT 1   [ RunTime:0.0004s ]
INFO: [ view_parse ] --START--
INFO: [ template_filter ] --START--
INFO: Run Behavior\ContentReplaceBehavior [ RunTime:0.000036s ]
INFO: [ template_filter ] --END-- [ RunTime:0.000073s ]
INFO: Run Behavior\ParseTemplateBehavior [ RunTime:0.003973s ]
INFO: [ view_parse ] --END-- [ RunTime:0.004015s ]
INFO: [ view_filter ] --START--
INFO: Run Behavior\WriteHtmlCacheBehavior [ RunTime:0.000249s ]
INFO: [ view_filter ] --END-- [ RunTime:0.000291s ]

