[ 2017-05-24T13:38:32+08:00 ] ::1 /
INFO: [ app_init ] --START--
INFO: Run Behavior\BuildLiteBehavior [ RunTime:0.000010s ]
INFO: [ app_init ] --END-- [ RunTime:0.000545s ]
INFO: [ app_begin ] --START--
INFO: Run Behavior\ReadHtmlCacheBehavior [ RunTime:0.000845s ]
INFO: [ app_begin ] --END-- [ RunTime:0.000892s ]
SQL: SHOW COLUMNS FROM `isq_nav` [ RunTime:0.0046s ]
SQL: SELECT * FROM `isq_nav` WHERE `is_show` = 1 ORDER BY sort asc  [ RunTime:0.0003s ]
SQL: SHOW COLUMNS FROM `isq_config` [ RunTime:0.0035s ]
SQL: SELECT `conf_value` FROM `isq_config` WHERE `conf_name` = 'site_title' LIMIT 1   [ RunTime:0.0004s ]
SQL: SELECT `conf_value` FROM `isq_config` WHERE `conf_name` = 'site_keywords' LIMIT 1   [ RunTime:0.0002s ]
SQL: SELECT `conf_value` FROM `isq_config` WHERE `conf_name` = 'site_desc' LIMIT 1   [ RunTime:0.0002s ]
SQL: SHOW COLUMNS FROM `isq_friendlink` [ RunTime:0.0038s ]
SQL: SELECT * FROM `isq_friendlink`  [ RunTime:0.0002s ]
SQL: SHOW COLUMNS FROM `isq_adv` [ RunTime:0.0045s ]
SQL: SELECT * FROM `isq_adv` WHERE `id` = 1 LIMIT 1   [ RunTime:0.0002s ]
SQL: SELECT * FROM `isq_adv` WHERE `id` = 2 LIMIT 1   [ RunTime:0.0002s ]
SQL: SELECT * FROM `isq_adv` WHERE `id` = 3 LIMIT 1   [ RunTime:0.0002s ]
SQL: SELECT * FROM `isq_adv` WHERE `id` = 4 LIMIT 1   [ RunTime:0.0002s ]
NOTIC: [2048] Declaration of Common\Model\ArticleModel::check() should be compatible with Think\Model::check($value, $rule, $type = 'regex') D:\wamp\www\tpcms\Application\Common\Model\ArticleModel.class.php 第 107 行.
SQL: SHOW COLUMNS FROM `isq_article` [ RunTime:0.0040s ]
SQL: SELECT `article_id`,`title`,`titleimg`,`url`,`content` FROM isq_article a left join isq_category c on a.cate_id = c.cate_id  WHERE `status` = 1 AND `is_recommend` = 1 ORDER BY newstime desc LIMIT 6   [ RunTime:0.0062s ]
SQL: SELECT `article_id`,`title`,`url`,`cate_name` FROM isq_article a left join isq_category c on a.cate_id = c.cate_id  WHERE `status` = 1 AND a.cate_id NOT IN ('24','5','3','33','20','36') ORDER BY newstime desc LIMIT 18   [ RunTime:0.0009s ]
SQL: SELECT `article_id`,`title`,`url`,`titleimg`,`cate_name`,`content` FROM isq_article a left join isq_category c on a.cate_id = c.cate_id  WHERE `status` = 1 AND c.cate_id = '24' ORDER BY newstime desc LIMIT 6   [ RunTime:0.0006s ]
SQL: SELECT `article_id`,`title`,`url`,`titleimg` FROM isq_article a left join isq_category c on a.cate_id = c.cate_id  WHERE `status` = 1 AND a.cate_id = '5' ORDER BY newstime desc LIMIT 9   [ RunTime:0.0005s ]
SQL: SELECT `article_id`,`title`,`url`,`titleimg`,`content` FROM isq_article a left join isq_category c on a.cate_id = c.cate_id  WHERE `status` = 1 AND a.cate_id = '33' ORDER BY newstime desc LIMIT 4   [ RunTime:0.0005s ]
SQL: SELECT `article_id`,`title`,`url`,`titleimg`,`content` FROM isq_article a left join isq_category c on a.cate_id = c.cate_id  WHERE `status` = 1 AND a.cate_id = '20' ORDER BY newstime desc LIMIT 4   [ RunTime:0.0005s ]
SQL: SELECT `article_id`,`title`,`url`,`titleimg`,`content` FROM isq_article a left join isq_category c on a.cate_id = c.cate_id  WHERE `status` = 1 AND a.cate_id = '3' ORDER BY newstime desc LIMIT 9   [ RunTime:0.0011s ]
SQL: SELECT `article_id`,`url`,`titleimg` FROM isq_article a left join isq_category c on a.cate_id = c.cate_id  WHERE `status` = 1 AND a.cate_id = '36' ORDER BY newstime desc LIMIT 6   [ RunTime:0.0006s ]
SQL: SELECT `article_id`,`title`,`titleimg`,`newstime`,`synopsis`,`clicks`,`url`,`content`,`zan` FROM isq_article a left join isq_category c on a.cate_id = c.cate_id  WHERE `status` = 1 ORDER BY newstime desc LIMIT 10   [ RunTime:0.0007s ]
INFO: [ view_parse ] --START--
INFO: [ template_filter ] --START--
INFO: Run Behavior\ContentReplaceBehavior [ RunTime:0.000203s ]
INFO: [ template_filter ] --END-- [ RunTime:0.000245s ]
INFO: Run Behavior\ParseTemplateBehavior [ RunTime:0.027161s ]
INFO: [ view_parse ] --END-- [ RunTime:0.027204s ]
INFO: [ view_filter ] --START--
INFO: Run Behavior\WriteHtmlCacheBehavior [ RunTime:0.000936s ]
INFO: [ view_filter ] --END-- [ RunTime:0.000964s ]
INFO: [ app_end ] --START--
INFO: Run Behavior\ShowPageTraceBehavior [ RunTime:0.023830s ]
INFO: [ app_end ] --END-- [ RunTime:0.023877s ]

[ 2017-05-24T13:38:32+08:00 ] ::1 /Public/Home/css/bootstrap.min.css
INFO: [ app_init ] --START--
INFO: Run Behavior\BuildLiteBehavior [ RunTime:0.000009s ]
INFO: [ app_init ] --END-- [ RunTime:0.000316s ]
INFO: [ app_begin ] --START--
INFO: Run Behavior\ReadHtmlCacheBehavior [ RunTime:0.000488s ]
INFO: [ app_begin ] --END-- [ RunTime:0.000535s ]
ERR: 无法加载控制器:Public

[ 2017-05-24T13:38:33+08:00 ] ::1 /Public/Upload/pic/20170428100450.png
INFO: [ app_init ] --START--
INFO: Run Behavior\BuildLiteBehavior [ RunTime:0.000010s ]
INFO: [ app_init ] --END-- [ RunTime:0.000311s ]
INFO: [ app_begin ] --START--
INFO: Run Behavior\ReadHtmlCacheBehavior [ RunTime:0.000393s ]
INFO: [ app_begin ] --END-- [ RunTime:0.000429s ]
SQL: SHOW COLUMNS FROM `isq_nav` [ RunTime:0.0024s ]
SQL: SELECT * FROM `isq_nav` WHERE `is_show` = 1 ORDER BY sort asc  [ RunTime:0.0003s ]
NOTIC: [2048] Declaration of Common\Model\ArticleModel::check() should be compatible with Think\Model::check($value, $rule, $type = 'regex') D:\wamp\www\tpcms\Application\Common\Model\ArticleModel.class.php 第 107 行.
SQL: SHOW COLUMNS FROM `isq_article` [ RunTime:0.0103s ]
SQL: UPDATE `isq_article` SET `clicks`=clicks+7 WHERE `article_id` = 2147483647 [ RunTime:0.0030s ]
SQL: UPDATE `isq_article` SET `real_clicks`=real_clicks+1 WHERE `article_id` = 2147483647 [ RunTime:0.0005s ]
SQL: SELECT a.*,c.* FROM isq_article a left join isq_category c on a.cate_id = c.cate_id  WHERE `article_id` = '20170428100450' LIMIT 1   [ RunTime:0.0008s ]
SQL: SELECT `article_id`,`title`,`titleimg`,`newstime`,`url`,`clicks`,`zan` FROM isq_article a left join isq_category c on c.cate_id = a.cate_id  WHERE `status` = 1 AND `newstime` >= '2017-05-19' ORDER BY clicks desc LIMIT 11   [ RunTime:0.0015s ]
SQL: SELECT `article_id`,`titleimg`,`title`,`newstime`,`url`,`clicks`,`zan` FROM isq_article a left join isq_category c on a.cate_id = c.cate_id  WHERE `status` = 1 AND `article_id` <> '20170428100450' AND a.cate_id = null ORDER BY newstime desc LIMIT 6   [ RunTime:0.0015s ]
SQL: SELECT `article_id`,`titleimg`,`title`,`newstime`,`url`,`clicks`,`zan` FROM isq_article a left join isq_category c on a.cate_id = c.cate_id  WHERE `status` = '1' AND a.cate_id = null AND `article_id` <> '20170428100450' ORDER BY newstime desc LIMIT 6   [ RunTime:0.0016s ]
SQL: SELECT `article_id`,`titleimg`,`title`,`newstime`,`url`,`clicks`,`zan` FROM isq_article a left join isq_category c on a.cate_id = c.cate_id  WHERE `status` = '1' AND a.cate_id <> null ORDER BY newstime desc LIMIT 4   [ RunTime:0.0033s ]
INFO: [ view_parse ] --START--
INFO: [ template_filter ] --START--
INFO: Run Behavior\ContentReplaceBehavior [ RunTime:0.000224s ]
INFO: [ template_filter ] --END-- [ RunTime:0.000286s ]
INFO: Run Behavior\ParseTemplateBehavior [ RunTime:0.027323s ]
INFO: [ view_parse ] --END-- [ RunTime:0.027427s ]
INFO: [ view_filter ] --START--
INFO: Run Behavior\WriteHtmlCacheBehavior [ RunTime:0.000724s ]
INFO: [ view_filter ] --END-- [ RunTime:0.000780s ]
INFO: [ app_end ] --START--
INFO: Run Behavior\ShowPageTraceBehavior [ RunTime:0.002861s ]
INFO: [ app_end ] --END-- [ RunTime:0.002944s ]

[ 2017-05-24T13:38:33+08:00 ] ::1 /Public/Upload/pic/20170426090424.jpg
INFO: [ app_init ] --START--
INFO: Run Behavior\BuildLiteBehavior [ RunTime:0.000011s ]
INFO: [ app_init ] --END-- [ RunTime:0.001551s ]
INFO: [ app_begin ] --START--
INFO: Run Behavior\ReadHtmlCacheBehavior [ RunTime:0.001719s ]
INFO: [ app_begin ] --END-- [ RunTime:0.001763s ]
SQL: SHOW COLUMNS FROM `isq_nav` [ RunTime:0.0031s ]
SQL: SELECT * FROM `isq_nav` WHERE `is_show` = 1 ORDER BY sort asc  [ RunTime:0.0003s ]
NOTIC: [2048] Declaration of Common\Model\ArticleModel::check() should be compatible with Think\Model::check($value, $rule, $type = 'regex') D:\wamp\www\tpcms\Application\Common\Model\ArticleModel.class.php 第 107 行.
SQL: SHOW COLUMNS FROM `isq_article` [ RunTime:0.0030s ]
SQL: UPDATE `isq_article` SET `clicks`=clicks+1 WHERE `article_id` = 2147483647 [ RunTime:0.0002s ]
SQL: UPDATE `isq_article` SET `real_clicks`=real_clicks+1 WHERE `article_id` = 2147483647 [ RunTime:0.0001s ]
SQL: SELECT a.*,c.* FROM isq_article a left join isq_category c on a.cate_id = c.cate_id  WHERE `article_id` = '20170426090424' LIMIT 1   [ RunTime:0.0002s ]
SQL: SELECT `article_id`,`title`,`titleimg`,`newstime`,`url`,`clicks`,`zan` FROM isq_article a left join isq_category c on c.cate_id = a.cate_id  WHERE `status` = 1 AND `newstime` >= '2017-05-19' ORDER BY clicks desc LIMIT 11   [ RunTime:0.0005s ]
SQL: SELECT `article_id`,`titleimg`,`title`,`newstime`,`url`,`clicks`,`zan` FROM isq_article a left join isq_category c on a.cate_id = c.cate_id  WHERE `status` = 1 AND `article_id` <> '20170426090424' AND a.cate_id = null ORDER BY newstime desc LIMIT 6   [ RunTime:0.0005s ]
SQL: SELECT `article_id`,`titleimg`,`title`,`newstime`,`url`,`clicks`,`zan` FROM isq_article a left join isq_category c on a.cate_id = c.cate_id  WHERE `status` = '1' AND a.cate_id = null AND `article_id` <> '20170426090424' ORDER BY newstime desc LIMIT 6   [ RunTime:0.0006s ]
SQL: SELECT `article_id`,`titleimg`,`title`,`newstime`,`url`,`clicks`,`zan` FROM isq_article a left join isq_category c on a.cate_id = c.cate_id  WHERE `status` = '1' AND a.cate_id <> null ORDER BY newstime desc LIMIT 4   [ RunTime:0.0006s ]
INFO: [ view_parse ] --START--
INFO: [ template_filter ] --START--
INFO: Run Behavior\ContentReplaceBehavior [ RunTime:0.000118s ]
INFO: [ template_filter ] --END-- [ RunTime:0.000177s ]
INFO: Run Behavior\ParseTemplateBehavior [ RunTime:0.012736s ]
INFO: [ view_parse ] --END-- [ RunTime:0.012780s ]
INFO: [ view_filter ] --START--
INFO: Run Behavior\WriteHtmlCacheBehavior [ RunTime:0.000259s ]
INFO: [ view_filter ] --END-- [ RunTime:0.000287s ]
INFO: [ app_end ] --START--
INFO: Run Behavior\ShowPageTraceBehavior [ RunTime:0.000668s ]
INFO: [ app_end ] --END-- [ RunTime:0.000732s ]

[ 2017-05-24T13:38:33+08:00 ] ::1 /Public/Upload/pic/20170426100430.jpg
INFO: [ app_init ] --START--
INFO: Run Behavior\BuildLiteBehavior [ RunTime:0.000010s ]
INFO: [ app_init ] --END-- [ RunTime:0.000321s ]
INFO: [ app_begin ] --START--
INFO: Run Behavior\ReadHtmlCacheBehavior [ RunTime:0.000500s ]
INFO: [ app_begin ] --END-- [ RunTime:0.000676s ]
SQL: SHOW COLUMNS FROM `isq_nav` [ RunTime:0.0025s ]
SQL: SELECT * FROM `isq_nav` WHERE `is_show` = 1 ORDER BY sort asc  [ RunTime:0.0002s ]
NOTIC: [2048] Declaration of Common\Model\ArticleModel::check() should be compatible with Think\Model::check($value, $rule, $type = 'regex') D:\wamp\www\tpcms\Application\Common\Model\ArticleModel.class.php 第 107 行.
SQL: SHOW COLUMNS FROM `isq_article` [ RunTime:0.0026s ]
SQL: UPDATE `isq_article` SET `clicks`=clicks+7 WHERE `article_id` = 2147483647 [ RunTime:0.0002s ]
SQL: UPDATE `isq_article` SET `real_clicks`=real_clicks+1 WHERE `article_id` = 2147483647 [ RunTime:0.0002s ]
SQL: SELECT a.*,c.* FROM isq_article a left join isq_category c on a.cate_id = c.cate_id  WHERE `article_id` = '20170426100430' LIMIT 1   [ RunTime:0.0003s ]
SQL: SELECT `article_id`,`title`,`titleimg`,`newstime`,`url`,`clicks`,`zan` FROM isq_article a left join isq_category c on c.cate_id = a.cate_id  WHERE `status` = 1 AND `newstime` >= '2017-05-19' ORDER BY clicks desc LIMIT 11   [ RunTime:0.0006s ]
SQL: SELECT `article_id`,`titleimg`,`title`,`newstime`,`url`,`clicks`,`zan` FROM isq_article a left join isq_category c on a.cate_id = c.cate_id  WHERE `status` = 1 AND `article_id` <> '20170426100430' AND a.cate_id = null ORDER BY newstime desc LIMIT 6   [ RunTime:0.0006s ]
SQL: SELECT `article_id`,`titleimg`,`title`,`newstime`,`url`,`clicks`,`zan` FROM isq_article a left join isq_category c on a.cate_id = c.cate_id  WHERE `status` = '1' AND a.cate_id = null AND `article_id` <> '20170426100430' ORDER BY newstime desc LIMIT 6   [ RunTime:0.0005s ]
SQL: SELECT `article_id`,`titleimg`,`title`,`newstime`,`url`,`clicks`,`zan` FROM isq_article a left join isq_category c on a.cate_id = c.cate_id  WHERE `status` = '1' AND a.cate_id <> null ORDER BY newstime desc LIMIT 4   [ RunTime:0.0006s ]
INFO: [ view_parse ] --START--
INFO: [ template_filter ] --START--
INFO: Run Behavior\ContentReplaceBehavior [ RunTime:0.000128s ]
INFO: [ template_filter ] --END-- [ RunTime:0.000178s ]
INFO: Run Behavior\ParseTemplateBehavior [ RunTime:0.010797s ]
INFO: [ view_parse ] --END-- [ RunTime:0.010843s ]
INFO: [ view_filter ] --START--
INFO: Run Behavior\WriteHtmlCacheBehavior [ RunTime:0.000327s ]
INFO: [ view_filter ] --END-- [ RunTime:0.000355s ]
INFO: [ app_end ] --START--
INFO: Run Behavior\ShowPageTraceBehavior [ RunTime:0.000833s ]
INFO: [ app_end ] --END-- [ RunTime:0.001045s ]

[ 2017-05-24T13:38:33+08:00 ] ::1 /Public/Upload/pic/20170426100450.jpg
INFO: [ app_init ] --START--
INFO: Run Behavior\BuildLiteBehavior [ RunTime:0.000011s ]
INFO: [ app_init ] --END-- [ RunTime:0.000326s ]
INFO: [ app_begin ] --START--
INFO: Run Behavior\ReadHtmlCacheBehavior [ RunTime:0.000679s ]
INFO: [ app_begin ] --END-- [ RunTime:0.000729s ]
SQL: SHOW COLUMNS FROM `isq_nav` [ RunTime:0.0083s ]
SQL: SELECT * FROM `isq_nav` WHERE `is_show` = 1 ORDER BY sort asc  [ RunTime:0.0011s ]
NOTIC: [2048] Declaration of Common\Model\ArticleModel::check() should be compatible with Think\Model::check($value, $rule, $type = 'regex') D:\wamp\www\tpcms\Application\Common\Model\ArticleModel.class.php 第 107 行.
SQL: SHOW COLUMNS FROM `isq_article` [ RunTime:0.0028s ]
SQL: UPDATE `isq_article` SET `clicks`=clicks+9 WHERE `article_id` = 2147483647 [ RunTime:0.0002s ]
SQL: UPDATE `isq_article` SET `real_clicks`=real_clicks+1 WHERE `article_id` = 2147483647 [ RunTime:0.0001s ]
SQL: SELECT a.*,c.* FROM isq_article a left join isq_category c on a.cate_id = c.cate_id  WHERE `article_id` = '20170426100450' LIMIT 1   [ RunTime:0.0003s ]
SQL: SELECT `article_id`,`title`,`titleimg`,`newstime`,`url`,`clicks`,`zan` FROM isq_article a left join isq_category c on c.cate_id = a.cate_id  WHERE `status` = 1 AND `newstime` >= '2017-05-19' ORDER BY clicks desc LIMIT 11   [ RunTime:0.0006s ]
SQL: SELECT `article_id`,`titleimg`,`title`,`newstime`,`url`,`clicks`,`zan` FROM isq_article a left join isq_category c on a.cate_id = c.cate_id  WHERE `status` = 1 AND `article_id` <> '20170426100450' AND a.cate_id = null ORDER BY newstime desc LIMIT 6   [ RunTime:0.0006s ]
SQL: SELECT `article_id`,`titleimg`,`title`,`newstime`,`url`,`clicks`,`zan` FROM isq_article a left join isq_category c on a.cate_id = c.cate_id  WHERE `status` = '1' AND a.cate_id = null AND `article_id` <> '20170426100450' ORDER BY newstime desc LIMIT 6   [ RunTime:0.0005s ]
SQL: SELECT `article_id`,`titleimg`,`title`,`newstime`,`url`,`clicks`,`zan` FROM isq_article a left join isq_category c on a.cate_id = c.cate_id  WHERE `status` = '1' AND a.cate_id <> null ORDER BY newstime desc LIMIT 4   [ RunTime:0.0005s ]
INFO: [ view_parse ] --START--
INFO: [ template_filter ] --START--
INFO: Run Behavior\ContentReplaceBehavior [ RunTime:0.000120s ]
INFO: [ template_filter ] --END-- [ RunTime:0.000157s ]
INFO: Run Behavior\ParseTemplateBehavior [ RunTime:0.010852s ]
INFO: [ view_parse ] --END-- [ RunTime:0.010902s ]
INFO: [ view_filter ] --START--
INFO: Run Behavior\WriteHtmlCacheBehavior [ RunTime:0.000278s ]
INFO: [ view_filter ] --END-- [ RunTime:0.000304s ]
INFO: [ app_end ] --START--
INFO: Run Behavior\ShowPageTraceBehavior [ RunTime:0.000500s ]
INFO: [ app_end ] --END-- [ RunTime:0.000551s ]

[ 2017-05-24T13:38:34+08:00 ] ::1 /Public/Upload/pic/20170427030422.jpg
INFO: [ app_init ] --START--
INFO: Run Behavior\BuildLiteBehavior [ RunTime:0.000015s ]
INFO: [ app_init ] --END-- [ RunTime:0.048290s ]
INFO: [ app_begin ] --START--
INFO: Run Behavior\ReadHtmlCacheBehavior [ RunTime:0.000790s ]
INFO: [ app_begin ] --END-- [ RunTime:0.000837s ]
SQL: SHOW COLUMNS FROM `isq_nav` [ RunTime:0.0029s ]
SQL: SELECT * FROM `isq_nav` WHERE `is_show` = 1 ORDER BY sort asc  [ RunTime:0.0013s ]
NOTIC: [2048] Declaration of Common\Model\ArticleModel::check() should be compatible with Think\Model::check($value, $rule, $type = 'regex') D:\wamp\www\tpcms\Application\Common\Model\ArticleModel.class.php 第 107 行.
SQL: SHOW COLUMNS FROM `isq_article` [ RunTime:0.0026s ]
SQL: UPDATE `isq_article` SET `clicks`=clicks+8 WHERE `article_id` = 2147483647 [ RunTime:0.0002s ]
SQL: UPDATE `isq_article` SET `real_clicks`=real_clicks+1 WHERE `article_id` = 2147483647 [ RunTime:0.0002s ]
SQL: SELECT a.*,c.* FROM isq_article a left join isq_category c on a.cate_id = c.cate_id  WHERE `article_id` = '20170427030422' LIMIT 1   [ RunTime:0.0003s ]
SQL: SELECT `article_id`,`title`,`titleimg`,`newstime`,`url`,`clicks`,`zan` FROM isq_article a left join isq_category c on c.cate_id = a.cate_id  WHERE `status` = 1 AND `newstime` >= '2017-05-19' ORDER BY clicks desc LIMIT 11   [ RunTime:0.0006s ]
SQL: SELECT `article_id`,`titleimg`,`title`,`newstime`,`url`,`clicks`,`zan` FROM isq_article a left join isq_category c on a.cate_id = c.cate_id  WHERE `status` = 1 AND `article_id` <> '20170427030422' AND a.cate_id = null ORDER BY newstime desc LIMIT 6   [ RunTime:0.0006s ]
SQL: SELECT `article_id`,`titleimg`,`title`,`newstime`,`url`,`clicks`,`zan` FROM isq_article a left join isq_category c on a.cate_id = c.cate_id  WHERE `status` = '1' AND a.cate_id = null AND `article_id` <> '20170427030422' ORDER BY newstime desc LIMIT 6   [ RunTime:0.0007s ]
SQL: SELECT `article_id`,`titleimg`,`title`,`newstime`,`url`,`clicks`,`zan` FROM isq_article a left join isq_category c on a.cate_id = c.cate_id  WHERE `status` = '1' AND a.cate_id <> null ORDER BY newstime desc LIMIT 4   [ RunTime:0.0005s ]
INFO: [ view_parse ] --START--
INFO: [ template_filter ] --START--
INFO: Run Behavior\ContentReplaceBehavior [ RunTime:0.000306s ]
INFO: [ template_filter ] --END-- [ RunTime:0.000413s ]
INFO: Run Behavior\ParseTemplateBehavior [ RunTime:0.010183s ]
INFO: [ view_parse ] --END-- [ RunTime:0.010246s ]
INFO: [ view_filter ] --START--
INFO: Run Behavior\WriteHtmlCacheBehavior [ RunTime:0.002215s ]
INFO: [ view_filter ] --END-- [ RunTime:0.002381s ]
INFO: [ app_end ] --START--
INFO: Run Behavior\ShowPageTraceBehavior [ RunTime:0.000750s ]
INFO: [ app_end ] --END-- [ RunTime:0.000802s ]

[ 2017-05-24T13:38:34+08:00 ] ::1 /Public/Upload/pic/20170427030433.jpg
INFO: [ app_init ] --START--
INFO: Run Behavior\BuildLiteBehavior [ RunTime:0.000011s ]
INFO: [ app_init ] --END-- [ RunTime:0.001479s ]
INFO: [ app_begin ] --START--
INFO: Run Behavior\ReadHtmlCacheBehavior [ RunTime:0.000419s ]
INFO: [ app_begin ] --END-- [ RunTime:0.000462s ]
SQL: SHOW COLUMNS FROM `isq_nav` [ RunTime:0.0026s ]
SQL: SELECT * FROM `isq_nav` WHERE `is_show` = 1 ORDER BY sort asc  [ RunTime:0.0006s ]
NOTIC: [2048] Declaration of Common\Model\ArticleModel::check() should be compatible with Think\Model::check($value, $rule, $type = 'regex') D:\wamp\www\tpcms\Application\Common\Model\ArticleModel.class.php 第 107 行.
SQL: SHOW COLUMNS FROM `isq_article` [ RunTime:0.0029s ]
SQL: UPDATE `isq_article` SET `clicks`=clicks+3 WHERE `article_id` = 2147483647 [ RunTime:0.0002s ]
SQL: UPDATE `isq_article` SET `real_clicks`=real_clicks+1 WHERE `article_id` = 2147483647 [ RunTime:0.0001s ]
SQL: SELECT a.*,c.* FROM isq_article a left join isq_category c on a.cate_id = c.cate_id  WHERE `article_id` = '20170427030433' LIMIT 1   [ RunTime:0.0003s ]
SQL: SELECT `article_id`,`title`,`titleimg`,`newstime`,`url`,`clicks`,`zan` FROM isq_article a left join isq_category c on c.cate_id = a.cate_id  WHERE `status` = 1 AND `newstime` >= '2017-05-19' ORDER BY clicks desc LIMIT 11   [ RunTime:0.0007s ]
SQL: SELECT `article_id`,`titleimg`,`title`,`newstime`,`url`,`clicks`,`zan` FROM isq_article a left join isq_category c on a.cate_id = c.cate_id  WHERE `status` = 1 AND `article_id` <> '20170427030433' AND a.cate_id = null ORDER BY newstime desc LIMIT 6   [ RunTime:0.0004s ]
SQL: SELECT `article_id`,`titleimg`,`title`,`newstime`,`url`,`clicks`,`zan` FROM isq_article a left join isq_category c on a.cate_id = c.cate_id  WHERE `status` = '1' AND a.cate_id = null AND `article_id` <> '20170427030433' ORDER BY newstime desc LIMIT 6   [ RunTime:0.0004s ]
SQL: SELECT `article_id`,`titleimg`,`title`,`newstime`,`url`,`clicks`,`zan` FROM isq_article a left join isq_category c on a.cate_id = c.cate_id  WHERE `status` = '1' AND a.cate_id <> null ORDER BY newstime desc LIMIT 4   [ RunTime:0.0004s ]
INFO: [ view_parse ] --START--
INFO: [ template_filter ] --START--
INFO: Run Behavior\ContentReplaceBehavior [ RunTime:0.000114s ]
INFO: [ template_filter ] --END-- [ RunTime:0.000152s ]
INFO: Run Behavior\ParseTemplateBehavior [ RunTime:0.013119s ]
INFO: [ view_parse ] --END-- [ RunTime:0.013156s ]
INFO: [ view_filter ] --START--
INFO: Run Behavior\WriteHtmlCacheBehavior [ RunTime:0.000264s ]
INFO: [ view_filter ] --END-- [ RunTime:0.000288s ]
INFO: [ app_end ] --START--
INFO: Run Behavior\ShowPageTraceBehavior [ RunTime:0.000726s ]
INFO: [ app_end ] --END-- [ RunTime:0.000771s ]

[ 2017-05-24T13:38:34+08:00 ] ::1 /Public/Upload/pic/20170426020453.jpg
INFO: [ app_init ] --START--
INFO: Run Behavior\BuildLiteBehavior [ RunTime:0.000010s ]
INFO: [ app_init ] --END-- [ RunTime:0.000314s ]
INFO: [ app_begin ] --START--
INFO: Run Behavior\ReadHtmlCacheBehavior [ RunTime:0.000380s ]
INFO: [ app_begin ] --END-- [ RunTime:0.000419s ]
SQL: SHOW COLUMNS FROM `isq_nav` [ RunTime:0.0047s ]
SQL: SELECT * FROM `isq_nav` WHERE `is_show` = 1 ORDER BY sort asc  [ RunTime:0.0005s ]
NOTIC: [2048] Declaration of Common\Model\ArticleModel::check() should be compatible with Think\Model::check($value, $rule, $type = 'regex') D:\wamp\www\tpcms\Application\Common\Model\ArticleModel.class.php 第 107 行.
SQL: SHOW COLUMNS FROM `isq_article` [ RunTime:0.0028s ]
SQL: UPDATE `isq_article` SET `clicks`=clicks+7 WHERE `article_id` = 2147483647 [ RunTime:0.0002s ]
SQL: UPDATE `isq_article` SET `real_clicks`=real_clicks+1 WHERE `article_id` = 2147483647 [ RunTime:0.0001s ]
SQL: SELECT a.*,c.* FROM isq_article a left join isq_category c on a.cate_id = c.cate_id  WHERE `article_id` = '20170426020453' LIMIT 1   [ RunTime:0.0003s ]
SQL: SELECT `article_id`,`title`,`titleimg`,`newstime`,`url`,`clicks`,`zan` FROM isq_article a left join isq_category c on c.cate_id = a.cate_id  WHERE `status` = 1 AND `newstime` >= '2017-05-19' ORDER BY clicks desc LIMIT 11   [ RunTime:0.0006s ]
SQL: SELECT `article_id`,`titleimg`,`title`,`newstime`,`url`,`clicks`,`zan` FROM isq_article a left join isq_category c on a.cate_id = c.cate_id  WHERE `status` = 1 AND `article_id` <> '20170426020453' AND a.cate_id = null ORDER BY newstime desc LIMIT 6   [ RunTime:0.0005s ]
SQL: SELECT `article_id`,`titleimg`,`title`,`newstime`,`url`,`clicks`,`zan` FROM isq_article a left join isq_category c on a.cate_id = c.cate_id  WHERE `status` = '1' AND a.cate_id = null AND `article_id` <> '20170426020453' ORDER BY newstime desc LIMIT 6   [ RunTime:0.0005s ]
SQL: SELECT `article_id`,`titleimg`,`title`,`newstime`,`url`,`clicks`,`zan` FROM isq_article a left join isq_category c on a.cate_id = c.cate_id  WHERE `status` = '1' AND a.cate_id <> null ORDER BY newstime desc LIMIT 4   [ RunTime:0.0005s ]
INFO: [ view_parse ] --START--
INFO: [ template_filter ] --START--
INFO: Run Behavior\ContentReplaceBehavior [ RunTime:0.000113s ]
INFO: [ template_filter ] --END-- [ RunTime:0.000146s ]
INFO: Run Behavior\ParseTemplateBehavior [ RunTime:0.009456s ]
INFO: [ view_parse ] --END-- [ RunTime:0.009501s ]
INFO: [ view_filter ] --START--
INFO: Run Behavior\WriteHtmlCacheBehavior [ RunTime:0.000288s ]
INFO: [ view_filter ] --END-- [ RunTime:0.000322s ]
INFO: [ app_end ] --START--
INFO: Run Behavior\ShowPageTraceBehavior [ RunTime:0.000627s ]
INFO: [ app_end ] --END-- [ RunTime:0.000684s ]

[ 2017-05-24T13:38:34+08:00 ] ::1 /Public/Upload/pic/20170426020428.jpg
INFO: [ app_init ] --START--
INFO: Run Behavior\BuildLiteBehavior [ RunTime:0.000010s ]
INFO: [ app_init ] --END-- [ RunTime:0.000392s ]
INFO: [ app_begin ] --START--
INFO: Run Behavior\ReadHtmlCacheBehavior [ RunTime:0.000388s ]
INFO: [ app_begin ] --END-- [ RunTime:0.000432s ]
SQL: SHOW COLUMNS FROM `isq_nav` [ RunTime:0.0027s ]
SQL: SELECT * FROM `isq_nav` WHERE `is_show` = 1 ORDER BY sort asc  [ RunTime:0.0004s ]
NOTIC: [2048] Declaration of Common\Model\ArticleModel::check() should be compatible with Think\Model::check($value, $rule, $type = 'regex') D:\wamp\www\tpcms\Application\Common\Model\ArticleModel.class.php 第 107 行.
SQL: SHOW COLUMNS FROM `isq_article` [ RunTime:0.0027s ]
SQL: UPDATE `isq_article` SET `clicks`=clicks+4 WHERE `article_id` = 2147483647 [ RunTime:0.0002s ]
SQL: UPDATE `isq_article` SET `real_clicks`=real_clicks+1 WHERE `article_id` = 2147483647 [ RunTime:0.0001s ]
SQL: SELECT a.*,c.* FROM isq_article a left join isq_category c on a.cate_id = c.cate_id  WHERE `article_id` = '20170426020428' LIMIT 1   [ RunTime:0.0002s ]
SQL: SELECT `article_id`,`title`,`titleimg`,`newstime`,`url`,`clicks`,`zan` FROM isq_article a left join isq_category c on c.cate_id = a.cate_id  WHERE `status` = 1 AND `newstime` >= '2017-05-19' ORDER BY clicks desc LIMIT 11   [ RunTime:0.0004s ]
SQL: SELECT `article_id`,`titleimg`,`title`,`newstime`,`url`,`clicks`,`zan` FROM isq_article a left join isq_category c on a.cate_id = c.cate_id  WHERE `status` = 1 AND `article_id` <> '20170426020428' AND a.cate_id = null ORDER BY newstime desc LIMIT 6   [ RunTime:0.0004s ]
SQL: SELECT `article_id`,`titleimg`,`title`,`newstime`,`url`,`clicks`,`zan` FROM isq_article a left join isq_category c on a.cate_id = c.cate_id  WHERE `status` = '1' AND a.cate_id = null AND `article_id` <> '20170426020428' ORDER BY newstime desc LIMIT 6   [ RunTime:0.0004s ]
SQL: SELECT `article_id`,`titleimg`,`title`,`newstime`,`url`,`clicks`,`zan` FROM isq_article a left join isq_category c on a.cate_id = c.cate_id  WHERE `status` = '1' AND a.cate_id <> null ORDER BY newstime desc LIMIT 4   [ RunTime:0.0004s ]
INFO: [ view_parse ] --START--
INFO: [ template_filter ] --START--
INFO: Run Behavior\ContentReplaceBehavior [ RunTime:0.000114s ]
INFO: [ template_filter ] --END-- [ RunTime:0.000164s ]
INFO: Run Behavior\ParseTemplateBehavior [ RunTime:0.009872s ]
INFO: [ view_parse ] --END-- [ RunTime:0.009912s ]
INFO: [ view_filter ] --START--
INFO: Run Behavior\WriteHtmlCacheBehavior [ RunTime:0.000441s ]
INFO: [ view_filter ] --END-- [ RunTime:0.000493s ]
INFO: [ app_end ] --START--
INFO: Run Behavior\ShowPageTraceBehavior [ RunTime:0.000824s ]
INFO: [ app_end ] --END-- [ RunTime:0.000874s ]

[ 2017-05-24T13:38:34+08:00 ] ::1 /Public/Upload/pic/20170426020416.jpg
INFO: [ app_init ] --START--
INFO: Run Behavior\BuildLiteBehavior [ RunTime:0.000009s ]
INFO: [ app_init ] --END-- [ RunTime:0.000279s ]
INFO: [ app_begin ] --START--
INFO: Run Behavior\ReadHtmlCacheBehavior [ RunTime:0.000363s ]
INFO: [ app_begin ] --END-- [ RunTime:0.000403s ]
SQL: SHOW COLUMNS FROM `isq_nav` [ RunTime:0.0024s ]
SQL: SELECT * FROM `isq_nav` WHERE `is_show` = 1 ORDER BY sort asc  [ RunTime:0.0005s ]
NOTIC: [2048] Declaration of Common\Model\ArticleModel::check() should be compatible with Think\Model::check($value, $rule, $type = 'regex') D:\wamp\www\tpcms\Application\Common\Model\ArticleModel.class.php 第 107 行.
SQL: SHOW COLUMNS FROM `isq_article` [ RunTime:0.0028s ]
SQL: UPDATE `isq_article` SET `clicks`=clicks+9 WHERE `article_id` = 2147483647 [ RunTime:0.0001s ]
SQL: UPDATE `isq_article` SET `real_clicks`=real_clicks+1 WHERE `article_id` = 2147483647 [ RunTime:0.0001s ]
SQL: SELECT a.*,c.* FROM isq_article a left join isq_category c on a.cate_id = c.cate_id  WHERE `article_id` = '20170426020416' LIMIT 1   [ RunTime:0.0002s ]
SQL: SELECT `article_id`,`title`,`titleimg`,`newstime`,`url`,`clicks`,`zan` FROM isq_article a left join isq_category c on c.cate_id = a.cate_id  WHERE `status` = 1 AND `newstime` >= '2017-05-19' ORDER BY clicks desc LIMIT 11   [ RunTime:0.0004s ]
SQL: SELECT `article_id`,`titleimg`,`title`,`newstime`,`url`,`clicks`,`zan` FROM isq_article a left join isq_category c on a.cate_id = c.cate_id  WHERE `status` = 1 AND `article_id` <> '20170426020416' AND a.cate_id = null ORDER BY newstime desc LIMIT 6   [ RunTime:0.0004s ]
SQL: SELECT `article_id`,`titleimg`,`title`,`newstime`,`url`,`clicks`,`zan` FROM isq_article a left join isq_category c on a.cate_id = c.cate_id  WHERE `status` = '1' AND a.cate_id = null AND `article_id` <> '20170426020416' ORDER BY newstime desc LIMIT 6   [ RunTime:0.0004s ]
SQL: SELECT `article_id`,`titleimg`,`title`,`newstime`,`url`,`clicks`,`zan` FROM isq_article a left join isq_category c on a.cate_id = c.cate_id  WHERE `status` = '1' AND a.cate_id <> null ORDER BY newstime desc LIMIT 4   [ RunTime:0.0004s ]
INFO: [ view_parse ] --START--
INFO: [ template_filter ] --START--
INFO: Run Behavior\ContentReplaceBehavior [ RunTime:0.000114s ]
INFO: [ template_filter ] --END-- [ RunTime:0.000150s ]
INFO: Run Behavior\ParseTemplateBehavior [ RunTime:0.009011s ]
INFO: [ view_parse ] --END-- [ RunTime:0.009046s ]
INFO: [ view_filter ] --START--
INFO: Run Behavior\WriteHtmlCacheBehavior [ RunTime:0.000231s ]
INFO: [ view_filter ] --END-- [ RunTime:0.000256s ]
INFO: [ app_end ] --START--
INFO: Run Behavior\ShowPageTraceBehavior [ RunTime:0.000620s ]
INFO: [ app_end ] --END-- [ RunTime:0.000664s ]

[ 2017-05-24T13:38:34+08:00 ] ::1 /Public/Upload/pic/20170425020451.jpg
INFO: [ app_init ] --START--
INFO: Run Behavior\BuildLiteBehavior [ RunTime:0.000010s ]
INFO: [ app_init ] --END-- [ RunTime:0.000347s ]
INFO: [ app_begin ] --START--
INFO: Run Behavior\ReadHtmlCacheBehavior [ RunTime:0.000478s ]
INFO: [ app_begin ] --END-- [ RunTime:0.000525s ]
SQL: SHOW COLUMNS FROM `isq_nav` [ RunTime:0.0028s ]
SQL: SELECT * FROM `isq_nav` WHERE `is_show` = 1 ORDER BY sort asc  [ RunTime:0.0003s ]
NOTIC: [2048] Declaration of Common\Model\ArticleModel::check() should be compatible with Think\Model::check($value, $rule, $type = 'regex') D:\wamp\www\tpcms\Application\Common\Model\ArticleModel.class.php 第 107 行.
SQL: SHOW COLUMNS FROM `isq_article` [ RunTime:0.0028s ]
SQL: UPDATE `isq_article` SET `clicks`=clicks+6 WHERE `article_id` = 2147483647 [ RunTime:0.0002s ]
SQL: UPDATE `isq_article` SET `real_clicks`=real_clicks+1 WHERE `article_id` = 2147483647 [ RunTime:0.0001s ]
SQL: SELECT a.*,c.* FROM isq_article a left join isq_category c on a.cate_id = c.cate_id  WHERE `article_id` = '20170425020451' LIMIT 1   [ RunTime:0.0002s ]
SQL: SELECT `article_id`,`title`,`titleimg`,`newstime`,`url`,`clicks`,`zan` FROM isq_article a left join isq_category c on c.cate_id = a.cate_id  WHERE `status` = 1 AND `newstime` >= '2017-05-19' ORDER BY clicks desc LIMIT 11   [ RunTime:0.0005s ]
SQL: SELECT `article_id`,`titleimg`,`title`,`newstime`,`url`,`clicks`,`zan` FROM isq_article a left join isq_category c on a.cate_id = c.cate_id  WHERE `status` = 1 AND `article_id` <> '20170425020451' AND a.cate_id = null ORDER BY newstime desc LIMIT 6   [ RunTime:0.0005s ]
SQL: SELECT `article_id`,`titleimg`,`title`,`newstime`,`url`,`clicks`,`zan` FROM isq_article a left join isq_category c on a.cate_id = c.cate_id  WHERE `status` = '1' AND a.cate_id = null AND `article_id` <> '20170425020451' ORDER BY newstime desc LIMIT 6   [ RunTime:0.0004s ]
SQL: SELECT `article_id`,`titleimg`,`title`,`newstime`,`url`,`clicks`,`zan` FROM isq_article a left join isq_category c on a.cate_id = c.cate_id  WHERE `status` = '1' AND a.cate_id <> null ORDER BY newstime desc LIMIT 4   [ RunTime:0.0004s ]
INFO: [ view_parse ] --START--
INFO: [ template_filter ] --START--
INFO: Run Behavior\ContentReplaceBehavior [ RunTime:0.000121s ]
INFO: [ template_filter ] --END-- [ RunTime:0.000161s ]
INFO: Run Behavior\ParseTemplateBehavior [ RunTime:0.009772s ]
INFO: [ view_parse ] --END-- [ RunTime:0.009809s ]
INFO: [ view_filter ] --START--
INFO: Run Behavior\WriteHtmlCacheBehavior [ RunTime:0.000289s ]
INFO: [ view_filter ] --END-- [ RunTime:0.000314s ]
INFO: [ app_end ] --START--
INFO: Run Behavior\ShowPageTraceBehavior [ RunTime:0.000709s ]
INFO: [ app_end ] --END-- [ RunTime:0.000752s ]

[ 2017-05-24T13:38:34+08:00 ] ::1 /Public/Upload/pic/20170427010417.jpg
INFO: [ app_init ] --START--
INFO: Run Behavior\BuildLiteBehavior [ RunTime:0.000011s ]
INFO: [ app_init ] --END-- [ RunTime:0.000334s ]
INFO: [ app_begin ] --START--
INFO: Run Behavior\ReadHtmlCacheBehavior [ RunTime:0.000567s ]
INFO: [ app_begin ] --END-- [ RunTime:0.000605s ]
SQL: SHOW COLUMNS FROM `isq_nav` [ RunTime:0.0026s ]
SQL: SELECT * FROM `isq_nav` WHERE `is_show` = 1 ORDER BY sort asc  [ RunTime:0.0002s ]
NOTIC: [2048] Declaration of Common\Model\ArticleModel::check() should be compatible with Think\Model::check($value, $rule, $type = 'regex') D:\wamp\www\tpcms\Application\Common\Model\ArticleModel.class.php 第 107 行.
SQL: SHOW COLUMNS FROM `isq_article` [ RunTime:0.0026s ]
SQL: UPDATE `isq_article` SET `clicks`=clicks+4 WHERE `article_id` = 2147483647 [ RunTime:0.0001s ]
SQL: UPDATE `isq_article` SET `real_clicks`=real_clicks+1 WHERE `article_id` = 2147483647 [ RunTime:0.0001s ]
SQL: SELECT a.*,c.* FROM isq_article a left join isq_category c on a.cate_id = c.cate_id  WHERE `article_id` = '20170427010417' LIMIT 1   [ RunTime:0.0002s ]
SQL: SELECT `article_id`,`title`,`titleimg`,`newstime`,`url`,`clicks`,`zan` FROM isq_article a left join isq_category c on c.cate_id = a.cate_id  WHERE `status` = 1 AND `newstime` >= '2017-05-19' ORDER BY clicks desc LIMIT 11   [ RunTime:0.0004s ]
SQL: SELECT `article_id`,`titleimg`,`title`,`newstime`,`url`,`clicks`,`zan` FROM isq_article a left join isq_category c on a.cate_id = c.cate_id  WHERE `status` = 1 AND `article_id` <> '20170427010417' AND a.cate_id = null ORDER BY newstime desc LIMIT 6   [ RunTime:0.0005s ]
SQL: SELECT `article_id`,`titleimg`,`title`,`newstime`,`url`,`clicks`,`zan` FROM isq_article a left join isq_category c on a.cate_id = c.cate_id  WHERE `status` = '1' AND a.cate_id = null AND `article_id` <> '20170427010417' ORDER BY newstime desc LIMIT 6   [ RunTime:0.0008s ]
SQL: SELECT `article_id`,`titleimg`,`title`,`newstime`,`url`,`clicks`,`zan` FROM isq_article a left join isq_category c on a.cate_id = c.cate_id  WHERE `status` = '1' AND a.cate_id <> null ORDER BY newstime desc LIMIT 4   [ RunTime:0.0006s ]
INFO: [ view_parse ] --START--
INFO: [ template_filter ] --START--
INFO: Run Behavior\ContentReplaceBehavior [ RunTime:0.000115s ]
INFO: [ template_filter ] --END-- [ RunTime:0.000149s ]
INFO: Run Behavior\ParseTemplateBehavior [ RunTime:0.009108s ]
INFO: [ view_parse ] --END-- [ RunTime:0.009144s ]
INFO: [ view_filter ] --START--
INFO: Run Behavior\WriteHtmlCacheBehavior [ RunTime:0.000214s ]
INFO: [ view_filter ] --END-- [ RunTime:0.000238s ]
INFO: [ app_end ] --START--
INFO: Run Behavior\ShowPageTraceBehavior [ RunTime:0.000618s ]
INFO: [ app_end ] --END-- [ RunTime:0.000659s ]

[ 2017-05-24T13:38:34+08:00 ] ::1 /Public/Upload/pic/20170427010421.jpg
INFO: [ app_init ] --START--
INFO: Run Behavior\BuildLiteBehavior [ RunTime:0.000010s ]
INFO: [ app_init ] --END-- [ RunTime:0.000408s ]
INFO: [ app_begin ] --START--
INFO: Run Behavior\ReadHtmlCacheBehavior [ RunTime:0.000368s ]
INFO: [ app_begin ] --END-- [ RunTime:0.000405s ]
SQL: SHOW COLUMNS FROM `isq_nav` [ RunTime:0.0025s ]
SQL: SELECT * FROM `isq_nav` WHERE `is_show` = 1 ORDER BY sort asc  [ RunTime:0.0002s ]
NOTIC: [2048] Declaration of Common\Model\ArticleModel::check() should be compatible with Think\Model::check($value, $rule, $type = 'regex') D:\wamp\www\tpcms\Application\Common\Model\ArticleModel.class.php 第 107 行.
SQL: SHOW COLUMNS FROM `isq_article` [ RunTime:0.0025s ]
SQL: UPDATE `isq_article` SET `clicks`=clicks+4 WHERE `article_id` = 2147483647 [ RunTime:0.0001s ]
SQL: UPDATE `isq_article` SET `real_clicks`=real_clicks+1 WHERE `article_id` = 2147483647 [ RunTime:0.0002s ]
SQL: SELECT a.*,c.* FROM isq_article a left join isq_category c on a.cate_id = c.cate_id  WHERE `article_id` = '20170427010421' LIMIT 1   [ RunTime:0.0002s ]
SQL: SELECT `article_id`,`title`,`titleimg`,`newstime`,`url`,`clicks`,`zan` FROM isq_article a left join isq_category c on c.cate_id = a.cate_id  WHERE `status` = 1 AND `newstime` >= '2017-05-19' ORDER BY clicks desc LIMIT 11   [ RunTime:0.0005s ]
SQL: SELECT `article_id`,`titleimg`,`title`,`newstime`,`url`,`clicks`,`zan` FROM isq_article a left join isq_category c on a.cate_id = c.cate_id  WHERE `status` = 1 AND `article_id` <> '20170427010421' AND a.cate_id = null ORDER BY newstime desc LIMIT 6   [ RunTime:0.0004s ]
SQL: SELECT `article_id`,`titleimg`,`title`,`newstime`,`url`,`clicks`,`zan` FROM isq_article a left join isq_category c on a.cate_id = c.cate_id  WHERE `status` = '1' AND a.cate_id = null AND `article_id` <> '20170427010421' ORDER BY newstime desc LIMIT 6   [ RunTime:0.0004s ]
SQL: SELECT `article_id`,`titleimg`,`title`,`newstime`,`url`,`clicks`,`zan` FROM isq_article a left join isq_category c on a.cate_id = c.cate_id  WHERE `status` = '1' AND a.cate_id <> null ORDER BY newstime desc LIMIT 4   [ RunTime:0.0004s ]
INFO: [ view_parse ] --START--
INFO: [ template_filter ] --START--
INFO: Run Behavior\ContentReplaceBehavior [ RunTime:0.000114s ]
INFO: [ template_filter ] --END-- [ RunTime:0.000149s ]
INFO: Run Behavior\ParseTemplateBehavior [ RunTime:0.009161s ]
INFO: [ view_parse ] --END-- [ RunTime:0.009196s ]
INFO: [ view_filter ] --START--
INFO: Run Behavior\WriteHtmlCacheBehavior [ RunTime:0.000227s ]
INFO: [ view_filter ] --END-- [ RunTime:0.000251s ]
INFO: [ app_end ] --START--
INFO: Run Behavior\ShowPageTraceBehavior [ RunTime:0.000661s ]
INFO: [ app_end ] --END-- [ RunTime:0.000705s ]

