[ 2017-04-16T11:08:06+08:00 ] 127.0.0.1 /index.php/Admin/Login/index.html
INFO: [ app_begin ] --START--
INFO: Run Behavior\ReadHtmlCacheBehavior [ RunTime:0.001000s ]
INFO: [ app_begin ] --END-- [ RunTime:0.001000s ]
SQL: SHOW COLUMNS FROM `tpcms_user` [ RunTime:0.0050s ]
SQL: SELECT * FROM `tpcms_user` WHERE `username` = 'chunming' LIMIT 1   [ RunTime:0.0010s ]

[ 2017-04-16T11:08:21+08:00 ] 127.0.0.1 /index.php/Admin/Login/index.html
INFO: [ app_begin ] --START--
INFO: Run Behavior\ReadHtmlCacheBehavior [ RunTime:0.000000s ]
INFO: [ app_begin ] --END-- [ RunTime:0.002000s ]
SQL: SHOW COLUMNS FROM `tpcms_user` [ RunTime:0.0040s ]
SQL: SELECT * FROM `tpcms_user` WHERE `username` = 'chunming' LIMIT 1   [ RunTime:0.0010s ]
SQL: update tpcms_user set `last_login_time` = '1492312101' ,`last_login_ip` = '2130706433', `login_number` = login_number + 1 where `user_id` = '1' [ RunTime:0.0000s ]

[ 2017-04-16T11:08:24+08:00 ] 127.0.0.1 /index.php/Admin/Article/
ERR: 非法操作:index

[ 2017-04-16T21:10:02+08:00 ] 127.0.0.1 /index.php/Admin/Login/index.html
INFO: [ app_begin ] --START--
INFO: Run Behavior\ReadHtmlCacheBehavior [ RunTime:0.000000s ]
INFO: [ app_begin ] --END-- [ RunTime:0.001000s ]
SQL: SHOW COLUMNS FROM `tpcms_user` [ RunTime:0.0030s ]
SQL: SELECT * FROM `tpcms_user` WHERE `username` = 'chunming' LIMIT 1   [ RunTime:0.0000s ]
SQL: update tpcms_user set `last_login_time` = '1492348202' ,`last_login_ip` = '2130706433', `login_number` = login_number + 1 where `user_id` = '1' [ RunTime:0.0000s ]

[ 2017-04-16T21:10:06+08:00 ] 127.0.0.1 /index.php/Admin/Article/
ERR: 非法操作:index

