[ 2017-05-22T09:57:16+08:00 ] 127.0.0.1 /admin/Tool/collectPublicNumbers
INFO: [ app_init ] --START--
INFO: Run Behavior\BuildLiteBehavior [ RunTime:0.000010s ]
INFO: [ app_init ] --END-- [ RunTime:0.000311s ]
INFO: [ app_begin ] --START--
INFO: Run Behavior\ReadHtmlCacheBehavior [ RunTime:0.000423s ]
INFO: [ app_begin ] --END-- [ RunTime:0.000458s ]
INFO: [ view_parse ] --START--
INFO: [ template_filter ] --START--
INFO: Run Behavior\ContentReplaceBehavior [ RunTime:0.000036s ]
INFO: [ template_filter ] --END-- [ RunTime:0.000074s ]
INFO: Run Behavior\ParseTemplateBehavior [ RunTime:0.004641s ]
INFO: [ view_parse ] --END-- [ RunTime:0.004681s ]
INFO: [ view_filter ] --START--
INFO: Run Behavior\WriteHtmlCacheBehavior [ RunTime:0.000377s ]
INFO: [ view_filter ] --END-- [ RunTime:0.000405s ]

[ 2017-05-22T09:57:18+08:00 ] 127.0.0.1 /Admin/Login/index.html
INFO: [ app_init ] --START--
INFO: Run Behavior\BuildLiteBehavior [ RunTime:0.000016s ]
INFO: [ app_init ] --END-- [ RunTime:0.000957s ]
INFO: [ app_begin ] --START--
INFO: Run Behavior\ReadHtmlCacheBehavior [ RunTime:0.000767s ]
INFO: [ app_begin ] --END-- [ RunTime:0.000833s ]
SQL: SHOW COLUMNS FROM `isq_user` [ RunTime:0.0043s ]
SQL: SELECT * FROM `isq_user` LIMIT 1   [ RunTime:0.0003s ]
SQL: SHOW COLUMNS FROM `isq_role` [ RunTime:0.0041s ]
SQL: SELECT * FROM `isq_role` WHERE `role_id` = 1 LIMIT 1   [ RunTime:0.0002s ]
SQL: SHOW COLUMNS FROM `isq_auth` [ RunTime:0.0051s ]
SQL: SELECT * FROM `isq_auth`  [ RunTime:0.0006s ]
INFO: [ view_parse ] --START--
INFO: [ template_filter ] --START--
INFO: Run Behavior\ContentReplaceBehavior [ RunTime:0.000048s ]
INFO: [ template_filter ] --END-- [ RunTime:0.000084s ]
INFO: Run Behavior\ParseTemplateBehavior [ RunTime:0.004103s ]
INFO: [ view_parse ] --END-- [ RunTime:0.004144s ]
INFO: [ view_filter ] --START--
INFO: Run Behavior\WriteHtmlCacheBehavior [ RunTime:0.000206s ]
INFO: [ view_filter ] --END-- [ RunTime:0.000230s ]
INFO: [ app_end ] --START--
INFO: Run Behavior\ShowPageTraceBehavior [ RunTime:0.000416s ]
INFO: [ app_end ] --END-- [ RunTime:0.000444s ]

[ 2017-05-22T09:57:18+08:00 ] 127.0.0.1 /Admin/Login/verify.html
INFO: [ app_init ] --START--
INFO: Run Behavior\BuildLiteBehavior [ RunTime:0.000011s ]
INFO: [ app_init ] --END-- [ RunTime:0.000425s ]
INFO: [ app_begin ] --START--
INFO: Run Behavior\ReadHtmlCacheBehavior [ RunTime:0.000438s ]
INFO: [ app_begin ] --END-- [ RunTime:0.000482s ]
SQL: SHOW COLUMNS FROM `isq_user` [ RunTime:0.0036s ]
SQL: SELECT * FROM `isq_user` LIMIT 1   [ RunTime:0.0002s ]
SQL: SHOW COLUMNS FROM `isq_role` [ RunTime:0.0025s ]
SQL: SELECT * FROM `isq_role` WHERE `role_id` = 1 LIMIT 1   [ RunTime:0.0002s ]
SQL: SHOW COLUMNS FROM `isq_auth` [ RunTime:0.0029s ]
SQL: SELECT * FROM `isq_auth`  [ RunTime:0.0003s ]
INFO: [ app_end ] --START--
INFO: Run Behavior\ShowPageTraceBehavior [ RunTime:0.000651s ]
INFO: [ app_end ] --END-- [ RunTime:0.000704s ]

[ 2017-05-22T09:57:36+08:00 ] 127.0.0.1 /Admin/Login/index.html
INFO: [ app_init ] --START--
INFO: Run Behavior\BuildLiteBehavior [ RunTime:0.000010s ]
INFO: [ app_init ] --END-- [ RunTime:0.000468s ]
INFO: [ app_begin ] --START--
INFO: Run Behavior\ReadHtmlCacheBehavior [ RunTime:0.000536s ]
INFO: [ app_begin ] --END-- [ RunTime:0.000573s ]
SQL: SHOW COLUMNS FROM `isq_user` [ RunTime:0.0027s ]
SQL: SELECT * FROM `isq_user` LIMIT 1   [ RunTime:0.0003s ]
SQL: SHOW COLUMNS FROM `isq_role` [ RunTime:0.0026s ]
SQL: SELECT * FROM `isq_role` WHERE `role_id` = 1 LIMIT 1   [ RunTime:0.0003s ]
SQL: SHOW COLUMNS FROM `isq_auth` [ RunTime:0.0027s ]
SQL: SELECT * FROM `isq_auth`  [ RunTime:0.0005s ]
SQL: SELECT * FROM `isq_user` WHERE `username` = 'chunming' LIMIT 1   [ RunTime:0.0004s ]
SQL: SELECT * FROM `isq_user` WHERE `user_id` = 1 LIMIT 1   [ RunTime:0.0003s ]
SQL: UPDATE `isq_user` SET `login_times`='28',`last_login_time`='1495418256',`last_login_ip`='2130706433' WHERE `user_id` = 1 [ RunTime:0.0003s ]
INFO: [ view_parse ] --START--
INFO: [ template_filter ] --START--
INFO: Run Behavior\ContentReplaceBehavior [ RunTime:0.000036s ]
INFO: [ template_filter ] --END-- [ RunTime:0.000071s ]
INFO: Run Behavior\ParseTemplateBehavior [ RunTime:0.005019s ]
INFO: [ view_parse ] --END-- [ RunTime:0.005054s ]
INFO: [ view_filter ] --START--
INFO: Run Behavior\WriteHtmlCacheBehavior [ RunTime:0.000435s ]
INFO: [ view_filter ] --END-- [ RunTime:0.000462s ]
INFO: [ app_end ] --START--
INFO: Run Behavior\ShowPageTraceBehavior [ RunTime:0.000554s ]
INFO: [ app_end ] --END-- [ RunTime:0.000581s ]

[ 2017-05-22T09:57:37+08:00 ] 127.0.0.1 /Admin/Index/index.html
INFO: [ app_init ] --START--
INFO: Run Behavior\BuildLiteBehavior [ RunTime:0.000027s ]
INFO: [ app_init ] --END-- [ RunTime:0.000716s ]
INFO: [ app_begin ] --START--
INFO: Run Behavior\ReadHtmlCacheBehavior [ RunTime:0.000657s ]
INFO: [ app_begin ] --END-- [ RunTime:0.000708s ]
SQL: SHOW COLUMNS FROM `isq_user` [ RunTime:0.0039s ]
SQL: SELECT * FROM `isq_user` WHERE `user_id` = 1 LIMIT 1   [ RunTime:0.0003s ]
SQL: SHOW COLUMNS FROM `isq_role` [ RunTime:0.0026s ]
SQL: SELECT * FROM `isq_role` WHERE `role_id` = 1 LIMIT 1   [ RunTime:0.0003s ]
SQL: SHOW COLUMNS FROM `isq_auth` [ RunTime:0.0031s ]
SQL: SELECT * FROM `isq_auth`  [ RunTime:0.0004s ]
NOTIC: [2048] Declaration of Common\Model\ArticleModel::check() should be compatible with Think\Model::check($value, $rule, $type = 'regex') D:\wamp\www\tpcms\Application\Common\Model\ArticleModel.class.php 第 107 行.
SQL: SHOW COLUMNS FROM `isq_article` [ RunTime:0.0027s ]
SQL: SELECT COUNT(*) AS tp_count FROM `isq_article` LIMIT 1   [ RunTime:0.0017s ]
SQL: SELECT COUNT(*) AS tp_count FROM `isq_article` WHERE `status` = 0 LIMIT 1   [ RunTime:0.0006s ]
NOTIC: [8192] mysql_get_server_info(): The mysql extension is deprecated and will be removed in the future: use mysqli or PDO instead D:\wamp\www\tpcms\Application\Admin\Controller\IndexController.class.php 第 24 行.
SQL: SELECT `article_id`,`title`,`cate_name`,`author`,`clicks` FROM isq_article a left join isq_category c on a.cate_id = c.cate_id  WHERE `status` = 1 ORDER BY clicks desc LIMIT 0,10   [ RunTime:0.0007s ]
SQL: SELECT COUNT(*) AS tp_count FROM isq_article a WHERE `status` = 1 LIMIT 1   [ RunTime:0.0005s ]
INFO: [ view_parse ] --START--
INFO: [ template_filter ] --START--
INFO: Run Behavior\ContentReplaceBehavior [ RunTime:0.000120s ]
INFO: [ template_filter ] --END-- [ RunTime:0.000160s ]
INFO: Run Behavior\ParseTemplateBehavior [ RunTime:0.011237s ]
INFO: [ view_parse ] --END-- [ RunTime:0.011278s ]
INFO: [ view_filter ] --START--
INFO: Run Behavior\WriteHtmlCacheBehavior [ RunTime:0.000371s ]
INFO: [ view_filter ] --END-- [ RunTime:0.000398s ]
INFO: [ app_end ] --START--
INFO: Run Behavior\ShowPageTraceBehavior [ RunTime:0.000811s ]
INFO: [ app_end ] --END-- [ RunTime:0.000866s ]

[ 2017-05-22T09:58:06+08:00 ] 127.0.0.1 /Admin/Tool/collectPublicNumbers
INFO: [ app_init ] --START--
INFO: Run Behavior\BuildLiteBehavior [ RunTime:0.000010s ]
INFO: [ app_init ] --END-- [ RunTime:0.000380s ]
INFO: [ app_begin ] --START--
INFO: Run Behavior\ReadHtmlCacheBehavior [ RunTime:0.000507s ]
INFO: [ app_begin ] --END-- [ RunTime:0.000547s ]
SQL: SHOW COLUMNS FROM `isq_user` [ RunTime:0.0029s ]
SQL: SELECT * FROM `isq_user` WHERE `user_id` = 1 LIMIT 1   [ RunTime:0.0002s ]
SQL: SHOW COLUMNS FROM `isq_role` [ RunTime:0.0024s ]
SQL: SELECT * FROM `isq_role` WHERE `role_id` = 1 LIMIT 1   [ RunTime:0.0002s ]
SQL: SHOW COLUMNS FROM `isq_auth` [ RunTime:0.0026s ]
SQL: SELECT * FROM `isq_auth`  [ RunTime:0.0003s ]
INFO: [ view_parse ] --START--
INFO: [ template_filter ] --START--
INFO: Run Behavior\ContentReplaceBehavior [ RunTime:0.000033s ]
INFO: [ template_filter ] --END-- [ RunTime:0.000067s ]
INFO: Run Behavior\ParseTemplateBehavior [ RunTime:0.004257s ]
INFO: [ view_parse ] --END-- [ RunTime:0.004296s ]
INFO: [ view_filter ] --START--
INFO: Run Behavior\WriteHtmlCacheBehavior [ RunTime:0.000352s ]
INFO: [ view_filter ] --END-- [ RunTime:0.000378s ]

[ 2017-05-22T09:59:43+08:00 ] 127.0.0.1 /Admin/Tool/collectPublicNumbers
INFO: [ app_init ] --START--
INFO: Run Behavior\BuildLiteBehavior [ RunTime:0.000010s ]
INFO: [ app_init ] --END-- [ RunTime:0.000362s ]
INFO: [ app_begin ] --START--
INFO: Run Behavior\ReadHtmlCacheBehavior [ RunTime:0.000438s ]
INFO: [ app_begin ] --END-- [ RunTime:0.000474s ]
SQL: SHOW COLUMNS FROM `isq_user` [ RunTime:0.0034s ]
SQL: SELECT * FROM `isq_user` WHERE `user_id` = 1 LIMIT 1   [ RunTime:0.0003s ]
SQL: SHOW COLUMNS FROM `isq_role` [ RunTime:0.0024s ]
SQL: SELECT * FROM `isq_role` WHERE `role_id` = 1 LIMIT 1   [ RunTime:0.0002s ]
SQL: SHOW COLUMNS FROM `isq_auth` [ RunTime:0.0027s ]
SQL: SELECT * FROM `isq_auth`  [ RunTime:0.0003s ]
INFO: [ app_end ] --START--
INFO: Run Behavior\ShowPageTraceBehavior [ RunTime:0.001476s ]
INFO: [ app_end ] --END-- [ RunTime:0.002047s ]

[ 2017-05-22T10:00:34+08:00 ] 127.0.0.1 /Admin/Tool/collectPublicNumbers
INFO: [ app_init ] --START--
INFO: Run Behavior\BuildLiteBehavior [ RunTime:0.000009s ]
INFO: [ app_init ] --END-- [ RunTime:0.000299s ]
INFO: [ app_begin ] --START--
INFO: Run Behavior\ReadHtmlCacheBehavior [ RunTime:0.000591s ]
INFO: [ app_begin ] --END-- [ RunTime:0.000630s ]
SQL: SHOW COLUMNS FROM `isq_user` [ RunTime:0.0027s ]
SQL: SELECT * FROM `isq_user` WHERE `user_id` = 1 LIMIT 1   [ RunTime:0.0003s ]
SQL: SHOW COLUMNS FROM `isq_role` [ RunTime:0.0030s ]
SQL: SELECT * FROM `isq_role` WHERE `role_id` = 1 LIMIT 1   [ RunTime:0.0003s ]
SQL: SHOW COLUMNS FROM `isq_auth` [ RunTime:0.0039s ]
SQL: SELECT * FROM `isq_auth`  [ RunTime:0.0007s ]
INFO: [ app_end ] --START--
INFO: Run Behavior\ShowPageTraceBehavior [ RunTime:0.001013s ]
INFO: [ app_end ] --END-- [ RunTime:0.001070s ]

[ 2017-05-22T10:00:35+08:00 ] 127.0.0.1 /Admin/Tool/collectPublicNumbers
INFO: [ app_init ] --START--
INFO: Run Behavior\BuildLiteBehavior [ RunTime:0.000010s ]
INFO: [ app_init ] --END-- [ RunTime:0.000415s ]
INFO: [ app_begin ] --START--
INFO: Run Behavior\ReadHtmlCacheBehavior [ RunTime:0.000475s ]
INFO: [ app_begin ] --END-- [ RunTime:0.000510s ]
SQL: SHOW COLUMNS FROM `isq_user` [ RunTime:0.0027s ]
SQL: SELECT * FROM `isq_user` WHERE `user_id` = 1 LIMIT 1   [ RunTime:0.0004s ]
SQL: SHOW COLUMNS FROM `isq_role` [ RunTime:0.0044s ]
SQL: SELECT * FROM `isq_role` WHERE `role_id` = 1 LIMIT 1   [ RunTime:0.0002s ]
SQL: SHOW COLUMNS FROM `isq_auth` [ RunTime:0.0031s ]
SQL: SELECT * FROM `isq_auth`  [ RunTime:0.0009s ]
INFO: [ app_end ] --START--
INFO: Run Behavior\ShowPageTraceBehavior [ RunTime:0.000674s ]
INFO: [ app_end ] --END-- [ RunTime:0.000747s ]

[ 2017-05-22T10:05:26+08:00 ] 127.0.0.1 /Admin/Tool/collectPublicNumbers
INFO: [ app_init ] --START--
INFO: Run Behavior\BuildLiteBehavior [ RunTime:0.000014s ]
INFO: [ app_init ] --END-- [ RunTime:0.000510s ]
INFO: [ app_begin ] --START--
INFO: Run Behavior\ReadHtmlCacheBehavior [ RunTime:0.000565s ]
INFO: [ app_begin ] --END-- [ RunTime:0.000616s ]
SQL: SHOW COLUMNS FROM `isq_user` [ RunTime:0.0026s ]
SQL: SELECT * FROM `isq_user` WHERE `user_id` = 1 LIMIT 1   [ RunTime:0.0003s ]
SQL: SHOW COLUMNS FROM `isq_role` [ RunTime:0.0027s ]
SQL: SELECT * FROM `isq_role` WHERE `role_id` = 1 LIMIT 1   [ RunTime:0.0003s ]
SQL: SHOW COLUMNS FROM `isq_auth` [ RunTime:0.0032s ]
SQL: SELECT * FROM `isq_auth`  [ RunTime:0.0003s ]
INFO: [ app_end ] --START--
INFO: Run Behavior\ShowPageTraceBehavior [ RunTime:0.002308s ]
INFO: [ app_end ] --END-- [ RunTime:0.002442s ]

[ 2017-05-22T10:06:37+08:00 ] 127.0.0.1 /Admin/Tool/collectPublicNumbers
INFO: [ app_init ] --START--
INFO: Run Behavior\BuildLiteBehavior [ RunTime:0.000012s ]
INFO: [ app_init ] --END-- [ RunTime:0.000551s ]
INFO: [ app_begin ] --START--
INFO: Run Behavior\ReadHtmlCacheBehavior [ RunTime:0.000880s ]
INFO: [ app_begin ] --END-- [ RunTime:0.000939s ]
SQL: SHOW COLUMNS FROM `isq_user` [ RunTime:0.0030s ]
SQL: SELECT * FROM `isq_user` WHERE `user_id` = 1 LIMIT 1   [ RunTime:0.0003s ]
SQL: SHOW COLUMNS FROM `isq_role` [ RunTime:0.0026s ]
SQL: SELECT * FROM `isq_role` WHERE `role_id` = 1 LIMIT 1   [ RunTime:0.0003s ]
SQL: SHOW COLUMNS FROM `isq_auth` [ RunTime:0.0026s ]
SQL: SELECT * FROM `isq_auth`  [ RunTime:0.0004s ]
INFO: [ app_end ] --START--
INFO: Run Behavior\ShowPageTraceBehavior [ RunTime:0.001697s ]
INFO: [ app_end ] --END-- [ RunTime:0.001842s ]

[ 2017-05-22T10:06:45+08:00 ] 127.0.0.1 /Admin/Tool/collectPublicNumbers
INFO: [ app_init ] --START--
INFO: Run Behavior\BuildLiteBehavior [ RunTime:0.000020s ]
INFO: [ app_init ] --END-- [ RunTime:0.001411s ]
INFO: [ app_begin ] --START--
INFO: Run Behavior\ReadHtmlCacheBehavior [ RunTime:0.000994s ]
INFO: [ app_begin ] --END-- [ RunTime:0.001073s ]
SQL: SHOW COLUMNS FROM `isq_user` [ RunTime:0.0027s ]
SQL: SELECT * FROM `isq_user` WHERE `user_id` = 1 LIMIT 1   [ RunTime:0.0003s ]
SQL: SHOW COLUMNS FROM `isq_role` [ RunTime:0.0026s ]
SQL: SELECT * FROM `isq_role` WHERE `role_id` = 1 LIMIT 1   [ RunTime:0.0003s ]
SQL: SHOW COLUMNS FROM `isq_auth` [ RunTime:0.0027s ]
SQL: SELECT * FROM `isq_auth`  [ RunTime:0.0004s ]
INFO: [ app_end ] --START--
INFO: Run Behavior\ShowPageTraceBehavior [ RunTime:0.002418s ]
INFO: [ app_end ] --END-- [ RunTime:0.002565s ]

[ 2017-05-22T10:06:47+08:00 ] 127.0.0.1 /Admin/Tool/collectPublicNumbers
INFO: [ app_init ] --START--
INFO: Run Behavior\BuildLiteBehavior [ RunTime:0.000025s ]
INFO: [ app_init ] --END-- [ RunTime:0.000575s ]
INFO: [ app_begin ] --START--
INFO: Run Behavior\ReadHtmlCacheBehavior [ RunTime:0.000662s ]
INFO: [ app_begin ] --END-- [ RunTime:0.000720s ]
SQL: SHOW COLUMNS FROM `isq_user` [ RunTime:0.0047s ]
SQL: SELECT * FROM `isq_user` WHERE `user_id` = 1 LIMIT 1   [ RunTime:0.0002s ]
SQL: SHOW COLUMNS FROM `isq_role` [ RunTime:0.0026s ]
SQL: SELECT * FROM `isq_role` WHERE `role_id` = 1 LIMIT 1   [ RunTime:0.0002s ]
SQL: SHOW COLUMNS FROM `isq_auth` [ RunTime:0.0027s ]
SQL: SELECT * FROM `isq_auth`  [ RunTime:0.0003s ]
INFO: [ app_end ] --START--
INFO: Run Behavior\ShowPageTraceBehavior [ RunTime:0.002539s ]
INFO: [ app_end ] --END-- [ RunTime:0.002641s ]

