[ 2017-04-26T14:09:27+08:00 ] 127.0.0.1 /Admin/Article/upload.html
INFO: [ app_begin ] --START--
INFO: Run Behavior\ReadHtmlCacheBehavior [ RunTime:0.000481s ]
INFO: [ app_begin ] --END-- [ RunTime:0.000857s ]
SQL: SHOW COLUMNS FROM `isq_user` [ RunTime:0.0027s ]
SQL: SELECT * FROM `isq_user` WHERE `user_id` = 1 LIMIT 1   [ RunTime:0.0003s ]
SQL: SHOW COLUMNS FROM `isq_role` [ RunTime:0.0027s ]
SQL: SELECT * FROM `isq_role` WHERE `role_id` = 1 LIMIT 1   [ RunTime:0.0003s ]
SQL: SHOW COLUMNS FROM `isq_auth` [ RunTime:0.0029s ]
SQL: SELECT * FROM `isq_auth`  [ RunTime:0.0004s ]

[ 2017-04-26T14:11:17+08:00 ] 127.0.0.1 /Admin/Article/upload.html
INFO: [ app_begin ] --START--
INFO: Run Behavior\ReadHtmlCacheBehavior [ RunTime:0.000370s ]
INFO: [ app_begin ] --END-- [ RunTime:0.000703s ]
SQL: SHOW COLUMNS FROM `isq_user` [ RunTime:0.0029s ]
SQL: SELECT * FROM `isq_user` WHERE `user_id` = 1 LIMIT 1   [ RunTime:0.0017s ]
SQL: SHOW COLUMNS FROM `isq_role` [ RunTime:0.0027s ]
SQL: SELECT * FROM `isq_role` WHERE `role_id` = 1 LIMIT 1   [ RunTime:0.0003s ]
SQL: SHOW COLUMNS FROM `isq_auth` [ RunTime:0.0029s ]
SQL: SELECT * FROM `isq_auth`  [ RunTime:0.0003s ]

[ 2017-04-26T14:13:31+08:00 ] 127.0.0.1 /Admin/Article/upload.html
INFO: [ app_begin ] --START--
INFO: Run Behavior\ReadHtmlCacheBehavior [ RunTime:0.000562s ]
INFO: [ app_begin ] --END-- [ RunTime:0.000947s ]
SQL: SHOW COLUMNS FROM `isq_user` [ RunTime:0.0042s ]
SQL: SELECT * FROM `isq_user` WHERE `user_id` = 1 LIMIT 1   [ RunTime:0.0003s ]
SQL: SHOW COLUMNS FROM `isq_role` [ RunTime:0.0035s ]
SQL: SELECT * FROM `isq_role` WHERE `role_id` = 1 LIMIT 1   [ RunTime:0.0003s ]
SQL: SHOW COLUMNS FROM `isq_auth` [ RunTime:0.0029s ]
SQL: SELECT * FROM `isq_auth`  [ RunTime:0.0004s ]

