[ 2017-04-11T09:19:49+08:00 ] 127.0.0.1 /admin
INFO: [ app_init ] --START--
INFO: Run Behavior\BuildLiteBehavior [ RunTime:0.000010s ]
INFO: [ app_init ] --END-- [ RunTime:0.000403s ]
INFO: [ app_begin ] --START--
INFO: Run Behavior\ReadHtmlCacheBehavior [ RunTime:0.000457s ]
INFO: [ app_begin ] --END-- [ RunTime:0.000493s ]
INFO: [ view_parse ] --START--
INFO: [ template_filter ] --START--
INFO: Run Behavior\ContentReplaceBehavior [ RunTime:0.000556s ]
INFO: [ template_filter ] --END-- [ RunTime:0.000605s ]
INFO: Run Behavior\ParseTemplateBehavior [ RunTime:0.005776s ]
INFO: [ view_parse ] --END-- [ RunTime:0.005816s ]
INFO: [ view_filter ] --START--
INFO: Run Behavior\WriteHtmlCacheBehavior [ RunTime:0.000218s ]
INFO: [ view_filter ] --END-- [ RunTime:0.000242s ]
INFO: [ app_end ] --START--
INFO: Run Behavior\ShowPageTraceBehavior [ RunTime:0.000340s ]
INFO: [ app_end ] --END-- [ RunTime:0.000367s ]

[ 2017-04-11T09:19:49+08:00 ] 127.0.0.1 /index.php/Admin/Index/head.html
INFO: [ app_init ] --START--
INFO: Run Behavior\BuildLiteBehavior [ RunTime:0.000010s ]
INFO: [ app_init ] --END-- [ RunTime:0.000298s ]
INFO: [ app_begin ] --START--
INFO: Run Behavior\ReadHtmlCacheBehavior [ RunTime:0.000392s ]
INFO: [ app_begin ] --END-- [ RunTime:0.000441s ]
INFO: [ view_parse ] --START--
INFO: [ template_filter ] --START--
INFO: Run Behavior\ContentReplaceBehavior [ RunTime:0.000036s ]
INFO: [ template_filter ] --END-- [ RunTime:0.000073s ]
INFO: Run Behavior\ParseTemplateBehavior [ RunTime:0.019258s ]
INFO: [ view_parse ] --END-- [ RunTime:0.019303s ]
INFO: [ view_filter ] --START--
INFO: Run Behavior\WriteHtmlCacheBehavior [ RunTime:0.001104s ]
INFO: [ view_filter ] --END-- [ RunTime:0.001147s ]
INFO: [ app_end ] --START--
INFO: Run Behavior\ShowPageTraceBehavior [ RunTime:0.001503s ]
INFO: [ app_end ] --END-- [ RunTime:0.001542s ]

[ 2017-04-11T09:19:49+08:00 ] 127.0.0.1 /index.php/Admin/Index/left.html
INFO: [ app_init ] --START--
INFO: Run Behavior\BuildLiteBehavior [ RunTime:0.000011s ]
INFO: [ app_init ] --END-- [ RunTime:0.000405s ]
INFO: [ app_begin ] --START--
INFO: Run Behavior\ReadHtmlCacheBehavior [ RunTime:0.000469s ]
INFO: [ app_begin ] --END-- [ RunTime:0.000519s ]
INFO: [ view_parse ] --START--
INFO: [ template_filter ] --START--
INFO: Run Behavior\ContentReplaceBehavior [ RunTime:0.000048s ]
INFO: [ template_filter ] --END-- [ RunTime:0.000087s ]
INFO: Run Behavior\ParseTemplateBehavior [ RunTime:0.004579s ]
INFO: [ view_parse ] --END-- [ RunTime:0.004620s ]
INFO: [ view_filter ] --START--
INFO: Run Behavior\WriteHtmlCacheBehavior [ RunTime:0.000489s ]
INFO: [ view_filter ] --END-- [ RunTime:0.000525s ]
INFO: [ app_end ] --START--
INFO: Run Behavior\ShowPageTraceBehavior [ RunTime:0.000587s ]
INFO: [ app_end ] --END-- [ RunTime:0.000638s ]

[ 2017-04-11T09:19:49+08:00 ] 127.0.0.1 /index.php/Admin/Index/main.html
INFO: [ app_init ] --START--
INFO: Run Behavior\BuildLiteBehavior [ RunTime:0.000009s ]
INFO: [ app_init ] --END-- [ RunTime:0.000299s ]
INFO: [ app_begin ] --START--
INFO: Run Behavior\ReadHtmlCacheBehavior [ RunTime:0.000563s ]
INFO: [ app_begin ] --END-- [ RunTime:0.000609s ]
INFO: [ view_parse ] --START--
INFO: [ template_filter ] --START--
INFO: Run Behavior\ContentReplaceBehavior [ RunTime:0.000063s ]
INFO: [ template_filter ] --END-- [ RunTime:0.000285s ]
INFO: Run Behavior\ParseTemplateBehavior [ RunTime:0.007790s ]
INFO: [ view_parse ] --END-- [ RunTime:0.007838s ]
INFO: [ view_filter ] --START--
INFO: Run Behavior\WriteHtmlCacheBehavior [ RunTime:0.000843s ]
INFO: [ view_filter ] --END-- [ RunTime:0.000950s ]
INFO: [ app_end ] --START--
INFO: Run Behavior\ShowPageTraceBehavior [ RunTime:0.000642s ]
INFO: [ app_end ] --END-- [ RunTime:0.000685s ]

[ 2017-04-11T09:19:53+08:00 ] 127.0.0.1 /index.php/Admin/Article/listing.html
INFO: [ app_init ] --START--
INFO: Run Behavior\BuildLiteBehavior [ RunTime:0.000009s ]
INFO: [ app_init ] --END-- [ RunTime:0.000403s ]
INFO: [ app_begin ] --START--
INFO: Run Behavior\ReadHtmlCacheBehavior [ RunTime:0.000451s ]
INFO: [ app_begin ] --END-- [ RunTime:0.000487s ]
SQL: SHOW COLUMNS FROM `tpcms_article` [ RunTime:0.0094s ]
SQL: SELECT `article_id`,`cate_id`,`title`,`newstime` FROM `tpcms_article` WHERE `status` = 1  [ RunTime:0.0018s ]
SQL: SHOW COLUMNS FROM `tpcms_category` [ RunTime:0.0042s ]
SQL: SELECT * FROM `tpcms_category` WHERE ( 1=1 AND cate_id='2' ) LIMIT 1   [ RunTime:0.0005s ]
SQL: SELECT * FROM `tpcms_category` WHERE ( 1=1 AND cate_id='2' ) LIMIT 1   [ RunTime:0.0002s ]
SQL: SELECT * FROM `tpcms_category` WHERE ( 1=1 AND cate_id='2' ) LIMIT 1   [ RunTime:0.0001s ]
SQL: SELECT * FROM `tpcms_category` WHERE ( 1=1 AND cate_id='2' ) LIMIT 1   [ RunTime:0.0001s ]
SQL: SELECT * FROM `tpcms_category` WHERE ( 1=1 AND cate_id='2' ) LIMIT 1   [ RunTime:0.0001s ]
SQL: SELECT * FROM `tpcms_category` WHERE ( 1=1 AND cate_id='2' ) LIMIT 1   [ RunTime:0.0002s ]
SQL: SELECT * FROM `tpcms_category` WHERE ( 1=1 AND cate_id='2' ) LIMIT 1   [ RunTime:0.0002s ]
SQL: SELECT * FROM `tpcms_category` WHERE ( 1=1 AND cate_id='2' ) LIMIT 1   [ RunTime:0.0001s ]
SQL: SELECT * FROM `tpcms_category` WHERE ( 1=1 AND cate_id='2' ) LIMIT 1   [ RunTime:0.0001s ]
SQL: SELECT * FROM `tpcms_category` WHERE ( 1=1 AND cate_id='2' ) LIMIT 1   [ RunTime:0.0001s ]
SQL: SELECT * FROM `tpcms_category` WHERE ( 1=1 AND cate_id='5' ) LIMIT 1   [ RunTime:0.0001s ]
SQL: SELECT * FROM `tpcms_category` WHERE ( 1=1 AND cate_id='5' ) LIMIT 1   [ RunTime:0.0001s ]
SQL: SELECT * FROM `tpcms_category` WHERE ( 1=1 AND cate_id='5' ) LIMIT 1   [ RunTime:0.0001s ]
SQL: SELECT * FROM `tpcms_category` WHERE ( 1=1 AND cate_id='5' ) LIMIT 1   [ RunTime:0.0003s ]
SQL: SELECT * FROM `tpcms_category` WHERE ( 1=1 AND cate_id='5' ) LIMIT 1   [ RunTime:0.0002s ]
SQL: SELECT * FROM `tpcms_category` WHERE ( 1=1 AND cate_id='5' ) LIMIT 1   [ RunTime:0.0002s ]
SQL: SELECT * FROM `tpcms_category` WHERE ( 1=1 AND cate_id='3' ) LIMIT 1   [ RunTime:0.0004s ]
SQL: SELECT * FROM `tpcms_category` WHERE ( 1=1 AND cate_id='4' ) LIMIT 1   [ RunTime:0.0002s ]
SQL: SELECT * FROM `tpcms_category` WHERE ( 1=1 AND cate_id='4' ) LIMIT 1   [ RunTime:0.0002s ]
INFO: [ view_parse ] --START--
INFO: [ template_filter ] --START--
INFO: Run Behavior\ContentReplaceBehavior [ RunTime:0.000048s ]
INFO: [ template_filter ] --END-- [ RunTime:0.000084s ]
INFO: Run Behavior\ParseTemplateBehavior [ RunTime:0.009228s ]
INFO: [ view_parse ] --END-- [ RunTime:0.009271s ]
INFO: [ view_filter ] --START--
INFO: Run Behavior\WriteHtmlCacheBehavior [ RunTime:0.000363s ]
INFO: [ view_filter ] --END-- [ RunTime:0.000393s ]
INFO: [ app_end ] --START--
INFO: Run Behavior\ShowPageTraceBehavior [ RunTime:0.001432s ]
INFO: [ app_end ] --END-- [ RunTime:0.001607s ]

[ 2017-04-11T09:20:05+08:00 ] 127.0.0.1 /index.php/Admin/Article/recycleBin/article_id/2.html
INFO: [ app_init ] --START--
INFO: Run Behavior\BuildLiteBehavior [ RunTime:0.000016s ]
INFO: [ app_init ] --END-- [ RunTime:0.000407s ]
INFO: [ app_begin ] --START--
INFO: Run Behavior\ReadHtmlCacheBehavior [ RunTime:0.000524s ]
INFO: [ app_begin ] --END-- [ RunTime:0.000565s ]
SQL: SHOW COLUMNS FROM `tpcms_article` [ RunTime:0.0027s ]
ERR: 1064:Erreur de syntaxe près de '0='status',1='0' WHERE `article_id` IN ('2')' à la ligne 1
 [ SQL语句 ] : UPDATE `tpcms_article` SET 0='status',1='0' WHERE `article_id` IN ('2')
ERR: 1064:Erreur de syntaxe près de '0='status',1='0' WHERE `article_id` IN ('2')' à la ligne 1
 [ SQL语句 ] : UPDATE `tpcms_article` SET 0='status',1='0' WHERE `article_id` IN ('2')

[ 2017-04-11T09:21:12+08:00 ] 127.0.0.1 /index.php/Admin/Category/listing.html
INFO: [ app_init ] --START--
INFO: Run Behavior\BuildLiteBehavior [ RunTime:0.000010s ]
INFO: [ app_init ] --END-- [ RunTime:0.000404s ]
INFO: [ app_begin ] --START--
INFO: Run Behavior\ReadHtmlCacheBehavior [ RunTime:0.000837s ]
INFO: [ app_begin ] --END-- [ RunTime:0.000899s ]
SQL: SHOW COLUMNS FROM `tpcms_category` [ RunTime:0.0024s ]
SQL: SELECT * FROM `tpcms_category`  [ RunTime:0.0003s ]
INFO: [ view_parse ] --START--
INFO: [ template_filter ] --START--
INFO: Run Behavior\ContentReplaceBehavior [ RunTime:0.000047s ]
INFO: [ template_filter ] --END-- [ RunTime:0.000110s ]
INFO: Run Behavior\ParseTemplateBehavior [ RunTime:0.005406s ]
INFO: [ view_parse ] --END-- [ RunTime:0.005490s ]
INFO: [ view_filter ] --START--
INFO: Run Behavior\WriteHtmlCacheBehavior [ RunTime:0.000392s ]
INFO: [ view_filter ] --END-- [ RunTime:0.000449s ]
INFO: [ app_end ] --START--
INFO: Run Behavior\ShowPageTraceBehavior [ RunTime:0.000477s ]
INFO: [ app_end ] --END-- [ RunTime:0.000507s ]

[ 2017-04-11T09:21:12+08:00 ] 127.0.0.1 /index.php/Admin/Article/listing.html
INFO: [ app_init ] --START--
INFO: Run Behavior\BuildLiteBehavior [ RunTime:0.000009s ]
INFO: [ app_init ] --END-- [ RunTime:0.000442s ]
INFO: [ app_begin ] --START--
INFO: Run Behavior\ReadHtmlCacheBehavior [ RunTime:0.000501s ]
INFO: [ app_begin ] --END-- [ RunTime:0.000537s ]
SQL: SHOW COLUMNS FROM `tpcms_article` [ RunTime:0.0025s ]
SQL: SELECT `article_id`,`cate_id`,`title`,`newstime` FROM `tpcms_article` WHERE `status` = 1  [ RunTime:0.0004s ]
SQL: SHOW COLUMNS FROM `tpcms_category` [ RunTime:0.0034s ]
SQL: SELECT * FROM `tpcms_category` WHERE ( 1=1 AND cate_id='2' ) LIMIT 1   [ RunTime:0.0003s ]
SQL: SELECT * FROM `tpcms_category` WHERE ( 1=1 AND cate_id='2' ) LIMIT 1   [ RunTime:0.0003s ]
SQL: SELECT * FROM `tpcms_category` WHERE ( 1=1 AND cate_id='2' ) LIMIT 1   [ RunTime:0.0002s ]
SQL: SELECT * FROM `tpcms_category` WHERE ( 1=1 AND cate_id='2' ) LIMIT 1   [ RunTime:0.0003s ]
SQL: SELECT * FROM `tpcms_category` WHERE ( 1=1 AND cate_id='2' ) LIMIT 1   [ RunTime:0.0003s ]
SQL: SELECT * FROM `tpcms_category` WHERE ( 1=1 AND cate_id='2' ) LIMIT 1   [ RunTime:0.0003s ]
SQL: SELECT * FROM `tpcms_category` WHERE ( 1=1 AND cate_id='2' ) LIMIT 1   [ RunTime:0.0002s ]
SQL: SELECT * FROM `tpcms_category` WHERE ( 1=1 AND cate_id='2' ) LIMIT 1   [ RunTime:0.0003s ]
SQL: SELECT * FROM `tpcms_category` WHERE ( 1=1 AND cate_id='2' ) LIMIT 1   [ RunTime:0.0003s ]
SQL: SELECT * FROM `tpcms_category` WHERE ( 1=1 AND cate_id='2' ) LIMIT 1   [ RunTime:0.0003s ]
SQL: SELECT * FROM `tpcms_category` WHERE ( 1=1 AND cate_id='5' ) LIMIT 1   [ RunTime:0.0002s ]
SQL: SELECT * FROM `tpcms_category` WHERE ( 1=1 AND cate_id='5' ) LIMIT 1   [ RunTime:0.0003s ]
SQL: SELECT * FROM `tpcms_category` WHERE ( 1=1 AND cate_id='5' ) LIMIT 1   [ RunTime:0.0003s ]
SQL: SELECT * FROM `tpcms_category` WHERE ( 1=1 AND cate_id='5' ) LIMIT 1   [ RunTime:0.0003s ]
SQL: SELECT * FROM `tpcms_category` WHERE ( 1=1 AND cate_id='5' ) LIMIT 1   [ RunTime:0.0002s ]
SQL: SELECT * FROM `tpcms_category` WHERE ( 1=1 AND cate_id='5' ) LIMIT 1   [ RunTime:0.0003s ]
SQL: SELECT * FROM `tpcms_category` WHERE ( 1=1 AND cate_id='3' ) LIMIT 1   [ RunTime:0.0003s ]
SQL: SELECT * FROM `tpcms_category` WHERE ( 1=1 AND cate_id='4' ) LIMIT 1   [ RunTime:0.0003s ]
SQL: SELECT * FROM `tpcms_category` WHERE ( 1=1 AND cate_id='4' ) LIMIT 1   [ RunTime:0.0002s ]
INFO: [ view_parse ] --START--
INFO: [ template_filter ] --START--
INFO: Run Behavior\ContentReplaceBehavior [ RunTime:0.000051s ]
INFO: [ template_filter ] --END-- [ RunTime:0.000095s ]
INFO: Run Behavior\ParseTemplateBehavior [ RunTime:0.005720s ]
INFO: [ view_parse ] --END-- [ RunTime:0.005792s ]
INFO: [ view_filter ] --START--
INFO: Run Behavior\WriteHtmlCacheBehavior [ RunTime:0.000376s ]
INFO: [ view_filter ] --END-- [ RunTime:0.000404s ]
INFO: [ app_end ] --START--
INFO: Run Behavior\ShowPageTraceBehavior [ RunTime:0.000978s ]
INFO: [ app_end ] --END-- [ RunTime:0.001028s ]

[ 2017-04-11T09:21:14+08:00 ] 127.0.0.1 /index.php/Admin/Article/recycleBin/article_id/1.html
INFO: [ app_init ] --START--
INFO: Run Behavior\BuildLiteBehavior [ RunTime:0.000010s ]
INFO: [ app_init ] --END-- [ RunTime:0.000405s ]
INFO: [ app_begin ] --START--
INFO: Run Behavior\ReadHtmlCacheBehavior [ RunTime:0.000483s ]
INFO: [ app_begin ] --END-- [ RunTime:0.000518s ]
SQL: SHOW COLUMNS FROM `tpcms_article` [ RunTime:0.0030s ]
SQL: UPDATE `tpcms_article` SET `status`='0' WHERE `article_id` IN ('1') [ RunTime:0.0014s ]
INFO: [ view_parse ] --START--
INFO: [ template_filter ] --START--
INFO: Run Behavior\ContentReplaceBehavior [ RunTime:0.000035s ]
INFO: [ template_filter ] --END-- [ RunTime:0.000072s ]
INFO: Run Behavior\ParseTemplateBehavior [ RunTime:0.004199s ]
INFO: [ view_parse ] --END-- [ RunTime:0.004236s ]
INFO: [ view_filter ] --START--
INFO: Run Behavior\WriteHtmlCacheBehavior [ RunTime:0.000331s ]
INFO: [ view_filter ] --END-- [ RunTime:0.000420s ]
INFO: [ app_end ] --START--
INFO: Run Behavior\ShowPageTraceBehavior [ RunTime:0.000529s ]
INFO: [ app_end ] --END-- [ RunTime:0.000566s ]

[ 2017-04-11T09:21:16+08:00 ] 127.0.0.1 /index.php/Admin/Article/listing.html
INFO: [ app_init ] --START--
INFO: Run Behavior\BuildLiteBehavior [ RunTime:0.000012s ]
INFO: [ app_init ] --END-- [ RunTime:0.000372s ]
INFO: [ app_begin ] --START--
INFO: Run Behavior\ReadHtmlCacheBehavior [ RunTime:0.000500s ]
INFO: [ app_begin ] --END-- [ RunTime:0.000553s ]
SQL: SHOW COLUMNS FROM `tpcms_article` [ RunTime:0.0046s ]
SQL: SELECT `article_id`,`cate_id`,`title`,`newstime` FROM `tpcms_article` WHERE `status` = 1  [ RunTime:0.0003s ]
SQL: SHOW COLUMNS FROM `tpcms_category` [ RunTime:0.0027s ]
SQL: SELECT * FROM `tpcms_category` WHERE ( 1=1 AND cate_id='2' ) LIMIT 1   [ RunTime:0.0003s ]
SQL: SELECT * FROM `tpcms_category` WHERE ( 1=1 AND cate_id='2' ) LIMIT 1   [ RunTime:0.0002s ]
SQL: SELECT * FROM `tpcms_category` WHERE ( 1=1 AND cate_id='2' ) LIMIT 1   [ RunTime:0.0002s ]
SQL: SELECT * FROM `tpcms_category` WHERE ( 1=1 AND cate_id='2' ) LIMIT 1   [ RunTime:0.0001s ]
SQL: SELECT * FROM `tpcms_category` WHERE ( 1=1 AND cate_id='2' ) LIMIT 1   [ RunTime:0.0003s ]
SQL: SELECT * FROM `tpcms_category` WHERE ( 1=1 AND cate_id='2' ) LIMIT 1   [ RunTime:0.0003s ]
SQL: SELECT * FROM `tpcms_category` WHERE ( 1=1 AND cate_id='2' ) LIMIT 1   [ RunTime:0.0003s ]
SQL: SELECT * FROM `tpcms_category` WHERE ( 1=1 AND cate_id='2' ) LIMIT 1   [ RunTime:0.0002s ]
SQL: SELECT * FROM `tpcms_category` WHERE ( 1=1 AND cate_id='2' ) LIMIT 1   [ RunTime:0.0003s ]
SQL: SELECT * FROM `tpcms_category` WHERE ( 1=1 AND cate_id='5' ) LIMIT 1   [ RunTime:0.0003s ]
SQL: SELECT * FROM `tpcms_category` WHERE ( 1=1 AND cate_id='5' ) LIMIT 1   [ RunTime:0.0003s ]
SQL: SELECT * FROM `tpcms_category` WHERE ( 1=1 AND cate_id='5' ) LIMIT 1   [ RunTime:0.0003s ]
SQL: SELECT * FROM `tpcms_category` WHERE ( 1=1 AND cate_id='5' ) LIMIT 1   [ RunTime:0.0003s ]
SQL: SELECT * FROM `tpcms_category` WHERE ( 1=1 AND cate_id='5' ) LIMIT 1   [ RunTime:0.0004s ]
SQL: SELECT * FROM `tpcms_category` WHERE ( 1=1 AND cate_id='5' ) LIMIT 1   [ RunTime:0.0008s ]
SQL: SELECT * FROM `tpcms_category` WHERE ( 1=1 AND cate_id='3' ) LIMIT 1   [ RunTime:0.0007s ]
SQL: SELECT * FROM `tpcms_category` WHERE ( 1=1 AND cate_id='4' ) LIMIT 1   [ RunTime:0.0002s ]
SQL: SELECT * FROM `tpcms_category` WHERE ( 1=1 AND cate_id='4' ) LIMIT 1   [ RunTime:0.0002s ]
INFO: [ view_parse ] --START--
INFO: [ template_filter ] --START--
INFO: Run Behavior\ContentReplaceBehavior [ RunTime:0.000049s ]
INFO: [ template_filter ] --END-- [ RunTime:0.000084s ]
INFO: Run Behavior\ParseTemplateBehavior [ RunTime:0.005737s ]
INFO: [ view_parse ] --END-- [ RunTime:0.005787s ]
INFO: [ view_filter ] --START--
INFO: Run Behavior\WriteHtmlCacheBehavior [ RunTime:0.000338s ]
INFO: [ view_filter ] --END-- [ RunTime:0.000366s ]
INFO: [ app_end ] --START--
INFO: Run Behavior\ShowPageTraceBehavior [ RunTime:0.000650s ]
INFO: [ app_end ] --END-- [ RunTime:0.000693s ]

